-- Catapult Ultra Synthesis: Report                                              
-- ------------------------- ---------------------------------------------------
-- Version:                  10.4/828904 Production Release                      
-- Build Date:               Thu Jul 25 13:12:11 PDT 2019                        
                                                                                 
-- Generated by:             mdk@mdk-FX504                                       
-- Generated date:           Sun Oct 13 12:33:09 PDT 2019                        

Solution Settings: histogram_hls.v1
  Current state: schedule
  Project: histogram_hls
  
  Design Input Files Specified
    $PROJECT_HOME/histogram_main.cpp
      $PROJECT_HOME/histogram.h
        $MGC_HOME/shared/include/ac_int.h
        $MGC_HOME/shared/include/ac_channel.h
        $PROJECT_HOME/params.h
    $PROJECT_HOME/histogram_hls.cpp
      $PROJECT_HOME/params.h
      $PROJECT_HOME/histogram.h
        $MGC_HOME/shared/include/ac_int.h
        $MGC_HOME/shared/include/ac_channel.h
    $PROJECT_HOME/histogram_tb.cpp
  
  Processes/Blocks in Design
    Process             Real Operation(s) count Latency Throughput Reset Length II Comments 
    ------------------- ----------------------- ------- ---------- ------------ -- --------
    /histogram_hls/core                      81   12031      12547            1  0          
    Design Total:                            81   12031      12547            1  0          
    
  Clock Information
    Clock Signal Edge   Period Sharing Alloc (%) Uncertainty Used by Processes/Blocks 
    ------------ ------ ------ ----------------- ----------- ------------------------
    clk          rising 10.000             20.00    0.000000 /histogram_hls/core      
    
  I/O Data Ranges
    Port                       Mode DeclType DeclWidth DeclRange ActType ActWidth ActRange 
    -------------------------- ---- -------- --------- --------- ------- -------- --------
    clk                        IN   Unsigned         1                                     
    rst                        IN   Unsigned         1                                     
    data_in:rsc.s_tdone        IN   Unsigned         1                                     
    data_in:rsc.tr_write_done  IN   Unsigned         1                                     
    data_in:rsc.RREADY         IN   Unsigned         1                                     
    data_in:rsc.ARVALID        IN   Unsigned         1                                     
    data_in:rsc.ARUSER         IN   Unsigned         1                                     
    data_in:rsc.ARREGION       IN   Unsigned         4                                     
    data_in:rsc.ARQOS          IN   Unsigned         4                                     
    data_in:rsc.ARPROT         IN   Unsigned         3                                     
    data_in:rsc.ARCACHE        IN   Unsigned         4                                     
    data_in:rsc.ARLOCK         IN   Unsigned         1                                     
    data_in:rsc.ARBURST        IN   Unsigned         2                                     
    data_in:rsc.ARSIZE         IN   Unsigned         3                                     
    data_in:rsc.ARLEN          IN   Unsigned         8                                     
    data_in:rsc.ARADDR         IN   Unsigned        13                                     
    data_in:rsc.ARID           IN   Unsigned         1                                     
    data_in:rsc.BREADY         IN   Unsigned         1                                     
    data_in:rsc.WVALID         IN   Unsigned         1                                     
    data_in:rsc.WUSER          IN   Unsigned         1                                     
    data_in:rsc.WLAST          IN   Unsigned         1                                     
    data_in:rsc.WSTRB          IN   Unsigned         2                                     
    data_in:rsc.WDATA          IN   Unsigned        16                                     
    data_in:rsc.AWVALID        IN   Unsigned         1                                     
    data_in:rsc.AWUSER         IN   Unsigned         1                                     
    data_in:rsc.AWREGION       IN   Unsigned         4                                     
    data_in:rsc.AWQOS          IN   Unsigned         4                                     
    data_in:rsc.AWPROT         IN   Unsigned         3                                     
    data_in:rsc.AWCACHE        IN   Unsigned         4                                     
    data_in:rsc.AWLOCK         IN   Unsigned         1                                     
    data_in:rsc.AWBURST        IN   Unsigned         2                                     
    data_in:rsc.AWSIZE         IN   Unsigned         3                                     
    data_in:rsc.AWLEN          IN   Unsigned         8                                     
    data_in:rsc.AWADDR         IN   Unsigned        13                                     
    data_in:rsc.AWID           IN   Unsigned         1                                     
    data_in:rsc:req.vz         IN   Unsigned         1                                     
    hist_out:rsc.s_tdone       IN   Unsigned         1                                     
    hist_out:rsc.tr_write_done IN   Unsigned         1                                     
    hist_out:rsc.RREADY        IN   Unsigned         1                                     
    hist_out:rsc.ARVALID       IN   Unsigned         1                                     
    hist_out:rsc.ARUSER        IN   Unsigned         1                                     
    hist_out:rsc.ARREGION      IN   Unsigned         4                                     
    hist_out:rsc.ARQOS         IN   Unsigned         4                                     
    hist_out:rsc.ARPROT        IN   Unsigned         3                                     
    hist_out:rsc.ARCACHE       IN   Unsigned         4                                     
    hist_out:rsc.ARLOCK        IN   Unsigned         1                                     
    hist_out:rsc.ARBURST       IN   Unsigned         2                                     
    hist_out:rsc.ARSIZE        IN   Unsigned         3                                     
    hist_out:rsc.ARLEN         IN   Unsigned         8                                     
    hist_out:rsc.ARADDR        IN   Unsigned        12                                     
    hist_out:rsc.ARID          IN   Unsigned         1                                     
    hist_out:rsc.BREADY        IN   Unsigned         1                                     
    hist_out:rsc.WVALID        IN   Unsigned         1                                     
    hist_out:rsc.WUSER         IN   Unsigned         1                                     
    hist_out:rsc.WLAST         IN   Unsigned         1                                     
    hist_out:rsc.WSTRB         IN   Unsigned         1                                     
    hist_out:rsc.WDATA         IN   Unsigned         8                                     
    hist_out:rsc.AWVALID       IN   Unsigned         1                                     
    hist_out:rsc.AWUSER        IN   Unsigned         1                                     
    hist_out:rsc.AWREGION      IN   Unsigned         4                                     
    hist_out:rsc.AWQOS         IN   Unsigned         4                                     
    hist_out:rsc.AWPROT        IN   Unsigned         3                                     
    hist_out:rsc.AWCACHE       IN   Unsigned         4                                     
    hist_out:rsc.AWLOCK        IN   Unsigned         1                                     
    hist_out:rsc.AWBURST       IN   Unsigned         2                                     
    hist_out:rsc.AWSIZE        IN   Unsigned         3                                     
    hist_out:rsc.AWLEN         IN   Unsigned         8                                     
    hist_out:rsc.AWADDR        IN   Unsigned        12                                     
    hist_out:rsc.AWID          IN   Unsigned         1                                     
    hist_out:rsc:req.vz        IN   Unsigned         1                                     
    data_in:rsc.RVALID         OUT  Unsigned         1                                     
    data_in:rsc.RUSER          OUT  Unsigned         1                                     
    data_in:rsc.RLAST          OUT  Unsigned         1                                     
    data_in:rsc.RRESP          OUT  Unsigned         2                                     
    data_in:rsc.RDATA          OUT  Unsigned        16                                     
    data_in:rsc.RID            OUT  Unsigned         1                                     
    data_in:rsc.ARREADY        OUT  Unsigned         1                                     
    data_in:rsc.BVALID         OUT  Unsigned         1                                     
    data_in:rsc.BUSER          OUT  Unsigned         1                                     
    data_in:rsc.BRESP          OUT  Unsigned         2                                     
    data_in:rsc.BID            OUT  Unsigned         1                                     
    data_in:rsc.WREADY         OUT  Unsigned         1                                     
    data_in:rsc.AWREADY        OUT  Unsigned         1                                     
    data_in:rsc:rls.lz         OUT  Unsigned         1                                     
    hist_out:rsc.RVALID        OUT  Unsigned         1                                     
    hist_out:rsc.RUSER         OUT  Unsigned         1                                     
    hist_out:rsc.RLAST         OUT  Unsigned         1                                     
    hist_out:rsc.RRESP         OUT  Unsigned         2                                     
    hist_out:rsc.RDATA         OUT  Unsigned         8                                     
    hist_out:rsc.RID           OUT  Unsigned         1                                     
    hist_out:rsc.ARREADY       OUT  Unsigned         1                                     
    hist_out:rsc.BVALID        OUT  Unsigned         1                                     
    hist_out:rsc.BUSER         OUT  Unsigned         1                                     
    hist_out:rsc.BRESP         OUT  Unsigned         2                                     
    hist_out:rsc.BID           OUT  Unsigned         1                                     
    hist_out:rsc.WREADY        OUT  Unsigned         1                                     
    hist_out:rsc.AWREADY       OUT  Unsigned         1                                     
    hist_out:rsc:rls.lz        OUT  Unsigned         1                                     
    
  Memory Resources
    Resource Name: /histogram_hls/core/histogram.data:rsc
      Memory Component: BLOCK_1R1W_RBW               Size:         256 x 8
      External:         false                        Packing Mode: absolute
      Memory Map:
      Variable                           Indices Phys Memory Address       
      ---------------------------------- ------- -------------------------
      /histogram_hls/core/histogram.data     0:7 000000ff-00000000 (255-0) 
      
    Resource Name: /histogram_hls/core/mem.data:rsc
      Memory Component: BLOCK_1R1W_RBW               Size:         8192 x 16
      External:         false                        Packing Mode: absolute
      Memory Map:
      Variable                     Indices Phys Memory Address        
      ---------------------------- ------- --------------------------
      /histogram_hls/core/mem.data    0:15 00001fff-00000000 (8191-0) 
      
    Resource Name: /histogram_hls/core/hist1:rsc
      Memory Component: BLOCK_1R1W_RBW               Size:         256 x 32
      External:         false                        Packing Mode: absolute
      Memory Map:
      Variable                  Indices Phys Memory Address       
      ------------------------- ------- -------------------------
      /histogram_hls/core/hist1    0:31 000000ff-00000000 (255-0) 
      
    Resource Name: /histogram_hls/core/hist2:rsc
      Memory Component: BLOCK_1R1W_RBW               Size:         256 x 32
      External:         false                        Packing Mode: absolute
      Memory Map:
      Variable                  Indices Phys Memory Address       
      ------------------------- ------- -------------------------
      /histogram_hls/core/hist2    0:31 000000ff-00000000 (255-0) 
      
    Resource Name: /histogram_hls/core/hist3:rsc
      Memory Component: BLOCK_1R1W_RBW               Size:         256 x 32
      External:         false                        Packing Mode: absolute
      Memory Map:
      Variable                  Indices Phys Memory Address       
      ------------------------- ------- -------------------------
      /histogram_hls/core/hist3    0:31 000000ff-00000000 (255-0) 
      
    Resource Name: /histogram_hls/core/hist4:rsc
      Memory Component: BLOCK_1R1W_RBW               Size:         256 x 32
      External:         false                        Packing Mode: absolute
      Memory Map:
      Variable                  Indices Phys Memory Address       
      ------------------------- ------- -------------------------
      /histogram_hls/core/hist4    0:31 000000ff-00000000 (255-0) 
      
    Resource Name: /histogram_hls/core/hist5:rsc
      Memory Component: BLOCK_1R1W_RBW               Size:         256 x 32
      External:         false                        Packing Mode: absolute
      Memory Map:
      Variable                  Indices Phys Memory Address       
      ------------------------- ------- -------------------------
      /histogram_hls/core/hist5    0:31 000000ff-00000000 (255-0) 
      
    Resource Name: /histogram_hls/core/hist6:rsc
      Memory Component: BLOCK_1R1W_RBW               Size:         256 x 32
      External:         false                        Packing Mode: absolute
      Memory Map:
      Variable                  Indices Phys Memory Address       
      ------------------------- ------- -------------------------
      /histogram_hls/core/hist6    0:31 000000ff-00000000 (255-0) 
      
    Resource Name: /histogram_hls/core/hist7:rsc
      Memory Component: BLOCK_1R1W_RBW               Size:         256 x 32
      External:         false                        Packing Mode: absolute
      Memory Map:
      Variable                  Indices Phys Memory Address       
      ------------------------- ------- -------------------------
      /histogram_hls/core/hist7    0:31 000000ff-00000000 (255-0) 
      
    Resource Name: /histogram_hls/core/hist8:rsc
      Memory Component: BLOCK_1R1W_RBW               Size:         256 x 32
      External:         false                        Packing Mode: absolute
      Memory Map:
      Variable                  Indices Phys Memory Address       
      ------------------------- ------- -------------------------
      /histogram_hls/core/hist8    0:31 000000ff-00000000 (255-0) 
      
    Resource Name: /histogram_hls/data_in:rsc
      Memory Component: ccs_axi4_slave_mem           Size:         8192 x 16
      External:         true                         Packing Mode: absolute
      Memory Map:
      Variable               Indices Phys Memory Address        
      ---------------------- ------- --------------------------
      /histogram_hls/data_in    0:15 00001fff-00000000 (8191-0) 
      
    Resource Name: /histogram_hls/hist_out:rsc
      Memory Component: ccs_axi4_slave_mem           Size:         256 x 8
      External:         true                         Packing Mode: absolute
      Memory Map:
      Variable                Indices Phys Memory Address       
      ----------------------- ------- -------------------------
      /histogram_hls/hist_out     0:7 000000ff-00000000 (255-0) 
      
  C++ to Interface Mappings
    C++ Field Interface Range Range Expression Expression Limits 
    --------- --------------- ---------------- -----------------
    
  Multi-Cycle (Combinational) Component Usage
    Instance Component Name Delay 
    -------- -------------- -----
    
  Loops
    Process             Loop             Iterations C-Steps Total Cycles   Duration  Unroll Init Comments 
    ------------------- ---------------- ---------- ------- ------------- ---------- ------ ---- --------
    /histogram_hls/core core:rlp           Infinite       1        12548  125.48 us                       
    /histogram_hls/core  main              Infinite       3        12547  125.47 us                       
    /histogram_hls/core   hist8:vinit           256       2          512    5.12 us                       
    /histogram_hls/core   hist_loop            1024      11        11264  112.64 us                       
    /histogram_hls/core   accum_loop            256       3          768    7.68 us                       
    
  Loop Execution Profile
    Process             Loop             Total Cycles % of Overall Design Cycles Throughput Cycles Comments 
    ------------------- ---------------- ------------ -------------------------- ----------------- --------
    /histogram_hls/core core:rlp                   1                        0.01            12547           
    /histogram_hls/core  main                      3                        0.02            12547           
    /histogram_hls/core   hist8:vinit            512                        4.08              512           
    /histogram_hls/core   hist_loop            11264                       89.77            11264           
    /histogram_hls/core   accum_loop             768                        6.12              768           
    
  End of Report
