# Moving session transcript to file "/home/mdk/Spector-HLS/dct/catapult/src/catapult.log"
# Warning: Unable to move session transcript file
# Appending session transcript to file "/home/mdk/Spector-HLS/matrix_multiplication/catapult/catapult.log"
# Front End called with arguments: -- /home/mdk/Spector-HLS/dct/catapult/src/dct.cpp (CIN-69)
# Edison Design Group C++/C Front End - Version 5.0 (CIN-1)
# $PROJECT_HOME/dct.cpp(25): Pragma 'hls_design<top>' detected on routine 'DCT' (CIN-6)
# solution design add DCT -type top -unlocked (HC-1)
# Source file analysis completed (CIN-68)
# Info: Completed transformation 'analyze' on solution 'solution.v1': elapsed time 1.00 seconds, memory usage 1368816kB, peak memory usage 1369844kB (SOL-9)
go compile
# Info: Starting transformation 'compile' on solution 'solution.v1' (SOL-8)
# Generating synthesis internal form... (CIN-3)
# $PROJECT_HOME/dct.cpp(26): Found top design routine 'DCT' specified by directive (CIN-52)
# $PROJECT_HOME/dct.cpp(26): Found top design routine 'DCT' specified by directive (CIN-52)
# $PROJECT_HOME/dct.cpp(26): Synthesizing routine 'DCT' (CIN-13)
# Warning: $PROJECT_HOME/dct.cpp(4): Instantiating global variable 'C' which may be accessed outside this scope (CIN-18)
# Info: Optimizing partition '/DCT/C:init': (Total ops = 17, Real ops = 0, Vars = 0) (SOL-10)
# Info: Optimizing partition '/DCT/C:init': (Total ops = 1, Real ops = 0, Vars = 0) (SOL-10)
# Info: Optimizing partition '/DCT/C:init': (Total ops = 1, Real ops = 0, Vars = 0) (SOL-10)
# Info: Optimizing partition '/DCT/C:init': (Total ops = 1, Real ops = 0, Vars = 0) (SOL-10)
# Warning: $MGC_HOME/shared/include/ac_int.h(155): Instantiating global variable 'all_ones' which may be accessed outside this scope (CIN-18)
# Info: Optimizing partition '/DCT/all_ones:init': (Total ops = 2, Real ops = 0, Vars = 0) (SOL-10)
# Info: Optimizing partition '/DCT/all_ones:init': (Total ops = 1, Real ops = 0, Vars = 0) (SOL-10)
# Info: Optimizing partition '/DCT/all_ones:init': (Total ops = 1, Real ops = 0, Vars = 0) (SOL-10)
# Info: Optimizing partition '/DCT/all_ones:init': (Total ops = 1, Real ops = 0, Vars = 0) (SOL-10)
# Warning: $PROJECT_HOME/dct.cpp(3): Instantiating global variable 'C_norm' which may be accessed outside this scope (CIN-18)
# Info: Optimizing partition '/DCT/C_norm:init': (Total ops = 2, Real ops = 0, Vars = 0) (SOL-10)
# Info: Optimizing partition '/DCT/C_norm:init': (Total ops = 1, Real ops = 0, Vars = 0) (SOL-10)
# Info: Optimizing partition '/DCT/C_norm:init': (Total ops = 1, Real ops = 0, Vars = 0) (SOL-10)
# Info: Optimizing partition '/DCT/C_norm:init': (Total ops = 1, Real ops = 0, Vars = 0) (SOL-10)
# $PROJECT_HOME/dct.cpp(26): Inlining routine 'DCT' (CIN-14)
# $MGC_HOME/shared/include/ac_fixed.h(1237): Inlining routine 'operator*<40, 16, true, AC_TRN, AC_WRAP>' (CIN-14)
# $MGC_HOME/shared/include/ac_fixed.h(1237): Inlining routine 'operator*<40, 16, true, AC_TRN, AC_WRAP>' (CIN-14)
# $PROJECT_HOME/dct.cpp(26): Optimizing block '/DCT' ... (CIN-4)
# $PROJECT_HOME/dct.cpp(26): INOUT port 'dst' is only used as an output. (OPT-11)
# $PROJECT_HOME/dct.cpp(26): INOUT port 'src' is only used as an input. (OPT-10)
# Info: Optimizing partition '/DCT': (Total ops = 243, Real ops = 104, Vars = 77) (SOL-10)
# Info: Optimizing partition '/DCT/core': (Total ops = 243, Real ops = 104, Vars = 75) (SOL-10)
# Info: Optimizing partition '/DCT/core': (Total ops = 239, Real ops = 104, Vars = 59) (SOL-10)
# Info: Optimizing partition '/DCT': (Total ops = 239, Real ops = 104, Vars = 61) (SOL-10)
# Info: $PROJECT_HOME/dct.cpp(34): Splitting object 'pref' into 2 segments (OPT-19)
# Info: $PROJECT_HOME/dct.cpp(42): Splitting object 'pref#1' into 2 segments (OPT-19)
# Info: $PROJECT_HOME/dct.cpp(44): Splitting object 'pref#2' into 2 segments (OPT-19)
# Info: $PROJECT_HOME/dct.cpp(44): Splitting object 'pref#3' into 2 segments (OPT-19)
# Info: $PROJECT_HOME/dct.cpp(44): Splitting object 'pref:pref.pref#3' into 2 segments (OPT-19)
# Info: $PROJECT_HOME/dct.cpp(44): Splitting object 'pref#4' into 2 segments (OPT-19)
# Info: $PROJECT_HOME/dct.cpp(44): Splitting object 'pref:pref.pref#4' into 2 segments (OPT-19)
# Info: $PROJECT_HOME/dct.cpp(44): Splitting object 'pref:pref.pref.pref#1' into 2 segments (OPT-19)
# Info: $PROJECT_HOME/dct.cpp(44): Splitting object 'loop_6:_qr' into 2 segments (OPT-19)
# Info: $MGC_HOME/shared/include/ac_fixed.h(1237): Splitting object 'operator*<40,16,true,AC_TRN,AC_WRAP>:return' into 3 segments (OPT-19)
# Info: $MGC_HOME/shared/include/ac_fixed.h(1237): Splitting object 'operator*<40,16,true,AC_TRN,AC_WRAP>:i_op' into 2 segments (OPT-19)
# Info: $MGC_HOME/shared/include/ac_fixed.h(1123): Splitting object 'operator*<40,16,true,AC_TRN,AC_WRAP>:ac_fixed:cctor' into 2 segments (OPT-19)
# Info: $PROJECT_HOME/dct.cpp(46): Splitting object 'pref#5' into 2 segments (OPT-19)
# Info: $PROJECT_HOME/dct.cpp(48): Splitting object 'pref#6' into 2 segments (OPT-19)
# Info: $PROJECT_HOME/dct.cpp(48): Splitting object 'pref#7' into 2 segments (OPT-19)
# Info: $PROJECT_HOME/dct.cpp(48): Splitting object 'pref:pref.pref#7' into 2 segments (OPT-19)
# Info: $PROJECT_HOME/dct.cpp(55): Splitting object 'pref#8' into 2 segments (OPT-19)
# Info: $PROJECT_HOME/dct.cpp(57): Splitting object 'pref#9' into 2 segments (OPT-19)
# Info: $PROJECT_HOME/dct.cpp(57): Splitting object 'pref#10' into 2 segments (OPT-19)
# Info: $PROJECT_HOME/dct.cpp(57): Splitting object 'pref:pref.pref#10' into 2 segments (OPT-19)
# Info: $PROJECT_HOME/dct.cpp(57): Splitting object 'pref#11' into 2 segments (OPT-19)
# Info: $PROJECT_HOME/dct.cpp(57): Splitting object 'pref:pref.pref#11' into 2 segments (OPT-19)
# Info: $PROJECT_HOME/dct.cpp(57): Splitting object 'pref:pref.pref.pref#7' into 2 segments (OPT-19)
# Info: $PROJECT_HOME/dct.cpp(57): Splitting object 'loop_12:_qr' into 2 segments (OPT-19)
# Info: $MGC_HOME/shared/include/ac_fixed.h(1237): Splitting object 'operator*<40,16,true,AC_TRN,AC_WRAP>:return#1' into 3 segments (OPT-19)
# Info: $MGC_HOME/shared/include/ac_fixed.h(1237): Splitting object 'operator*<40,16,true,AC_TRN,AC_WRAP>:i_op#1' into 2 segments (OPT-19)
# Info: $MGC_HOME/shared/include/ac_fixed.h(1123): Splitting object 'operator*<40,16,true,AC_TRN,AC_WRAP>#1:ac_fixed:cctor' into 2 segments (OPT-19)
# Info: $PROJECT_HOME/dct.cpp(59): Splitting object 'pref#12' into 2 segments (OPT-19)
# Info: $PROJECT_HOME/dct.cpp(61): Splitting object 'pref#13' into 2 segments (OPT-19)
# Info: $PROJECT_HOME/dct.cpp(61): Splitting object 'pref#14' into 2 segments (OPT-19)
# Info: $PROJECT_HOME/dct.cpp(61): Splitting object 'pref:pref.pref#14' into 2 segments (OPT-19)
# Info: $PROJECT_HOME/dct.cpp(68): Splitting object 'pref#15' into 2 segments (OPT-19)
# Info: $PROJECT_HOME/dct.cpp(68): Splitting object 'pref:pref.pref#15' into 2 segments (OPT-19)
# Info: $PROJECT_HOME/dct.cpp(68): Splitting object 'pref:pref.pref.pref#12' into 2 segments (OPT-19)
# Info: Optimizing partition '/DCT/core': (Total ops = 272, Real ops = 104, Vars = 106) (SOL-10)
# Info: Optimizing partition '/DCT/core': (Total ops = 273, Real ops = 79, Vars = 25) (SOL-10)
# Info: Optimizing partition '/DCT': (Total ops = 273, Real ops = 79, Vars = 27) (SOL-10)
# Info: Optimizing partition '/DCT/core': (Total ops = 273, Real ops = 79, Vars = 25) (SOL-10)
# Info: Optimizing partition '/DCT/core': (Total ops = 270, Real ops = 78, Vars = 25) (SOL-10)
# Info: Optimizing partition '/DCT': (Total ops = 270, Real ops = 78, Vars = 27) (SOL-10)
# Info: Optimizing partition '/DCT': (Total ops = 270, Real ops = 78, Vars = 27) (SOL-10)
# Info: $PROJECT_HOME/dct.cpp(44): Splitting object 'loop_6:_qr(31:1)' into 2 segments (OPT-19)
# Info: $PROJECT_HOME/dct.cpp(57): Splitting object 'loop_12:_qr(31:1)' into 2 segments (OPT-19)
# Info: Optimizing partition '/DCT/core': (Total ops = 268, Real ops = 78, Vars = 29) (SOL-10)
# $PROJECT_HOME/dct.cpp(33): Loop '/DCT/core/loop_lmm' iterated at most 4194304 times. (LOOP-2)
# $PROJECT_HOME/dct.cpp(43): Loop '/DCT/core/loop_6' iterated at most 8 times. (LOOP-2)
# $PROJECT_HOME/dct.cpp(41): Loop '/DCT/core/loop_5' iterated at most 8 times. (LOOP-2)
# $PROJECT_HOME/dct.cpp(47): Loop '/DCT/core/loop_7' iterated at most 7 times. (LOOP-2)
# $PROJECT_HOME/dct.cpp(40): Loop '/DCT/core/loop_4' iterated at most 1 times. (LOOP-2)
# $PROJECT_HOME/dct.cpp(39): Loop '/DCT/core/loop_3' iterated at most 8 times. (LOOP-2)
# $PROJECT_HOME/dct.cpp(56): Loop '/DCT/core/loop_12' iterated at most 8 times. (LOOP-2)
# $PROJECT_HOME/dct.cpp(54): Loop '/DCT/core/loop_11' iterated at most 8 times. (LOOP-2)
# $PROJECT_HOME/dct.cpp(60): Loop '/DCT/core/loop_13' iterated at most 7 times. (LOOP-2)
# $PROJECT_HOME/dct.cpp(53): Loop '/DCT/core/loop_10' iterated at most 1 times. (LOOP-2)
# $PROJECT_HOME/dct.cpp(52): Loop '/DCT/core/loop_9' iterated at most 8 times. (LOOP-2)
# $PROJECT_HOME/dct.cpp(38): Loop '/DCT/core/loop_2' iterated at most 256 times. (LOOP-2)
# $PROJECT_HOME/dct.cpp(37): Loop '/DCT/core/loop_1' iterated at most 256 times. (LOOP-2)
# $PROJECT_HOME/dct.cpp(67): Loop '/DCT/core/loop_out' iterated at most 4194304 times. (LOOP-2)
# Info: Optimizing partition '/DCT/core': (Total ops = 287, Real ops = 62, Vars = 25) (SOL-10)
# Info: Optimizing partition '/DCT/core': (Total ops = 169, Real ops = 28, Vars = 18) (SOL-10)
# Info: Optimizing partition '/DCT/core': (Total ops = 169, Real ops = 28, Vars = 16) (SOL-10)
# Info: Optimizing partition '/DCT': (Total ops = 169, Real ops = 28, Vars = 18) (SOL-10)
# Info: $PROJECT_HOME/dct.cpp(33): Splitting object 'loop_lmm:i' into 2 segments (OPT-19)
# Info: $PROJECT_HOME/dct.cpp(37): Splitting object 'loop_1:i' into 3 segments (OPT-19)
# Info: $PROJECT_HOME/dct.cpp(38): Splitting object 'loop_2:j' into 3 segments (OPT-19)
# Info: $PROJECT_HOME/dct.cpp(39): Splitting object 'loop_3:k' into 2 segments (OPT-19)
# Info: $PROJECT_HOME/dct.cpp(41): Splitting object 'loop_5:x' into 2 segments (OPT-19)
# Info: $PROJECT_HOME/dct.cpp(43): Splitting object 'loop_6:y' into 2 segments (OPT-19)
# Info: $PROJECT_HOME/dct.cpp(47): Splitting object 'loop_7:z' into 2 segments (OPT-19)
# Info: $PROJECT_HOME/dct.cpp(52): Splitting object 'loop_9:k' into 2 segments (OPT-19)
# Info: $PROJECT_HOME/dct.cpp(54): Splitting object 'loop_11:x' into 2 segments (OPT-19)
# Info: $PROJECT_HOME/dct.cpp(56): Splitting object 'loop_12:y' into 2 segments (OPT-19)
# Info: $PROJECT_HOME/dct.cpp(60): Splitting object 'loop_13:z' into 2 segments (OPT-19)
# Info: $PROJECT_HOME/dct.cpp(67): Splitting object 'loop_out:i' into 2 segments (OPT-19)
# Info: Optimizing partition '/DCT/core': (Total ops = 157, Real ops = 28, Vars = 28) (SOL-10)
# Info: Optimizing partition '/DCT/core': (Total ops = 157, Real ops = 28, Vars = 16) (SOL-10)
# Info: Optimizing partition '/DCT': (Total ops = 157, Real ops = 28, Vars = 18) (SOL-10)
# Info: Optimizing partition '/DCT/core': (Total ops = 157, Real ops = 28, Vars = 16) (SOL-10)
# Info: Optimizing partition '/DCT': (Total ops = 157, Real ops = 28, Vars = 18) (SOL-10)
# Info: Optimizing partition '/DCT': (Total ops = 157, Real ops = 28, Vars = 18) (SOL-10)
# Info: Optimizing partition '/DCT/core': (Total ops = 157, Real ops = 28, Vars = 16) (SOL-10)
# Info: Optimizing partition '/DCT': (Total ops = 157, Real ops = 28, Vars = 18) (SOL-10)
# Info: Optimizing partition '/DCT/core': (Total ops = 157, Real ops = 28, Vars = 16) (SOL-10)
# Design 'DCT' was read (SOL-1)
# Makefile for Original Design + Testbench written to file './scverify/Verify_orig_cxx_osci.mk'
# Info: CDesignChecker Shell script written to '/home/mdk/Spector-HLS/dct/catapult/src/Catapult/DCT.v1/CDesignChecker/design_checker.sh'
# Info: Completed transformation 'compile' on solution 'DCT.v1': elapsed time 13.16 seconds, memory usage 1368816kB, peak memory usage 2024184kB (SOL-9)
solution library add mgc_Xilinx-VIRTEX-uplus-1_beh -- -rtlsyntool Vivado -manufacturer Xilinx -family VIRTEX-uplus -speed -1 -part xcvu9p-flga2104-1-e
solution library add Xilinx_RAMS
solution library add Xilinx_ROMS
solution library add Xilinx_FIFO
go libraries
# Info: Starting transformation 'libraries' on solution 'DCT.v1' (SOL-8)
# Reading component library '$MGC_HOME/pkgs/siflibs/mgc_busdefs.lib' [mgc_busdefs]... (LIB-49)
# Reading component library '$MGC_HOME/pkgs/siflibs/stdops.lib' [STDOPS]... (LIB-49)
# Reading component library '$MGC_HOME/pkgs/siflibs/ccs_ioport.lib' [ccs_ioport]... (LIB-49)
# Reading component library '$MGC_HOME/pkgs/siflibs/mgc_ioport.lib' [mgc_ioport]... (LIB-49)
# Reading component library '$MGC_HOME/pkgs/cds_assert/assert_ops.lib' [ASSERT_OPS]... (LIB-49)
# Reading component library '$MGC_HOME/pkgs/cds_assert/assert_mods.lib' [assert_mods]... (LIB-49)
# Reading component library '$MGC_HOME/pkgs/ccs_xilinx/mgc_Xilinx-VIRTEX-uplus-1_beh.lib' [mgc_Xilinx-VIRTEX-uplus-1_beh]... (LIB-49)
# Reading component library '$MGC_HOME/pkgs/ccs_xilinx/Xilinx_RAMS.lib' [Xilinx_RAMS]... (LIB-49)
# Reading component library '$MGC_HOME/pkgs/ccs_xilinx/Xilinx_ROMS.lib' [Xilinx_ROMS]... (LIB-49)
# Reading component library '$MGC_HOME/pkgs/ccs_xilinx/Xilinx_FIFO.lib' [Xilinx_FIFO]... (LIB-49)
# Info: Completed transformation 'libraries' on solution 'DCT.v1': elapsed time 0.33 seconds, memory usage 1368816kB, peak memory usage 2024184kB (SOL-9)
directive set -CLOCKS {clk {-CLOCK_PERIOD 10 -CLOCK_EDGE rising -CLOCK_HIGH_TIME 5 -CLOCK_OFFSET 0.000000 -CLOCK_UNCERTAINTY 0.0 -RESET_KIND sync -RESET_SYNC_NAME rst -RESET_SYNC_ACTIVE high -RESET_ASYNC_NAME arst_n -RESET_ASYNC_ACTIVE low -ENABLE_NAME {} -ENABLE_ACTIVE high}}
# /CLOCKS {clk {-CLOCK_PERIOD 10 -CLOCK_EDGE rising -CLOCK_HIGH_TIME 5 -CLOCK_OFFSET 0.000000 -CLOCK_UNCERTAINTY 0.0 -RESET_KIND sync -RESET_SYNC_NAME rst -RESET_SYNC_ACTIVE high -RESET_ASYNC_NAME arst_n -RESET_ASYNC_ACTIVE low -ENABLE_NAME {} -ENABLE_ACTIVE high}}
go assembly
# Info: Starting transformation 'assembly' on solution 'DCT.v1' (SOL-8)
# Info: Optimizing partition '/DCT': (Total ops = 158, Real ops = 29, Vars = 20) (SOL-10)
# Info: Optimizing partition '/DCT/core': (Total ops = 158, Real ops = 29, Vars = 16) (SOL-10)
# Info: Optimizing partition '/DCT': (Total ops = 158, Real ops = 29, Vars = 20) (SOL-10)
# Info: Completed transformation 'assembly' on solution 'DCT.v1': elapsed time 1.51 seconds, memory usage 1377008kB, peak memory usage 2024184kB (SOL-9)
directive set /DCT/core/loop_1 -UNROLL 2
# /DCT/core/loop_1/UNROLL 2
directive set /DCT/core/loop_2 -UNROLL 2
# /DCT/core/loop_2/UNROLL 2
directive set /DCT/core/loop_7 -UNROLL 2
# /DCT/core/loop_7/UNROLL 2
# File '$PROJECT_HOME/params.h' saved
# Input file has changed
solution new -state new -solution DCT.v1 DCT
# Info: Branching solution 'DCT.v2' at state 'new' (PRJ-2)
# DCT.v2
go compile
# Info: Starting transformation 'analyze' on solution 'DCT.v2' (SOL-8)
# Front End called with arguments: -- /home/mdk/Spector-HLS/dct/catapult/src/dct.cpp (CIN-69)
# Edison Design Group C++/C Front End - Version 5.0 (CIN-1)
# $PROJECT_HOME/dct.cpp(25): Pragma 'hls_design<top>' detected on routine 'DCT' (CIN-6)
# Source file analysis completed (CIN-68)
# solution design add DCT -type top -unlocked (HC-1)
# Info: Completed transformation 'analyze' on solution 'DCT.v2': elapsed time 1.04 seconds, memory usage 1442544kB, peak memory usage 2024184kB (SOL-9)
# Info: Starting transformation 'compile' on solution 'DCT.v2' (SOL-8)
# Generating synthesis internal form... (CIN-3)
# $PROJECT_HOME/dct.cpp(26): Found top design routine 'DCT' specified by directive (CIN-52)
# $PROJECT_HOME/dct.cpp(26): Found top design routine 'DCT' specified by directive (CIN-52)
# $PROJECT_HOME/dct.cpp(26): Synthesizing routine 'DCT' (CIN-13)
# Warning: $PROJECT_HOME/dct.cpp(4): Instantiating global variable 'C' which may be accessed outside this scope (CIN-18)
# Info: Optimizing partition '/DCT/C:init': (Total ops = 17, Real ops = 0, Vars = 0) (SOL-10)
# Info: Optimizing partition '/DCT/C:init': (Total ops = 1, Real ops = 0, Vars = 0) (SOL-10)
# Info: Optimizing partition '/DCT/C:init': (Total ops = 1, Real ops = 0, Vars = 0) (SOL-10)
# Info: Optimizing partition '/DCT/C:init': (Total ops = 1, Real ops = 0, Vars = 0) (SOL-10)
# Warning: $MGC_HOME/shared/include/ac_int.h(155): Instantiating global variable 'all_ones' which may be accessed outside this scope (CIN-18)
# Info: Optimizing partition '/DCT/all_ones:init': (Total ops = 2, Real ops = 0, Vars = 0) (SOL-10)
# Info: Optimizing partition '/DCT/all_ones:init': (Total ops = 1, Real ops = 0, Vars = 0) (SOL-10)
# Info: Optimizing partition '/DCT/all_ones:init': (Total ops = 1, Real ops = 0, Vars = 0) (SOL-10)
# Info: Optimizing partition '/DCT/all_ones:init': (Total ops = 1, Real ops = 0, Vars = 0) (SOL-10)
# Warning: $PROJECT_HOME/dct.cpp(3): Instantiating global variable 'C_norm' which may be accessed outside this scope (CIN-18)
# Info: Optimizing partition '/DCT/C_norm:init': (Total ops = 2, Real ops = 0, Vars = 0) (SOL-10)
# Info: Optimizing partition '/DCT/C_norm:init': (Total ops = 1, Real ops = 0, Vars = 0) (SOL-10)
# Info: Optimizing partition '/DCT/C_norm:init': (Total ops = 1, Real ops = 0, Vars = 0) (SOL-10)
# Info: Optimizing partition '/DCT/C_norm:init': (Total ops = 1, Real ops = 0, Vars = 0) (SOL-10)
# $PROJECT_HOME/dct.cpp(26): Inlining routine 'DCT' (CIN-14)
# $MGC_HOME/shared/include/ac_fixed.h(1237): Inlining routine 'operator*<40, 16, true, AC_TRN, AC_WRAP>' (CIN-14)
# $MGC_HOME/shared/include/ac_fixed.h(1237): Inlining routine 'operator*<40, 16, true, AC_TRN, AC_WRAP>' (CIN-14)
# $PROJECT_HOME/dct.cpp(26): Optimizing block '/DCT' ... (CIN-4)
# $PROJECT_HOME/dct.cpp(26): INOUT port 'dst' is only used as an output. (OPT-11)
# $PROJECT_HOME/dct.cpp(26): INOUT port 'src' is only used as an input. (OPT-10)
# Info: Optimizing partition '/DCT': (Total ops = 243, Real ops = 104, Vars = 77) (SOL-10)
# Info: Optimizing partition '/DCT/core': (Total ops = 243, Real ops = 104, Vars = 75) (SOL-10)
# Info: Optimizing partition '/DCT/core': (Total ops = 239, Real ops = 104, Vars = 59) (SOL-10)
# Info: Optimizing partition '/DCT': (Total ops = 239, Real ops = 104, Vars = 61) (SOL-10)
# Info: $PROJECT_HOME/dct.cpp(34): Splitting object 'pref' into 2 segments (OPT-19)
# Info: $PROJECT_HOME/dct.cpp(42): Splitting object 'pref#1' into 2 segments (OPT-19)
# Info: $PROJECT_HOME/dct.cpp(44): Splitting object 'pref#2' into 2 segments (OPT-19)
# Info: $PROJECT_HOME/dct.cpp(44): Splitting object 'pref#3' into 2 segments (OPT-19)
# Info: $PROJECT_HOME/dct.cpp(44): Splitting object 'pref:pref.pref#3' into 2 segments (OPT-19)
# Info: $PROJECT_HOME/dct.cpp(44): Splitting object 'pref#4' into 2 segments (OPT-19)
# Info: $PROJECT_HOME/dct.cpp(44): Splitting object 'pref:pref.pref#4' into 2 segments (OPT-19)
# Info: $PROJECT_HOME/dct.cpp(44): Splitting object 'pref:pref.pref.pref#1' into 2 segments (OPT-19)
# Info: $PROJECT_HOME/dct.cpp(44): Splitting object 'loop_6:_qr' into 2 segments (OPT-19)
# Info: $MGC_HOME/shared/include/ac_fixed.h(1237): Splitting object 'operator*<40,16,true,AC_TRN,AC_WRAP>:return' into 3 segments (OPT-19)
# Info: $MGC_HOME/shared/include/ac_fixed.h(1237): Splitting object 'operator*<40,16,true,AC_TRN,AC_WRAP>:i_op' into 2 segments (OPT-19)
# Info: $MGC_HOME/shared/include/ac_fixed.h(1123): Splitting object 'operator*<40,16,true,AC_TRN,AC_WRAP>:ac_fixed:cctor' into 2 segments (OPT-19)
# Info: $PROJECT_HOME/dct.cpp(46): Splitting object 'pref#5' into 2 segments (OPT-19)
# Info: $PROJECT_HOME/dct.cpp(48): Splitting object 'pref#6' into 2 segments (OPT-19)
# Info: $PROJECT_HOME/dct.cpp(48): Splitting object 'pref#7' into 2 segments (OPT-19)
# Info: $PROJECT_HOME/dct.cpp(48): Splitting object 'pref:pref.pref#7' into 2 segments (OPT-19)
# Info: $PROJECT_HOME/dct.cpp(55): Splitting object 'pref#8' into 2 segments (OPT-19)
# Info: $PROJECT_HOME/dct.cpp(57): Splitting object 'pref#9' into 2 segments (OPT-19)
# Info: $PROJECT_HOME/dct.cpp(57): Splitting object 'pref#10' into 2 segments (OPT-19)
# Info: $PROJECT_HOME/dct.cpp(57): Splitting object 'pref:pref.pref#10' into 2 segments (OPT-19)
# Info: $PROJECT_HOME/dct.cpp(57): Splitting object 'pref#11' into 2 segments (OPT-19)
# Info: $PROJECT_HOME/dct.cpp(57): Splitting object 'pref:pref.pref#11' into 2 segments (OPT-19)
# Info: $PROJECT_HOME/dct.cpp(57): Splitting object 'pref:pref.pref.pref#7' into 2 segments (OPT-19)
# Info: $PROJECT_HOME/dct.cpp(57): Splitting object 'loop_12:_qr' into 2 segments (OPT-19)
# Info: $MGC_HOME/shared/include/ac_fixed.h(1237): Splitting object 'operator*<40,16,true,AC_TRN,AC_WRAP>:return#1' into 3 segments (OPT-19)
# Info: $MGC_HOME/shared/include/ac_fixed.h(1237): Splitting object 'operator*<40,16,true,AC_TRN,AC_WRAP>:i_op#1' into 2 segments (OPT-19)
# Info: $MGC_HOME/shared/include/ac_fixed.h(1123): Splitting object 'operator*<40,16,true,AC_TRN,AC_WRAP>#1:ac_fixed:cctor' into 2 segments (OPT-19)
# Info: $PROJECT_HOME/dct.cpp(59): Splitting object 'pref#12' into 2 segments (OPT-19)
# Info: $PROJECT_HOME/dct.cpp(61): Splitting object 'pref#13' into 2 segments (OPT-19)
# Info: $PROJECT_HOME/dct.cpp(61): Splitting object 'pref#14' into 2 segments (OPT-19)
# Info: $PROJECT_HOME/dct.cpp(61): Splitting object 'pref:pref.pref#14' into 2 segments (OPT-19)
# Info: $PROJECT_HOME/dct.cpp(68): Splitting object 'pref#15' into 2 segments (OPT-19)
# Info: $PROJECT_HOME/dct.cpp(68): Splitting object 'pref:pref.pref#15' into 2 segments (OPT-19)
# Info: $PROJECT_HOME/dct.cpp(68): Splitting object 'pref:pref.pref.pref#12' into 2 segments (OPT-19)
# Info: Optimizing partition '/DCT/core': (Total ops = 272, Real ops = 104, Vars = 106) (SOL-10)
# Info: Optimizing partition '/DCT/core': (Total ops = 281, Real ops = 79, Vars = 25) (SOL-10)
# Info: Optimizing partition '/DCT': (Total ops = 281, Real ops = 79, Vars = 27) (SOL-10)
# Info: Optimizing partition '/DCT/core': (Total ops = 281, Real ops = 79, Vars = 25) (SOL-10)
# Info: Optimizing partition '/DCT/core': (Total ops = 278, Real ops = 78, Vars = 25) (SOL-10)
# Info: Optimizing partition '/DCT': (Total ops = 278, Real ops = 78, Vars = 27) (SOL-10)
# Info: Optimizing partition '/DCT': (Total ops = 278, Real ops = 78, Vars = 27) (SOL-10)
# Info: $PROJECT_HOME/dct.cpp(39): Splitting object 'loop_3:k' into 2 segments (OPT-19)
# Info: $PROJECT_HOME/dct.cpp(52): Splitting object 'loop_9:k' into 2 segments (OPT-19)
# Info: $PROJECT_HOME/dct.cpp(44): Splitting object 'loop_6:_qr(31:1)' into 2 segments (OPT-19)
# Info: $PROJECT_HOME/dct.cpp(57): Splitting object 'loop_12:_qr(31:1)' into 2 segments (OPT-19)
# Info: Optimizing partition '/DCT/core': (Total ops = 277, Real ops = 78, Vars = 33) (SOL-10)
# $PROJECT_HOME/dct.cpp(33): Loop '/DCT/core/loop_lmm' iterated at most 4194304 times. (LOOP-2)
# $PROJECT_HOME/dct.cpp(43): Loop '/DCT/core/loop_6' iterated at most 8 times. (LOOP-2)
# $PROJECT_HOME/dct.cpp(41): Loop '/DCT/core/loop_5' iterated at most 8 times. (LOOP-2)
# $PROJECT_HOME/dct.cpp(47): Loop '/DCT/core/loop_7' iterated at most 7 times. (LOOP-2)
# $PROJECT_HOME/dct.cpp(40): Loop '/DCT/core/loop_4' iterated at most 2 times. (LOOP-2)
# $PROJECT_HOME/dct.cpp(39): Loop '/DCT/core/loop_3' iterated at most 4 times. (LOOP-2)
# $PROJECT_HOME/dct.cpp(56): Loop '/DCT/core/loop_12' iterated at most 8 times. (LOOP-2)
# $PROJECT_HOME/dct.cpp(54): Loop '/DCT/core/loop_11' iterated at most 8 times. (LOOP-2)
# $PROJECT_HOME/dct.cpp(60): Loop '/DCT/core/loop_13' iterated at most 7 times. (LOOP-2)
# $PROJECT_HOME/dct.cpp(53): Loop '/DCT/core/loop_10' iterated at most 2 times. (LOOP-2)
# $PROJECT_HOME/dct.cpp(52): Loop '/DCT/core/loop_9' iterated at most 4 times. (LOOP-2)
# $PROJECT_HOME/dct.cpp(38): Loop '/DCT/core/loop_2' iterated at most 256 times. (LOOP-2)
# $PROJECT_HOME/dct.cpp(37): Loop '/DCT/core/loop_1' iterated at most 256 times. (LOOP-2)
# $PROJECT_HOME/dct.cpp(67): Loop '/DCT/core/loop_out' iterated at most 4194304 times. (LOOP-2)
# Info: Optimizing partition '/DCT/core': (Total ops = 313, Real ops = 68, Vars = 26) (SOL-10)
# Info: Optimizing partition '/DCT/core': (Total ops = 185, Real ops = 30, Vars = 20) (SOL-10)
# Info: Optimizing partition '/DCT/core': (Total ops = 185, Real ops = 30, Vars = 18) (SOL-10)
# Info: Optimizing partition '/DCT': (Total ops = 185, Real ops = 30, Vars = 20) (SOL-10)
# Info: $PROJECT_HOME/dct.cpp(33): Splitting object 'loop_lmm:i' into 2 segments (OPT-19)
# Info: $PROJECT_HOME/dct.cpp(37): Splitting object 'loop_1:i' into 3 segments (OPT-19)
# Info: $PROJECT_HOME/dct.cpp(38): Splitting object 'loop_2:j' into 3 segments (OPT-19)
# Info: $PROJECT_HOME/dct.cpp(40): Splitting object 'loop_4:l' into 2 segments (OPT-19)
# Info: $PROJECT_HOME/dct.cpp(41): Splitting object 'loop_5:x' into 2 segments (OPT-19)
# Info: $PROJECT_HOME/dct.cpp(43): Splitting object 'loop_6:y' into 2 segments (OPT-19)
# Info: $PROJECT_HOME/dct.cpp(47): Splitting object 'loop_7:z' into 2 segments (OPT-19)
# Info: $PROJECT_HOME/dct.cpp(53): Splitting object 'loop_10:m' into 2 segments (OPT-19)
# Info: $PROJECT_HOME/dct.cpp(54): Splitting object 'loop_11:x' into 2 segments (OPT-19)
# Info: $PROJECT_HOME/dct.cpp(56): Splitting object 'loop_12:y' into 2 segments (OPT-19)
# Info: $PROJECT_HOME/dct.cpp(60): Splitting object 'loop_13:z' into 2 segments (OPT-19)
# Info: $PROJECT_HOME/dct.cpp(67): Splitting object 'loop_out:i' into 2 segments (OPT-19)
# Info: $PROJECT_HOME/dct.cpp(39): Splitting object 'loop_3:k(31:1)' into 2 segments (OPT-19)
# Info: $PROJECT_HOME/dct.cpp(52): Splitting object 'loop_9:k(31:1)' into 2 segments (OPT-19)
# Info: Optimizing partition '/DCT/core': (Total ops = 171, Real ops = 30, Vars = 32) (SOL-10)
# Info: Optimizing partition '/DCT/core': (Total ops = 175, Real ops = 30, Vars = 18) (SOL-10)
# Info: Optimizing partition '/DCT': (Total ops = 175, Real ops = 30, Vars = 20) (SOL-10)
# Info: $PROJECT_HOME/dct.cpp(40): Splitting object 'loop_4:l(1:0)' into 2 segments (OPT-19)
# Info: $PROJECT_HOME/dct.cpp(53): Splitting object 'loop_10:m(1:0)' into 2 segments (OPT-19)
# Info: Optimizing partition '/DCT/core': (Total ops = 167, Real ops = 30, Vars = 22) (SOL-10)
# Info: Optimizing partition '/DCT/core': (Total ops = 163, Real ops = 30, Vars = 20) (SOL-10)
# Info: Optimizing partition '/DCT': (Total ops = 163, Real ops = 30, Vars = 22) (SOL-10)
# Info: Optimizing partition '/DCT/core': (Total ops = 163, Real ops = 30, Vars = 20) (SOL-10)
# Info: Optimizing partition '/DCT': (Total ops = 163, Real ops = 30, Vars = 22) (SOL-10)
# Info: Optimizing partition '/DCT': (Total ops = 163, Real ops = 30, Vars = 22) (SOL-10)
# Info: Optimizing partition '/DCT/core': (Total ops = 163, Real ops = 30, Vars = 20) (SOL-10)
# Info: Optimizing partition '/DCT': (Total ops = 163, Real ops = 30, Vars = 22) (SOL-10)
# Info: Optimizing partition '/DCT/core': (Total ops = 163, Real ops = 30, Vars = 20) (SOL-10)
# Design 'DCT' was read (SOL-1)
# Makefile for Original Design + Testbench written to file './scverify/Verify_orig_cxx_osci.mk'
# Info: CDesignChecker Shell script written to '/home/mdk/Spector-HLS/dct/catapult/src/Catapult/DCT.v2/CDesignChecker/design_checker.sh'
# Info: Completed transformation 'compile' on solution 'DCT.v2': elapsed time 13.73 seconds, memory usage 1442544kB, peak memory usage 2097912kB (SOL-9)
go libraries
# Info: Starting transformation 'libraries' on solution 'DCT.v2' (SOL-8)
# Info: Completed transformation 'libraries' on solution 'DCT.v2': elapsed time 0.21 seconds, memory usage 1442544kB, peak memory usage 2097912kB (SOL-9)
go assembly
# Info: Starting transformation 'assembly' on solution 'DCT.v2' (SOL-8)
# Info: Optimizing partition '/DCT': (Total ops = 164, Real ops = 31, Vars = 24) (SOL-10)
# Info: Optimizing partition '/DCT/core': (Total ops = 164, Real ops = 31, Vars = 20) (SOL-10)
# Info: Optimizing partition '/DCT': (Total ops = 164, Real ops = 31, Vars = 24) (SOL-10)
# Info: Completed transformation 'assembly' on solution 'DCT.v2': elapsed time 1.49 seconds, memory usage 1442544kB, peak memory usage 2097912kB (SOL-9)
directive set /DCT/core/loop_4 -UNROLL yes
# /DCT/core/loop_4/UNROLL yes
directive set /DCT/core/loop_10 -UNROLL yes
# /DCT/core/loop_10/UNROLL yes
go extract
# Info: Starting transformation 'loops' on solution 'DCT.v2' (SOL-8)
# Info: Optimizing partition '/DCT/core': (Total ops = 164, Real ops = 31, Vars = 20) (SOL-10)
# $PROJECT_HOME/dct.cpp(33): Loop '/DCT/core/loop_lmm' is left rolled. (LOOP-4)
# $PROJECT_HOME/dct.cpp(43): Loop '/DCT/core/loop_6' is left rolled. (LOOP-4)
# $PROJECT_HOME/dct.cpp(41): Loop '/DCT/core/loop_5' is left rolled. (LOOP-4)
# $PROJECT_HOME/dct.cpp(47): N_UNROLL parameter 2 not an exact divisor of 7, the total number of loop iterations. (LOOP-8)
# $PROJECT_HOME/dct.cpp(47): Loop '/DCT/core/loop_7' is being partially unrolled 2 times. (LOOP-3)
# Info: Optimizing partition '/DCT/core': (Total ops = 164, Real ops = 31, Vars = 20) (SOL-10)
# Info: Optimizing partition '/DCT/core': (Total ops = 176, Real ops = 32, Vars = 20) (SOL-10)
# $PROJECT_HOME/dct.cpp(56): Loop '/DCT/core/loop_12' is left rolled. (LOOP-4)
# $PROJECT_HOME/dct.cpp(54): Loop '/DCT/core/loop_11' is left rolled. (LOOP-4)
# $PROJECT_HOME/dct.cpp(60): Loop '/DCT/core/loop_13' is left rolled. (LOOP-4)
# $PROJECT_HOME/dct.cpp(53): Loop '/DCT/core/loop_10' is being fully unrolled (2 times). (LOOP-7)
# Info: Optimizing partition '/DCT/core': (Total ops = 176, Real ops = 32, Vars = 20) (SOL-10)
# Info: Optimizing partition '/DCT/core': (Total ops = 239, Real ops = 44, Vars = 20) (SOL-10)
# $PROJECT_HOME/dct.cpp(67): Loop '/DCT/core/loop_out' is left rolled. (LOOP-4)
# Info: Optimizing partition '/DCT/core': (Total ops = 239, Real ops = 44, Vars = 20) (SOL-10)
# Info: Optimizing partition '/DCT/core': (Total ops = 243, Real ops = 42, Vars = 22) (SOL-10)
# Info: Optimizing partition '/DCT/core': (Total ops = 245, Real ops = 41, Vars = 22) (SOL-10)
# Info: Optimizing partition '/DCT/core': (Total ops = 245, Real ops = 41, Vars = 22) (SOL-10)
# Info: Optimizing partition '/DCT/core': (Total ops = 233, Real ops = 41, Vars = 22) (SOL-10)
# $PROJECT_HOME/dct.cpp(40): Loop '/DCT/core/loop_4' is being fully unrolled (2 times). (LOOP-7)
# Info: Optimizing partition '/DCT/core': (Total ops = 233, Real ops = 41, Vars = 22) (SOL-10)
# Info: Optimizing partition '/DCT/core': (Total ops = 307, Real ops = 53, Vars = 22) (SOL-10)
# $PROJECT_HOME/dct.cpp(52): Loop '/DCT/core/loop_9' is left rolled. (LOOP-4)
# Info: Optimizing partition '/DCT/core': (Total ops = 307, Real ops = 53, Vars = 22) (SOL-10)
# Info: Optimizing partition '/DCT/core': (Total ops = 302, Real ops = 51, Vars = 24) (SOL-10)
# Info: Optimizing partition '/DCT/core': (Total ops = 302, Real ops = 51, Vars = 24) (SOL-10)
# $PROJECT_HOME/dct.cpp(39): Loop '/DCT/core/loop_3' is left rolled. (LOOP-4)
# $PROJECT_HOME/dct.cpp(38): Loop '/DCT/core/loop_2' is being partially unrolled 2 times. (LOOP-3)
# Info: Optimizing partition '/DCT/core': (Total ops = 302, Real ops = 51, Vars = 24) (SOL-10)
# Info: Optimizing partition '/DCT/core': (Total ops = 579, Real ops = 98, Vars = 24) (SOL-10)
# Info: Optimizing partition '/DCT/core': (Total ops = 579, Real ops = 98, Vars = 24) (SOL-10)
# Info: Optimizing partition '/DCT/core': (Total ops = 612, Real ops = 98, Vars = 41) (SOL-10)
# Info: Optimizing partition '/DCT/core': (Total ops = 577, Real ops = 97, Vars = 40) (SOL-10)
# Info: Optimizing partition '/DCT/core': (Total ops = 577, Real ops = 97, Vars = 40) (SOL-10)
# $PROJECT_HOME/dct.cpp(37): Loop '/DCT/core/loop_1' is being partially unrolled 2 times. (LOOP-3)
# Info: Optimizing partition '/DCT/core': (Total ops = 577, Real ops = 97, Vars = 40) (SOL-10)
# Info: Optimizing partition '/DCT/core': (Total ops = 1133, Real ops = 191, Vars = 40) (SOL-10)
# Info: Optimizing partition '/DCT/core': (Total ops = 1133, Real ops = 191, Vars = 40) (SOL-10)
# Info: Running transformation 'loops' on solution 'DCT.v2': elapsed time 30.06 seconds, memory usage 1770228kB, peak memory usage 2097912kB (SOL-15)
# Info: Optimizing partition '/DCT/core': (Total ops = 1194, Real ops = 191, Vars = 74) (SOL-10)
# Info: Optimizing partition '/DCT/core': (Total ops = 1131, Real ops = 190, Vars = 73) (SOL-10)
# Info: Optimizing partition '/DCT/core': (Total ops = 1131, Real ops = 190, Vars = 73) (SOL-10)
# $PROJECT_HOME/dct.cpp(26): Loop '/DCT/core/main' is left rolled. (LOOP-4)
# Info: Optimizing partition '/DCT': (Total ops = 1131, Real ops = 190, Vars = 77) (SOL-10)
# Info: $PROJECT_HOME/dct.cpp(47): Splitting object 'loop_7:z(3:0)#1' into 3 segments (OPT-19)
# Info: $PROJECT_HOME/dct.cpp(47): Splitting object 'loop_7:z(3:0)#2' into 3 segments (OPT-19)
# Info: $PROJECT_HOME/dct.cpp(38): Splitting object 'loop_2:j(11:3)#1' into 2 segments (OPT-19)
# Info: $PROJECT_HOME/dct.cpp(47): Splitting object 'loop_7:z(3:0)#3' into 3 segments (OPT-19)
# Info: $PROJECT_HOME/dct.cpp(47): Splitting object 'loop_7:z(3:0)#4' into 3 segments (OPT-19)
# Info: $PROJECT_HOME/dct.cpp(37): Splitting object 'loop_1:i(11:3)#1' into 2 segments (OPT-19)
# Info: $PROJECT_HOME/dct.cpp(47): Splitting object 'loop_7:z(3:0)#5' into 3 segments (OPT-19)
# Info: $PROJECT_HOME/dct.cpp(47): Splitting object 'loop_7:z(3:0)#6' into 3 segments (OPT-19)
# Info: $PROJECT_HOME/dct.cpp(38): Splitting object 'loop_2:j(11:3)#2' into 2 segments (OPT-19)
# Info: $PROJECT_HOME/dct.cpp(47): Splitting object 'loop_7:z(3:0)#7' into 3 segments (OPT-19)
# Info: $PROJECT_HOME/dct.cpp(47): Splitting object 'loop_7:z(3:0)#8' into 3 segments (OPT-19)
# Info: Optimizing partition '/DCT/core': (Total ops = 1112, Real ops = 190, Vars = 84) (SOL-10)
# Info: Optimizing partition '/DCT/core': (Total ops = 1112, Real ops = 190, Vars = 73) (SOL-10)
# Info: Running transformation 'loops' on solution 'DCT.v2': elapsed time 60.33 seconds, memory usage 1770228kB, peak memory usage 2097912kB (SOL-15)
# Info: Optimizing partition '/DCT': (Total ops = 1112, Real ops = 190, Vars = 77) (SOL-10)
# Info: Optimizing partition '/DCT/core': (Total ops = 1112, Real ops = 190, Vars = 73) (SOL-10)
# Info: Optimizing partition '/DCT': (Total ops = 1112, Real ops = 190, Vars = 77) (SOL-10)
# Info: Completed transformation 'loops' on solution 'DCT.v2': elapsed time 74.04 seconds, memory usage 1442544kB, peak memory usage 2097912kB (SOL-9)
# Info: Starting transformation 'memories' on solution 'DCT.v2' (SOL-8)
# $PROJECT_HOME/dct.h(10): Memory Resource '/DCT/core/mdst.data:rsc' (from var: mdst.data) mapped to 'Xilinx_RAMS.BLOCK_1R1W_RBW' (size: 4194304 x 20). (MEM-4)
# $PROJECT_HOME/dct.h(10): Memory Resource '/DCT/core/msrc.data:rsc' (from var: msrc.data) mapped to 'Xilinx_RAMS.BLOCK_1R1W_RBW' (size: 4194304 x 20). (MEM-4)
# Info: $PROJECT_HOME/dct.cpp(36): Splitting object 'buf' into 8 segments (OPT-19)
# Info: Optimizing partition '/DCT': (Total ops = 3053, Real ops = 1214, Vars = 388) (SOL-10)
# Info: Optimizing partition '/DCT/core': (Total ops = 3053, Real ops = 1214, Vars = 384) (SOL-10)
# Info: Optimizing partition '/DCT/core': (Total ops = 2629, Real ops = 1046, Vars = 224) (SOL-10)
# Info: Optimizing partition '/DCT/core': (Total ops = 2405, Real ops = 950, Vars = 160) (SOL-10)
# Info: Optimizing partition '/DCT': (Total ops = 2405, Real ops = 950, Vars = 164) (SOL-10)
# Info: Completed transformation 'memories' on solution 'DCT.v2': elapsed time 10.13 seconds, memory usage 1442544kB, peak memory usage 2097912kB (SOL-9)
# Info: Starting transformation 'cluster' on solution 'DCT.v2' (SOL-8)
# Info: Completed transformation 'cluster' on solution 'DCT.v2': elapsed time 0.13 seconds, memory usage 1442544kB, peak memory usage 2097912kB (SOL-9)
# Info: Starting transformation 'architect' on solution 'DCT.v2' (SOL-8)
# Info: Optimizing partition '/DCT/core': (Total ops = 5732, Real ops = 950, Vars = 2061) (SOL-10)
# Info: Optimizing partition '/DCT/core': (Total ops = 2890, Real ops = 950, Vars = 557) (SOL-10)
# Design 'DCT' contains '982' real operations. (SOL-11)
# Info: Completed transformation 'architect' on solution 'DCT.v2': elapsed time 1.02 seconds, memory usage 1442544kB, peak memory usage 2097912kB (SOL-9)
# Info: Starting transformation 'allocate' on solution 'DCT.v2' (SOL-8)
# Performing concurrent resource allocation and scheduling on '/DCT/core' (CRAAS-1)
# Info: Select qualified components for data operations ... (CRAAS-3)
# Info: Apply resource constraints on data operations ... (CRAAS-4)
# $PROJECT_HOME/dct.cpp(56): Prescheduled LOOP '/DCT/core/loop_1-2:loop_2-2:loop_10-2:loop_12' (2 c-steps) (SCHD-7)
# $PROJECT_HOME/dct.cpp(56): Prescheduled LOOP '/DCT/core/loop_1-2:loop_2-2:loop_10-1:loop_12' (2 c-steps) (SCHD-7)
# $PROJECT_HOME/dct.cpp(43): Prescheduled LOOP '/DCT/core/loop_1-2:loop_2-2:loop_4-2:loop_6' (2 c-steps) (SCHD-7)
# $PROJECT_HOME/dct.cpp(43): Prescheduled LOOP '/DCT/core/loop_1-2:loop_2-2:loop_4-1:loop_6' (2 c-steps) (SCHD-7)
# $PROJECT_HOME/dct.cpp(56): Prescheduled LOOP '/DCT/core/loop_1-2:loop_2-1:loop_10-2:loop_12' (2 c-steps) (SCHD-7)
# $PROJECT_HOME/dct.cpp(56): Prescheduled LOOP '/DCT/core/loop_1-2:loop_2-1:loop_10-1:loop_12' (2 c-steps) (SCHD-7)
# $PROJECT_HOME/dct.cpp(43): Prescheduled LOOP '/DCT/core/loop_1-2:loop_2-1:loop_4-2:loop_6' (2 c-steps) (SCHD-7)
# $PROJECT_HOME/dct.cpp(43): Prescheduled LOOP '/DCT/core/loop_1-2:loop_2-1:loop_4-1:loop_6' (2 c-steps) (SCHD-7)
# $PROJECT_HOME/dct.cpp(56): Prescheduled LOOP '/DCT/core/loop_1-1:loop_2-2:loop_10-2:loop_12' (2 c-steps) (SCHD-7)
# $PROJECT_HOME/dct.cpp(56): Prescheduled LOOP '/DCT/core/loop_1-1:loop_2-2:loop_10-1:loop_12' (2 c-steps) (SCHD-7)
# $PROJECT_HOME/dct.cpp(43): Prescheduled LOOP '/DCT/core/loop_1-1:loop_2-2:loop_4-2:loop_6' (2 c-steps) (SCHD-7)
# $PROJECT_HOME/dct.cpp(43): Prescheduled LOOP '/DCT/core/loop_1-1:loop_2-2:loop_4-1:loop_6' (2 c-steps) (SCHD-7)
# $PROJECT_HOME/dct.cpp(56): Prescheduled LOOP '/DCT/core/loop_1-1:loop_2-1:loop_10-2:loop_12' (2 c-steps) (SCHD-7)
# $PROJECT_HOME/dct.cpp(56): Prescheduled LOOP '/DCT/core/loop_1-1:loop_2-1:loop_10-1:loop_12' (2 c-steps) (SCHD-7)
# $PROJECT_HOME/dct.cpp(43): Prescheduled LOOP '/DCT/core/loop_1-1:loop_2-1:loop_4-2:loop_6' (2 c-steps) (SCHD-7)
# $PROJECT_HOME/dct.cpp(43): Prescheduled LOOP '/DCT/core/loop_1-1:loop_2-1:loop_4-1:loop_6' (2 c-steps) (SCHD-7)
# $PROJECT_HOME/dct.cpp(60): Prescheduled LOOP '/DCT/core/loop_1-2:loop_2-2:loop_10-2:loop_13' (2 c-steps) (SCHD-7)
# $PROJECT_HOME/dct.cpp(54): Prescheduled LOOP '/DCT/core/loop_1-2:loop_2-2:loop_10-2:loop_11' (2 c-steps) (SCHD-7)
# $PROJECT_HOME/dct.cpp(60): Prescheduled LOOP '/DCT/core/loop_1-2:loop_2-2:loop_10-1:loop_13' (2 c-steps) (SCHD-7)
# $PROJECT_HOME/dct.cpp(54): Prescheduled LOOP '/DCT/core/loop_1-2:loop_2-2:loop_10-1:loop_11' (2 c-steps) (SCHD-7)
# $PROJECT_HOME/dct.cpp(47): Prescheduled LOOP '/DCT/core/loop_1-2:loop_2-2:loop_4-2:loop_7' (3 c-steps) (SCHD-7)
# $PROJECT_HOME/dct.cpp(41): Prescheduled LOOP '/DCT/core/loop_1-2:loop_2-2:loop_4-2:loop_5' (2 c-steps) (SCHD-7)
# $PROJECT_HOME/dct.cpp(47): Prescheduled LOOP '/DCT/core/loop_1-2:loop_2-2:loop_4-1:loop_7' (3 c-steps) (SCHD-7)
# $PROJECT_HOME/dct.cpp(41): Prescheduled LOOP '/DCT/core/loop_1-2:loop_2-2:loop_4-1:loop_5' (2 c-steps) (SCHD-7)
# $PROJECT_HOME/dct.cpp(60): Prescheduled LOOP '/DCT/core/loop_1-2:loop_2-1:loop_10-2:loop_13' (2 c-steps) (SCHD-7)
# $PROJECT_HOME/dct.cpp(54): Prescheduled LOOP '/DCT/core/loop_1-2:loop_2-1:loop_10-2:loop_11' (2 c-steps) (SCHD-7)
# $PROJECT_HOME/dct.cpp(60): Prescheduled LOOP '/DCT/core/loop_1-2:loop_2-1:loop_10-1:loop_13' (2 c-steps) (SCHD-7)
# $PROJECT_HOME/dct.cpp(54): Prescheduled LOOP '/DCT/core/loop_1-2:loop_2-1:loop_10-1:loop_11' (2 c-steps) (SCHD-7)
# $PROJECT_HOME/dct.cpp(47): Prescheduled LOOP '/DCT/core/loop_1-2:loop_2-1:loop_4-2:loop_7' (3 c-steps) (SCHD-7)
# $PROJECT_HOME/dct.cpp(41): Prescheduled LOOP '/DCT/core/loop_1-2:loop_2-1:loop_4-2:loop_5' (2 c-steps) (SCHD-7)
# $PROJECT_HOME/dct.cpp(47): Prescheduled LOOP '/DCT/core/loop_1-2:loop_2-1:loop_4-1:loop_7' (3 c-steps) (SCHD-7)
# $PROJECT_HOME/dct.cpp(41): Prescheduled LOOP '/DCT/core/loop_1-2:loop_2-1:loop_4-1:loop_5' (2 c-steps) (SCHD-7)
# $PROJECT_HOME/dct.cpp(60): Prescheduled LOOP '/DCT/core/loop_1-1:loop_2-2:loop_10-2:loop_13' (2 c-steps) (SCHD-7)
# $PROJECT_HOME/dct.cpp(54): Prescheduled LOOP '/DCT/core/loop_1-1:loop_2-2:loop_10-2:loop_11' (2 c-steps) (SCHD-7)
# $PROJECT_HOME/dct.cpp(60): Prescheduled LOOP '/DCT/core/loop_1-1:loop_2-2:loop_10-1:loop_13' (2 c-steps) (SCHD-7)
# $PROJECT_HOME/dct.cpp(54): Prescheduled LOOP '/DCT/core/loop_1-1:loop_2-2:loop_10-1:loop_11' (2 c-steps) (SCHD-7)
# $PROJECT_HOME/dct.cpp(47): Prescheduled LOOP '/DCT/core/loop_1-1:loop_2-2:loop_4-2:loop_7' (3 c-steps) (SCHD-7)
# $PROJECT_HOME/dct.cpp(41): Prescheduled LOOP '/DCT/core/loop_1-1:loop_2-2:loop_4-2:loop_5' (2 c-steps) (SCHD-7)
# $PROJECT_HOME/dct.cpp(47): Prescheduled LOOP '/DCT/core/loop_1-1:loop_2-2:loop_4-1:loop_7' (3 c-steps) (SCHD-7)
# $PROJECT_HOME/dct.cpp(41): Prescheduled LOOP '/DCT/core/loop_1-1:loop_2-2:loop_4-1:loop_5' (2 c-steps) (SCHD-7)
# $PROJECT_HOME/dct.cpp(60): Prescheduled LOOP '/DCT/core/loop_1-1:loop_2-1:loop_10-2:loop_13' (2 c-steps) (SCHD-7)
# $PROJECT_HOME/dct.cpp(54): Prescheduled LOOP '/DCT/core/loop_1-1:loop_2-1:loop_10-2:loop_11' (2 c-steps) (SCHD-7)
# $PROJECT_HOME/dct.cpp(60): Prescheduled LOOP '/DCT/core/loop_1-1:loop_2-1:loop_10-1:loop_13' (2 c-steps) (SCHD-7)
# $PROJECT_HOME/dct.cpp(54): Prescheduled LOOP '/DCT/core/loop_1-1:loop_2-1:loop_10-1:loop_11' (2 c-steps) (SCHD-7)
# $PROJECT_HOME/dct.cpp(47): Prescheduled LOOP '/DCT/core/loop_1-1:loop_2-1:loop_4-2:loop_7' (3 c-steps) (SCHD-7)
# $PROJECT_HOME/dct.cpp(41): Prescheduled LOOP '/DCT/core/loop_1-1:loop_2-1:loop_4-2:loop_5' (2 c-steps) (SCHD-7)
# $PROJECT_HOME/dct.cpp(47): Prescheduled LOOP '/DCT/core/loop_1-1:loop_2-1:loop_4-1:loop_7' (3 c-steps) (SCHD-7)
# $PROJECT_HOME/dct.cpp(41): Prescheduled LOOP '/DCT/core/loop_1-1:loop_2-1:loop_4-1:loop_5' (2 c-steps) (SCHD-7)
# $PROJECT_HOME/dct.cpp(52): Prescheduled LOOP '/DCT/core/loop_1-2:loop_2-2:loop_9' (5 c-steps) (SCHD-7)
# $PROJECT_HOME/dct.cpp(39): Prescheduled LOOP '/DCT/core/loop_1-2:loop_2-2:loop_3' (5 c-steps) (SCHD-7)
# $PROJECT_HOME/dct.cpp(52): Prescheduled LOOP '/DCT/core/loop_1-2:loop_2-1:loop_9' (5 c-steps) (SCHD-7)
# $PROJECT_HOME/dct.cpp(39): Prescheduled LOOP '/DCT/core/loop_1-2:loop_2-1:loop_3' (5 c-steps) (SCHD-7)
# $PROJECT_HOME/dct.cpp(52): Prescheduled LOOP '/DCT/core/loop_1-1:loop_2-2:loop_9' (5 c-steps) (SCHD-7)
# $PROJECT_HOME/dct.cpp(39): Prescheduled LOOP '/DCT/core/loop_1-1:loop_2-2:loop_3' (5 c-steps) (SCHD-7)
# $PROJECT_HOME/dct.cpp(52): Prescheduled LOOP '/DCT/core/loop_1-1:loop_2-1:loop_9' (5 c-steps) (SCHD-7)
# $PROJECT_HOME/dct.cpp(39): Prescheduled LOOP '/DCT/core/loop_1-1:loop_2-1:loop_3' (5 c-steps) (SCHD-7)
# $PROJECT_HOME/dct.cpp(38): Prescheduled LOOP '/DCT/core/loop_1-2:loop_2' (1 c-steps) (SCHD-7)
# $PROJECT_HOME/dct.cpp(38): Prescheduled LOOP '/DCT/core/loop_1-1:loop_2' (1 c-steps) (SCHD-7)
# $PROJECT_HOME/dct.cpp(67): Prescheduled LOOP '/DCT/core/loop_out' (3 c-steps) (SCHD-7)
# $PROJECT_HOME/dct.cpp(37): Prescheduled LOOP '/DCT/core/loop_1' (1 c-steps) (SCHD-7)
# $PROJECT_HOME/dct.cpp(33): Prescheduled LOOP '/DCT/core/loop_lmm' (2 c-steps) (SCHD-7)
# $PROJECT_HOME/dct.cpp(26): Prescheduled LOOP '/DCT/core/main' (1 c-steps) (SCHD-7)
# $PROJECT_HOME/dct.cpp(26): Prescheduled LOOP '/DCT/core/core:rlp' (0 c-steps) (SCHD-7)
# $PROJECT_HOME/dct.cpp(26): Prescheduled SEQUENTIAL '/DCT/core' (total length 188252289 c-steps) (SCHD-8)
# Info: $PROJECT_HOME/dct.cpp(26): Initial schedule of SEQUENTIAL '/DCT/core': Latency = 188252287, Area (Datapath, Register, Total) = 3885.00, 0.00, 3885.00 (CRAAS-11)
# At least one feasible schedule exists. (CRAAS-9)
# Info: Optimized LOOP '/DCT/core/loop_1-2:loop_2-2:loop_10-2:loop_12': Latency = 188252287, Area (Datapath, Register, Total) = 3885.00, 0.00, 3885.00 (CRAAS-10)
# Info: Optimized LOOP '/DCT/core/loop_1-2:loop_2-2:loop_10-2:loop_12': Latency = 192446591, Area (Datapath, Register, Total) = 3885.00, 0.00, 3885.00 (CRAAS-10)
# Info: Optimized LOOP '/DCT/core/loop_1-2:loop_2-2:loop_10-1:loop_12': Latency = 192446591, Area (Datapath, Register, Total) = 3885.00, 0.00, 3885.00 (CRAAS-10)
# Info: Optimized LOOP '/DCT/core/loop_1-2:loop_2-2:loop_10-1:loop_12': Latency = 196640895, Area (Datapath, Register, Total) = 3885.00, 0.00, 3885.00 (CRAAS-10)
# Info: Optimized LOOP '/DCT/core/loop_1-2:loop_2-2:loop_4-2:loop_6': Latency = 196640895, Area (Datapath, Register, Total) = 3885.00, 0.00, 3885.00 (CRAAS-10)
# Info: Optimized LOOP '/DCT/core/loop_1-2:loop_2-2:loop_4-2:loop_6': Latency = 200835199, Area (Datapath, Register, Total) = 3885.00, 0.00, 3885.00 (CRAAS-10)
# Info: Optimized LOOP '/DCT/core/loop_1-2:loop_2-2:loop_4-1:loop_6': Latency = 200835199, Area (Datapath, Register, Total) = 3885.00, 0.00, 3885.00 (CRAAS-10)
# Info: Optimized LOOP '/DCT/core/loop_1-2:loop_2-2:loop_4-1:loop_6': Latency = 205029503, Area (Datapath, Register, Total) = 3885.00, 0.00, 3885.00 (CRAAS-10)
# Info: Optimized LOOP '/DCT/core/loop_1-2:loop_2-1:loop_10-2:loop_12': Latency = 205029503, Area (Datapath, Register, Total) = 3885.00, 0.00, 3885.00 (CRAAS-10)
# Info: Optimized LOOP '/DCT/core/loop_1-2:loop_2-1:loop_10-2:loop_12': Latency = 209223807, Area (Datapath, Register, Total) = 3885.00, 0.00, 3885.00 (CRAAS-10)
# Info: Optimized LOOP '/DCT/core/loop_1-2:loop_2-1:loop_10-1:loop_12': Latency = 209223807, Area (Datapath, Register, Total) = 3885.00, 0.00, 3885.00 (CRAAS-10)
# Info: Optimized LOOP '/DCT/core/loop_1-2:loop_2-1:loop_10-1:loop_12': Latency = 213418111, Area (Datapath, Register, Total) = 3885.00, 0.00, 3885.00 (CRAAS-10)
# Info: Optimized LOOP '/DCT/core/loop_1-2:loop_2-1:loop_4-2:loop_6': Latency = 213418111, Area (Datapath, Register, Total) = 3885.00, 0.00, 3885.00 (CRAAS-10)
# Info: Optimized LOOP '/DCT/core/loop_1-2:loop_2-1:loop_4-2:loop_6': Latency = 217612415, Area (Datapath, Register, Total) = 3885.00, 0.00, 3885.00 (CRAAS-10)
# Info: Optimized LOOP '/DCT/core/loop_1-2:loop_2-1:loop_4-1:loop_6': Latency = 217612415, Area (Datapath, Register, Total) = 3885.00, 0.00, 3885.00 (CRAAS-10)
# Info: Optimized LOOP '/DCT/core/loop_1-2:loop_2-1:loop_4-1:loop_6': Latency = 221806719, Area (Datapath, Register, Total) = 3885.00, 0.00, 3885.00 (CRAAS-10)
# Info: Optimized LOOP '/DCT/core/loop_1-1:loop_2-2:loop_10-2:loop_12': Latency = 221806719, Area (Datapath, Register, Total) = 3885.00, 0.00, 3885.00 (CRAAS-10)
# Info: Optimized LOOP '/DCT/core/loop_1-1:loop_2-2:loop_10-2:loop_12': Latency = 226001023, Area (Datapath, Register, Total) = 3885.00, 0.00, 3885.00 (CRAAS-10)
# Info: Optimized LOOP '/DCT/core/loop_1-1:loop_2-2:loop_10-1:loop_12': Latency = 226001023, Area (Datapath, Register, Total) = 3885.00, 0.00, 3885.00 (CRAAS-10)
# Info: Optimized LOOP '/DCT/core/loop_1-1:loop_2-2:loop_10-1:loop_12': Latency = 230195327, Area (Datapath, Register, Total) = 3885.00, 0.00, 3885.00 (CRAAS-10)
# Info: Optimized LOOP '/DCT/core/loop_1-1:loop_2-2:loop_4-2:loop_6': Latency = 230195327, Area (Datapath, Register, Total) = 3885.00, 0.00, 3885.00 (CRAAS-10)
# Info: Optimized LOOP '/DCT/core/loop_1-1:loop_2-2:loop_4-2:loop_6': Latency = 234389631, Area (Datapath, Register, Total) = 3885.00, 0.00, 3885.00 (CRAAS-10)
# Info: Optimized LOOP '/DCT/core/loop_1-1:loop_2-2:loop_4-1:loop_6': Latency = 234389631, Area (Datapath, Register, Total) = 3885.00, 0.00, 3885.00 (CRAAS-10)
# Info: Optimized LOOP '/DCT/core/loop_1-1:loop_2-2:loop_4-1:loop_6': Latency = 238583935, Area (Datapath, Register, Total) = 3885.00, 0.00, 3885.00 (CRAAS-10)
# Info: Optimized LOOP '/DCT/core/loop_1-1:loop_2-1:loop_10-2:loop_12': Latency = 238583935, Area (Datapath, Register, Total) = 3885.00, 0.00, 3885.00 (CRAAS-10)
# Info: Optimized LOOP '/DCT/core/loop_1-1:loop_2-1:loop_10-2:loop_12': Latency = 242778239, Area (Datapath, Register, Total) = 3885.00, 0.00, 3885.00 (CRAAS-10)
# Info: Optimized LOOP '/DCT/core/loop_1-1:loop_2-1:loop_10-1:loop_12': Latency = 242778239, Area (Datapath, Register, Total) = 3885.00, 0.00, 3885.00 (CRAAS-10)
# Info: Optimized LOOP '/DCT/core/loop_1-1:loop_2-1:loop_10-1:loop_12': Latency = 246972543, Area (Datapath, Register, Total) = 3885.00, 0.00, 3885.00 (CRAAS-10)
# Info: Optimized LOOP '/DCT/core/loop_1-1:loop_2-1:loop_4-2:loop_6': Latency = 246972543, Area (Datapath, Register, Total) = 3885.00, 0.00, 3885.00 (CRAAS-10)
# Info: Optimized LOOP '/DCT/core/loop_1-1:loop_2-1:loop_4-2:loop_6': Latency = 251166847, Area (Datapath, Register, Total) = 3885.00, 0.00, 3885.00 (CRAAS-10)
# Info: Optimized LOOP '/DCT/core/loop_1-1:loop_2-1:loop_4-1:loop_6': Latency = 251166847, Area (Datapath, Register, Total) = 3218.00, 0.00, 3218.00 (CRAAS-10)
# Info: Optimized LOOP '/DCT/core/loop_1-1:loop_2-1:loop_4-1:loop_6': Latency = 255361151, Area (Datapath, Register, Total) = 2551.00, 0.00, 2551.00 (CRAAS-10)
# Info: $PROJECT_HOME/dct.cpp(26): Final schedule of SEQUENTIAL '/DCT/core': Latency = 255361151, Area (Datapath, Register, Total) = 2551.00, 0.00, 2551.00 (CRAAS-12)
# Resource allocation and scheduling done. (CRAAS-2)
# Netlist written to file 'schedule.gnt' (NET-4)
# Info: Completed transformation 'allocate' on solution 'DCT.v2': elapsed time 1.97 seconds, memory usage 1442544kB, peak memory usage 2097912kB (SOL-9)
# Info: Starting transformation 'schedule' on solution 'DCT.v2' (SOL-8)
# Performing concurrent resource allocation and scheduling on '/DCT/core' (CRAAS-1)
# Global signal 'dst:rsc.rdy' added to design 'DCT' for component 'dst:rsci' (LIB-3)
# Global signal 'dst:rsc.vld' added to design 'DCT' for component 'dst:rsci' (LIB-3)
# Global signal 'dst:rsc.dat' added to design 'DCT' for component 'dst:rsci' (LIB-3)
# Global signal 'src:rsc.rdy' added to design 'DCT' for component 'src:rsci' (LIB-3)
# Global signal 'src:rsc.vld' added to design 'DCT' for component 'src:rsci' (LIB-3)
# Global signal 'src:rsc.dat' added to design 'DCT' for component 'src:rsci' (LIB-3)
# Info: $PROJECT_HOME/dct.cpp(34): Creating buffer for wait controller for component 'src:rsc' (SCHD-46)
# Global signal 'mdst.data:rsc.we' added to design 'DCT' for component 'mdst.data:rsci' (LIB-3)
# Global signal 'mdst.data:rsc.d' added to design 'DCT' for component 'mdst.data:rsci' (LIB-3)
# Global signal 'mdst.data:rsc.wadr' added to design 'DCT' for component 'mdst.data:rsci' (LIB-3)
# Global signal 'mdst.data:rsc.re' added to design 'DCT' for component 'mdst.data:rsci' (LIB-3)
# Global signal 'mdst.data:rsc.q' added to design 'DCT' for component 'mdst.data:rsci' (LIB-3)
# Global signal 'mdst.data:rsc.radr' added to design 'DCT' for component 'mdst.data:rsci' (LIB-3)
# Info: $PROJECT_HOME/dct.cpp(46): Creating buffer for wait controller for component 'mdst.data:rsc' (SCHD-46)
# Global signal 'msrc.data:rsc.we' added to design 'DCT' for component 'msrc.data:rsci' (LIB-3)
# Global signal 'msrc.data:rsc.d' added to design 'DCT' for component 'msrc.data:rsci' (LIB-3)
# Global signal 'msrc.data:rsc.wadr' added to design 'DCT' for component 'msrc.data:rsci' (LIB-3)
# Global signal 'msrc.data:rsc.re' added to design 'DCT' for component 'msrc.data:rsci' (LIB-3)
# Global signal 'msrc.data:rsc.q' added to design 'DCT' for component 'msrc.data:rsci' (LIB-3)
# Global signal 'msrc.data:rsc.radr' added to design 'DCT' for component 'msrc.data:rsci' (LIB-3)
# Info: $PROJECT_HOME/dct.cpp(34): Creating buffer for wait controller for component 'msrc.data:rsc' (SCHD-46)
# Info: Optimizing partition '/DCT': (Total ops = 11735, Real ops = 1085, Vars = 1107) (SOL-10)
# Info: $PROJECT_HOME/dct.h(10): Splitting object 'mdst.data:rsci.radr_d.core' into 7 segments (OPT-19)
# Info: $PROJECT_HOME/dct.h(10): Splitting object 'mdst.data:rsci.wadr_d.core' into 8 segments (OPT-19)
# Info: $PROJECT_HOME/dct.h(10): Splitting object 'msrc.data:rsci.radr_d.core' into 7 segments (OPT-19)
# Info: $PROJECT_HOME/dct.cpp(33): Splitting object 'loop_lmm:i(22:0).sva' into 2 segments (OPT-19)
# Info: $PROJECT_HOME/dct.cpp(37): Splitting object 'loop_1:i(11:4).sva' into 2 segments (OPT-19)
# Info: $PROJECT_HOME/dct.cpp(38): Splitting object 'loop_2:j(11:4)#1.sva' into 2 segments (OPT-19)
# Info: $PROJECT_HOME/dct.cpp(39): Splitting object 'loop_3:k(3:1)#3.sva' into 2 segments (OPT-19)
# Info: $PROJECT_HOME/dct.cpp(41): Splitting object 'loop_5:x(3:0)#7.sva' into 2 segments (OPT-19)
# Info: $PROJECT_HOME/dct.cpp(43): Splitting object 'loop_6:y(3:0)#7.sva' into 2 segments (OPT-19)
# Info: $PROJECT_HOME/dct.cpp(41): Splitting object 'loop_5:x(3:0)#6.sva' into 2 segments (OPT-19)
# Info: $PROJECT_HOME/dct.cpp(43): Splitting object 'loop_6:y(3:0)#6.sva' into 2 segments (OPT-19)
# Info: $PROJECT_HOME/dct.cpp(52): Splitting object 'loop_9:k(3:1)#3.sva' into 2 segments (OPT-19)
# Info: $PROJECT_HOME/dct.cpp(54): Splitting object 'loop_11:x(3:0)#7.sva' into 2 segments (OPT-19)
# Info: $PROJECT_HOME/dct.cpp(56): Splitting object 'loop_12:y(3:0)#7.sva' into 2 segments (OPT-19)
# Info: $PROJECT_HOME/dct.cpp(60): Splitting object 'loop_13:z(3:0)#7.sva' into 2 segments (OPT-19)
# Info: $PROJECT_HOME/dct.cpp(54): Splitting object 'loop_11:x(3:0)#6.sva' into 2 segments (OPT-19)
# Info: $PROJECT_HOME/dct.cpp(56): Splitting object 'loop_12:y(3:0)#6.sva' into 2 segments (OPT-19)
# Info: $PROJECT_HOME/dct.cpp(60): Splitting object 'loop_13:z(3:0)#6.sva' into 2 segments (OPT-19)
# Info: $PROJECT_HOME/dct.cpp(39): Splitting object 'loop_3:k(3:1)#2.sva' into 2 segments (OPT-19)
# Info: $PROJECT_HOME/dct.cpp(41): Splitting object 'loop_5:x(3:0)#5.sva' into 2 segments (OPT-19)
# Info: $PROJECT_HOME/dct.cpp(43): Splitting object 'loop_6:y(3:0)#5.sva' into 2 segments (OPT-19)
# Info: $PROJECT_HOME/dct.cpp(41): Splitting object 'loop_5:x(3:0)#4.sva' into 2 segments (OPT-19)
# Info: $PROJECT_HOME/dct.cpp(43): Splitting object 'loop_6:y(3:0)#4.sva' into 2 segments (OPT-19)
# Info: $PROJECT_HOME/dct.cpp(52): Splitting object 'loop_9:k(3:1)#2.sva' into 2 segments (OPT-19)
# Info: $PROJECT_HOME/dct.cpp(54): Splitting object 'loop_11:x(3:0)#5.sva' into 2 segments (OPT-19)
# Info: $PROJECT_HOME/dct.cpp(56): Splitting object 'loop_12:y(3:0)#5.sva' into 2 segments (OPT-19)
# Info: $PROJECT_HOME/dct.cpp(60): Splitting object 'loop_13:z(3:0)#5.sva' into 2 segments (OPT-19)
# Info: $PROJECT_HOME/dct.cpp(54): Splitting object 'loop_11:x(3:0)#4.sva' into 2 segments (OPT-19)
# Info: $PROJECT_HOME/dct.cpp(56): Splitting object 'loop_12:y(3:0)#4.sva' into 2 segments (OPT-19)
# Info: $PROJECT_HOME/dct.cpp(60): Splitting object 'loop_13:z(3:0)#4.sva' into 2 segments (OPT-19)
# Info: $PROJECT_HOME/dct.cpp(38): Splitting object 'loop_2:j(11:4).sva' into 2 segments (OPT-19)
# Info: $PROJECT_HOME/dct.cpp(39): Splitting object 'loop_3:k(3:1)#1.sva' into 2 segments (OPT-19)
# Info: $PROJECT_HOME/dct.cpp(41): Splitting object 'loop_5:x(3:0)#3.sva' into 2 segments (OPT-19)
# Info: $PROJECT_HOME/dct.cpp(43): Splitting object 'loop_6:y(3:0)#3.sva' into 2 segments (OPT-19)
# Info: $PROJECT_HOME/dct.cpp(41): Splitting object 'loop_5:x(3:0)#2.sva' into 2 segments (OPT-19)
# Info: $PROJECT_HOME/dct.cpp(43): Splitting object 'loop_6:y(3:0)#2.sva' into 2 segments (OPT-19)
# Info: $PROJECT_HOME/dct.cpp(52): Splitting object 'loop_9:k(3:1)#1.sva' into 2 segments (OPT-19)
# Info: $PROJECT_HOME/dct.cpp(54): Splitting object 'loop_11:x(3:0)#3.sva' into 2 segments (OPT-19)
# Info: $PROJECT_HOME/dct.cpp(56): Splitting object 'loop_12:y(3:0)#3.sva' into 2 segments (OPT-19)
# Info: $PROJECT_HOME/dct.cpp(60): Splitting object 'loop_13:z(3:0)#3.sva' into 2 segments (OPT-19)
# Info: $PROJECT_HOME/dct.cpp(54): Splitting object 'loop_11:x(3:0)#2.sva' into 2 segments (OPT-19)
# Info: $PROJECT_HOME/dct.cpp(56): Splitting object 'loop_12:y(3:0)#2.sva' into 2 segments (OPT-19)
# Info: $PROJECT_HOME/dct.cpp(60): Splitting object 'loop_13:z(3:0)#2.sva' into 2 segments (OPT-19)
# Info: $PROJECT_HOME/dct.cpp(39): Splitting object 'loop_3:k(3:1).sva' into 2 segments (OPT-19)
# Info: $PROJECT_HOME/dct.cpp(41): Splitting object 'loop_5:x(3:0)#1.sva' into 2 segments (OPT-19)
# Info: $PROJECT_HOME/dct.cpp(43): Splitting object 'loop_6:y(3:0)#1.sva' into 2 segments (OPT-19)
# Info: $PROJECT_HOME/dct.cpp(41): Splitting object 'loop_5:x(3:0).sva' into 2 segments (OPT-19)
# Info: $PROJECT_HOME/dct.cpp(43): Splitting object 'loop_6:y(3:0).sva' into 2 segments (OPT-19)
# Info: $PROJECT_HOME/dct.cpp(52): Splitting object 'loop_9:k(3:1).sva' into 2 segments (OPT-19)
# Info: $PROJECT_HOME/dct.cpp(54): Splitting object 'loop_11:x(3:0)#1.sva' into 2 segments (OPT-19)
# Info: $PROJECT_HOME/dct.cpp(56): Splitting object 'loop_12:y(3:0)#1.sva' into 2 segments (OPT-19)
# Info: $PROJECT_HOME/dct.cpp(60): Splitting object 'loop_13:z(3:0)#1.sva' into 2 segments (OPT-19)
# Info: $PROJECT_HOME/dct.cpp(54): Splitting object 'loop_11:x(3:0).sva' into 2 segments (OPT-19)
# Info: $PROJECT_HOME/dct.cpp(56): Splitting object 'loop_12:y(3:0).sva' into 2 segments (OPT-19)
# Info: $PROJECT_HOME/dct.cpp(60): Splitting object 'loop_13:z(3:0).sva' into 2 segments (OPT-19)
# Info: $PROJECT_HOME/dct.cpp(67): Splitting object 'loop_out:i(22:0).sva' into 2 segments (OPT-19)
# Info: Optimizing partition '/DCT/DCT:core/core': (Total ops = 12781, Real ops = 982, Vars = 786) (SOL-10)
# Info: Optimizing partition '/DCT/DCT:core/core': (Total ops = 11547, Real ops = 982, Vars = 618) (SOL-10)
# Info: Optimizing partition '/DCT': (Total ops = 11937, Real ops = 1047, Vars = 975) (SOL-10)
# Info: $PROJECT_HOME/dct.h(10): Splitting object 'mdst.data:rsci.d_d.core' into 2 segments (OPT-19)
# Info: Optimizing partition '/DCT/DCT:core/core': (Total ops = 11515, Real ops = 982, Vars = 618) (SOL-10)
# Info: Optimizing partition '/DCT': (Total ops = 11880, Real ops = 1047, Vars = 955) (SOL-10)
# Info: Optimizing partition '/DCT/DCT:core/core': (Total ops = 11515, Real ops = 982, Vars = 618) (SOL-10)
# Info: Optimizing partition '/DCT': (Total ops = 11864, Real ops = 1045, Vars = 941) (SOL-10)
# Info: Optimizing partition '/DCT/DCT:core/core': (Total ops = 11515, Real ops = 982, Vars = 618) (SOL-10)
# Info: Optimizing partition '/DCT': (Total ops = 11860, Real ops = 1045, Vars = 935) (SOL-10)
# Info: Optimizing partition '/DCT/DCT:core/core': (Total ops = 11515, Real ops = 982, Vars = 618) (SOL-10)
# Info: Optimizing partition '/DCT': (Total ops = 11858, Real ops = 1045, Vars = 933) (SOL-10)
# Info: Optimizing partition '/DCT/DCT:core/core': (Total ops = 11515, Real ops = 982, Vars = 620) (SOL-10)
# Info: Optimizing partition '/DCT/DCT:core/core': (Total ops = 11134, Real ops = 982, Vars = 618) (SOL-10)
# Info: Optimizing partition '/DCT': (Total ops = 11477, Real ops = 1045, Vars = 931) (SOL-10)
# Report written to file 'cycle.rpt'
# Info: Completed transformation 'schedule' on solution 'DCT.v2': elapsed time 17.24 seconds, memory usage 1442544kB, peak memory usage 2097912kB (SOL-9)
# Info: Starting transformation 'dpfsm' on solution 'DCT.v2' (SOL-8)
# Performing FSM extraction... (FSM-1)
# Info: Optimizing partition '/DCT/DCT:core/core': (Total ops = 11134, Real ops = 982, Vars = 618) (SOL-10)
# Creating shared register 'loop_12:asn#263.itm' for variables 'loop_12:asn#263.itm, loop_12:asn#264.itm, loop_12:asn#265.itm, loop_12:asn#266.itm, loop_12:asn#267.itm, loop_12:asn#268.itm, loop_12:asn#269.itm, loop_12:asn#270.itm, loop_6:asn#255.itm, loop_6:asn#256.itm, loop_6:asn#257.itm, loop_6:asn#258.itm, loop_6:asn#259.itm, loop_6:asn#260.itm, loop_6:asn#261.itm, loop_6:asn#262.itm' (15 registers deleted). (FSM-3)
# Creating shared register 'buf(1).lpi#10' for variables 'buf(1).lpi#10, buf(1).sva#6, buf(1).lpi#15, buf(1).sva#10, buf(1).lpi#20, buf(1).sva#14, buf(1).lpi#26, buf(1).sva#18, buf(1).lpi#31, buf(1).sva#22, buf(1).lpi#36, buf(1).sva#26, buf(1).lpi#41, buf(1).sva#30, buf(1).lpi#5, buf(1).sva#2, buf(1).sva#31, buf(1).sva#32, buf(1).sva#3, buf(1).sva#4, buf(1).sva#1, buf(1).sva#13, buf(1).sva#17, buf(1).sva#21, buf(1).sva#25, buf(1).sva#29, buf(1).sva#5, buf(1).sva#9, buf(1).sva#11, buf(1).sva#12, buf(1).sva#15, buf(1).sva#16, buf(1).sva#19, buf(1).sva#20, buf(1).sva#23, buf(1).sva#24, buf(1).sva#27, buf(1).sva#28, buf(1).sva#7, buf(1).sva#8' (39 registers deleted). (FSM-3)
# Creating shared register 'buf(2).lpi#10' for variables 'buf(2).lpi#10, buf(2).sva#6, buf(2).lpi#15, buf(2).sva#10, buf(2).lpi#20, buf(2).sva#14, buf(2).lpi#26, buf(2).sva#18, buf(2).lpi#31, buf(2).sva#22, buf(2).lpi#36, buf(2).sva#26, buf(2).lpi#41, buf(2).sva#30, buf(2).lpi#5, buf(2).sva#2, buf(2).sva#31, buf(2).sva#32, buf(2).sva#3, buf(2).sva#4, buf(2).sva#1, buf(2).sva#13, buf(2).sva#17, buf(2).sva#21, buf(2).sva#25, buf(2).sva#29, buf(2).sva#5, buf(2).sva#9, buf(2).sva#11, buf(2).sva#12, buf(2).sva#15, buf(2).sva#16, buf(2).sva#19, buf(2).sva#20, buf(2).sva#23, buf(2).sva#24, buf(2).sva#27, buf(2).sva#28, buf(2).sva#7, buf(2).sva#8' (39 registers deleted). (FSM-3)
# Creating shared register 'buf(3).lpi#10' for variables 'buf(3).lpi#10, buf(3).sva#6, buf(3).lpi#15, buf(3).sva#10, buf(3).lpi#20, buf(3).sva#14, buf(3).lpi#26, buf(3).sva#18, buf(3).lpi#31, buf(3).sva#22, buf(3).lpi#36, buf(3).sva#26, buf(3).lpi#41, buf(3).sva#30, buf(3).lpi#5, buf(3).sva#2, buf(3).sva#31, buf(3).sva#32, buf(3).sva#3, buf(3).sva#4, buf(3).sva#1, buf(3).sva#13, buf(3).sva#17, buf(3).sva#21, buf(3).sva#25, buf(3).sva#29, buf(3).sva#5, buf(3).sva#9, buf(3).sva#11, buf(3).sva#12, buf(3).sva#15, buf(3).sva#16, buf(3).sva#19, buf(3).sva#20, buf(3).sva#23, buf(3).sva#24, buf(3).sva#27, buf(3).sva#28, buf(3).sva#7, buf(3).sva#8' (39 registers deleted). (FSM-3)
# Creating shared register 'buf(4).lpi#10' for variables 'buf(4).lpi#10, buf(4).sva#6, buf(4).lpi#15, buf(4).sva#10, buf(4).lpi#20, buf(4).sva#14, buf(4).lpi#26, buf(4).sva#18, buf(4).lpi#31, buf(4).sva#22, buf(4).lpi#36, buf(4).sva#26, buf(4).lpi#41, buf(4).sva#30, buf(4).lpi#5, buf(4).sva#2, buf(4).sva#31, buf(4).sva#32, buf(4).sva#3, buf(4).sva#4, buf(4).sva#1, buf(4).sva#13, buf(4).sva#17, buf(4).sva#21, buf(4).sva#25, buf(4).sva#29, buf(4).sva#5, buf(4).sva#9, buf(4).sva#11, buf(4).sva#12, buf(4).sva#15, buf(4).sva#16, buf(4).sva#19, buf(4).sva#20, buf(4).sva#23, buf(4).sva#24, buf(4).sva#27, buf(4).sva#28, buf(4).sva#7, buf(4).sva#8' (39 registers deleted). (FSM-3)
# Creating shared register 'buf(5).lpi#10' for variables 'buf(5).lpi#10, buf(5).sva#6, buf(5).lpi#15, buf(5).sva#10, buf(5).lpi#20, buf(5).sva#14, buf(5).lpi#26, buf(5).sva#18, buf(5).lpi#31, buf(5).sva#22, buf(5).lpi#36, buf(5).sva#26, buf(5).lpi#41, buf(5).sva#30, buf(5).lpi#5, buf(5).sva#2, buf(5).sva#31, buf(5).sva#32, buf(5).sva#3, buf(5).sva#4, buf(5).sva#1, buf(5).sva#13, buf(5).sva#17, buf(5).sva#21, buf(5).sva#25, buf(5).sva#29, buf(5).sva#5, buf(5).sva#9, buf(5).sva#11, buf(5).sva#12, buf(5).sva#15, buf(5).sva#16, buf(5).sva#19, buf(5).sva#20, buf(5).sva#23, buf(5).sva#24, buf(5).sva#27, buf(5).sva#28, buf(5).sva#7, buf(5).sva#8' (39 registers deleted). (FSM-3)
# Creating shared register 'buf(6).lpi#10' for variables 'buf(6).lpi#10, buf(6).sva#6, buf(6).lpi#15, buf(6).sva#10, buf(6).lpi#20, buf(6).sva#14, buf(6).lpi#26, buf(6).sva#18, buf(6).lpi#31, buf(6).sva#22, buf(6).lpi#36, buf(6).sva#26, buf(6).lpi#41, buf(6).sva#30, buf(6).lpi#5, buf(6).sva#2, buf(6).sva#31, buf(6).sva#32, buf(6).sva#3, buf(6).sva#4, buf(6).sva#1, buf(6).sva#13, buf(6).sva#17, buf(6).sva#21, buf(6).sva#25, buf(6).sva#29, buf(6).sva#5, buf(6).sva#9, buf(6).sva#11, buf(6).sva#12, buf(6).sva#15, buf(6).sva#16, buf(6).sva#19, buf(6).sva#20, buf(6).sva#23, buf(6).sva#24, buf(6).sva#27, buf(6).sva#28, buf(6).sva#7, buf(6).sva#8' (39 registers deleted). (FSM-3)
# Creating shared register 'buf(7).lpi#10' for variables 'buf(7).lpi#10, buf(7).sva#6, buf(7).lpi#15, buf(7).sva#10, buf(7).lpi#20, buf(7).sva#14, buf(7).lpi#26, buf(7).sva#18, buf(7).lpi#31, buf(7).sva#22, buf(7).lpi#36, buf(7).sva#26, buf(7).lpi#41, buf(7).sva#30, buf(7).lpi#5, buf(7).sva#2, buf(7).sva#31, buf(7).sva#32, buf(7).sva#3, buf(7).sva#4, buf(7).sva#1, buf(7).sva#13, buf(7).sva#17, buf(7).sva#21, buf(7).sva#25, buf(7).sva#29, buf(7).sva#5, buf(7).sva#9, buf(7).sva#11, buf(7).sva#12, buf(7).sva#15, buf(7).sva#16, buf(7).sva#19, buf(7).sva#20, buf(7).sva#23, buf(7).sva#24, buf(7).sva#27, buf(7).sva#28, buf(7).sva#7, buf(7).sva#8' (39 registers deleted). (FSM-3)
# Creating shared register 'loop_12:mux#64.itm' for variables 'loop_12:mux#64.itm, loop_12:mux#66.itm, loop_12:mux#68.itm, loop_12:mux#70.itm, loop_12:mux#72.itm, loop_12:mux#74.itm, loop_12:mux#76.itm, loop_12:mux#78.itm, loop_6:mux#64.itm, loop_6:mux#66.itm, loop_6:mux#68.itm, loop_6:mux#70.itm, loop_6:mux#72.itm, loop_6:mux#74.itm, loop_6:mux#76.itm, loop_6:mux#78.itm' (15 registers deleted). (FSM-3)
# Creating shared register 'buf(0).lpi#10' for variables 'buf(0).lpi#10, buf(0).lpi#15, buf(0).lpi#20, buf(0).lpi#26, buf(0).lpi#31, buf(0).lpi#36, buf(0).lpi#41, buf(0).lpi#5, buf(0).sva#1, buf(0).sva#11, buf(0).sva#13, buf(0).sva#17, buf(0).sva#19, buf(0).sva#21, buf(0).sva#23, buf(0).sva#25, buf(0).sva#27, buf(0).sva#29, buf(0).sva#3, buf(0).sva#31, buf(0).sva#5, buf(0).sva#7, buf(0).sva#9, buf(0).sva#10, buf(0).sva#14, buf(0).sva#18, buf(0).sva#2, buf(0).sva#22, buf(0).sva#26, buf(0).sva#30, buf(0).sva#6, buf(0).sva#8, buf(0).sva#32, buf(0).sva#28, buf(0).sva#24, buf(0).sva#4, buf(0).sva#20, buf(0).sva#12, buf(0).sva#16, buf(0).sva#15' (39 registers deleted). (FSM-3)
# Creating shared register 'loop_1-1:loop_2-1:loop_10-1:loop_12:slc(loop_12:acc#12)(3).itm' for variables 'loop_1-1:loop_2-1:loop_10-1:loop_12:slc(loop_12:acc#12)(3).itm, loop_1-1:loop_2-1:loop_10-2:loop_12:slc(loop_12:acc#12)(3).itm, loop_1-1:loop_2-2:loop_10-1:loop_12:slc(loop_12:acc#12)(3).itm, loop_1-1:loop_2-2:loop_10-2:loop_12:slc(loop_12:acc#12)(3).itm, loop_1-2:loop_2-1:loop_10-1:loop_12:slc(loop_12:acc#12)(3).itm, loop_1-2:loop_2-1:loop_10-2:loop_12:slc(loop_12:acc#12)(3).itm, loop_1-2:loop_2-2:loop_10-1:loop_12:slc(loop_12:acc#12)(3).itm, loop_1-2:loop_2-2:loop_10-2:loop_12:slc(loop_12:acc#12)(3).itm, loop_1-1:loop_2-1:loop_4-1:loop_6:slc(loop_6:acc#10)(3).itm, loop_1-1:loop_2-1:loop_4-2:loop_6:slc(loop_6:acc#10)(3).itm, loop_1-1:loop_2-2:loop_4-1:loop_6:slc(loop_6:acc#10)(3).itm, loop_1-1:loop_2-2:loop_4-2:loop_6:slc(loop_6:acc#10)(3).itm, loop_1-2:loop_2-1:loop_4-1:loop_6:slc(loop_6:acc#10)(3).itm, loop_1-2:loop_2-1:loop_4-2:loop_6:slc(loop_6:acc#10)(3).itm, loop_1-2:loop_2-2:loop_4-1:loop_6:slc(loop_6:acc#10)(3).itm, loop_1-2:loop_2-2:loop_4-2:loop_6:slc(loop_6:acc#10)(3).itm' (15 registers deleted). (FSM-3)
# Creating shared register 'loop_11:and.stg_1_0#1.sva' for variables 'loop_11:and.stg_1_0#1.sva, loop_11:and.stg_1_0#2.sva, loop_11:and.stg_1_0#3.sva, loop_11:and.stg_1_0#4.sva, loop_11:and.stg_1_0#5.sva, loop_11:and.stg_1_0#6.sva, loop_11:and.stg_1_0#7.sva, loop_11:and.stg_1_0.sva, loop_5:and.stg_1_0#1.sva, loop_5:and.stg_1_0#2.sva, loop_5:and.stg_1_0#3.sva, loop_5:and.stg_1_0#4.sva, loop_5:and.stg_1_0#5.sva, loop_5:and.stg_1_0#6.sva, loop_5:and.stg_1_0#7.sva, loop_5:and.stg_1_0.sva' (15 registers deleted). (FSM-3)
# Creating shared register 'loop_11:and.stg_1_1#1.sva' for variables 'loop_11:and.stg_1_1#1.sva, loop_11:and.stg_1_1#2.sva, loop_11:and.stg_1_1#3.sva, loop_11:and.stg_1_1#4.sva, loop_11:and.stg_1_1#5.sva, loop_11:and.stg_1_1#6.sva, loop_11:and.stg_1_1#7.sva, loop_11:and.stg_1_1.sva, loop_5:and.stg_1_1#1.sva, loop_5:and.stg_1_1#2.sva, loop_5:and.stg_1_1#3.sva, loop_5:and.stg_1_1#4.sva, loop_5:and.stg_1_1#5.sva, loop_5:and.stg_1_1#6.sva, loop_5:and.stg_1_1#7.sva, loop_5:and.stg_1_1.sva' (15 registers deleted). (FSM-3)
# Creating shared register 'loop_11:and.stg_1_2#1.sva' for variables 'loop_11:and.stg_1_2#1.sva, loop_11:and.stg_1_2#2.sva, loop_11:and.stg_1_2#3.sva, loop_11:and.stg_1_2#4.sva, loop_11:and.stg_1_2#5.sva, loop_11:and.stg_1_2#6.sva, loop_11:and.stg_1_2#7.sva, loop_11:and.stg_1_2.sva, loop_5:and.stg_1_2#1.sva, loop_5:and.stg_1_2#2.sva, loop_5:and.stg_1_2#3.sva, loop_5:and.stg_1_2#4.sva, loop_5:and.stg_1_2#5.sva, loop_5:and.stg_1_2#6.sva, loop_5:and.stg_1_2#7.sva, loop_5:and.stg_1_2.sva' (15 registers deleted). (FSM-3)
# Creating shared register 'loop_11:and.stg_1_3#1.sva' for variables 'loop_11:and.stg_1_3#1.sva, loop_11:and.stg_1_3#2.sva, loop_11:and.stg_1_3#3.sva, loop_11:and.stg_1_3#4.sva, loop_11:and.stg_1_3#5.sva, loop_11:and.stg_1_3#6.sva, loop_11:and.stg_1_3#7.sva, loop_11:and.stg_1_3.sva, loop_5:and.stg_1_3#1.sva, loop_5:and.stg_1_3#2.sva, loop_5:and.stg_1_3#3.sva, loop_5:and.stg_1_3#4.sva, loop_5:and.stg_1_3#5.sva, loop_5:and.stg_1_3#6.sva, loop_5:and.stg_1_3#7.sva, loop_5:and.stg_1_3.sva' (15 registers deleted). (FSM-3)
# Creating shared register 'loop_1-1:loop_2-1:loop_4-1:loop_7-2:loop_7:mux.itm' for variables 'loop_1-1:loop_2-1:loop_4-1:loop_7-2:loop_7:mux.itm, loop_1-1:loop_2-1:loop_4-2:loop_7-2:loop_7:mux.itm, loop_1-1:loop_2-2:loop_4-1:loop_7-2:loop_7:mux.itm, loop_1-1:loop_2-2:loop_4-2:loop_7-2:loop_7:mux.itm, loop_1-2:loop_2-1:loop_4-1:loop_7-2:loop_7:mux.itm, loop_1-2:loop_2-1:loop_4-2:loop_7-2:loop_7:mux.itm, loop_1-2:loop_2-2:loop_4-1:loop_7-2:loop_7:mux.itm, loop_1-2:loop_2-2:loop_4-2:loop_7-2:loop_7:mux.itm' (7 registers deleted). (FSM-3)
# Creating shared register 'loop_11:x(3:0)#1.sva(2:0)' for variables 'loop_11:x(3:0)#1.sva(2:0), loop_11:x(3:0)#2.sva(2:0), loop_11:x(3:0)#3.sva(2:0), loop_11:x(3:0)#4.sva(2:0), loop_11:x(3:0)#5.sva(2:0), loop_11:x(3:0)#6.sva(2:0), loop_11:x(3:0)#7.sva(2:0), loop_11:x(3:0).sva(2:0), loop_5:x(3:0)#1.sva(2:0), loop_5:x(3:0)#2.sva(2:0), loop_5:x(3:0)#3.sva(2:0), loop_5:x(3:0)#4.sva(2:0), loop_5:x(3:0)#5.sva(2:0), loop_5:x(3:0)#6.sva(2:0), loop_5:x(3:0)#7.sva(2:0), loop_5:x(3:0).sva(2:0), loop_13:z(3:0)#1.sva(2:0), loop_13:z(3:0)#2.sva(2:0), loop_13:z(3:0)#3.sva(2:0), loop_13:z(3:0)#4.sva(2:0), loop_13:z(3:0)#5.sva(2:0), loop_13:z(3:0)#6.sva(2:0), loop_13:z(3:0)#7.sva(2:0), loop_13:z(3:0).sva(2:0), loop_7:slc(loop_7-1:acc#5)(3-1).psp#1.sva, loop_7:slc(loop_7-1:acc#5)(3-1).psp#2.sva, loop_7:slc(loop_7-1:acc#5)(3-1).psp#3.sva, loop_7:slc(loop_7-1:acc#5)(3-1).psp#4.sva, loop_7:slc(loop_7-1:acc#5)(3-1).psp#5.sva, loop_7:slc(loop_7-1:acc#5)(3-1).psp#6.sva, loop_7:slc(loop_7-1:acc#5)(3-1).psp#7.sva, loop_7:slc(loop_7-1:acc#5)(3-1).psp.sva' (31 registers deleted). (FSM-3)
# Creating shared register 'loop_12:y(3:0)#1.sva(2:0)' for variables 'loop_12:y(3:0)#1.sva(2:0), loop_12:y(3:0)#2.sva(2:0), loop_12:y(3:0)#3.sva(2:0), loop_12:y(3:0)#4.sva(2:0), loop_12:y(3:0)#5.sva(2:0), loop_12:y(3:0)#6.sva(2:0), loop_12:y(3:0)#7.sva(2:0), loop_12:y(3:0).sva(2:0), loop_6:y(3:0)#1.sva(2:0), loop_6:y(3:0)#2.sva(2:0), loop_6:y(3:0)#3.sva(2:0), loop_6:y(3:0)#4.sva(2:0), loop_6:y(3:0)#5.sva(2:0), loop_6:y(3:0)#6.sva(2:0), loop_6:y(3:0)#7.sva(2:0), loop_6:y(3:0).sva(2:0)' (15 registers deleted). (FSM-3)
# Creating shared register 'loop_12:mux#65.itm' for variables 'loop_12:mux#65.itm, loop_12:mux#67.itm, loop_12:mux#69.itm, loop_12:mux#71.itm, loop_12:mux#73.itm, loop_12:mux#75.itm, loop_12:mux#77.itm, loop_12:mux#79.itm, loop_6:mux#65.itm, loop_6:mux#67.itm, loop_6:mux#69.itm, loop_6:mux#71.itm, loop_6:mux#73.itm, loop_6:mux#75.itm, loop_6:mux#77.itm, loop_6:mux#79.itm' (15 registers deleted). (FSM-3)
# Creating shared register 'loop_12:y(3:0)#1.sva#1' for variables 'loop_12:y(3:0)#1.sva#1, loop_12:y(3:0)#2.sva#1, loop_12:y(3:0)#3.sva#1, loop_12:y(3:0)#4.sva#1, loop_12:y(3:0)#5.sva#1, loop_12:y(3:0)#6.sva#1, loop_12:y(3:0)#7.sva#1, loop_12:y(3:0).sva#1, loop_13:z(3:0)#1.sva#1, loop_13:z(3:0)#2.sva#1, loop_13:z(3:0)#3.sva#1, loop_13:z(3:0)#4.sva#1, loop_13:z(3:0)#5.sva#1, loop_13:z(3:0)#6.sva#1, loop_13:z(3:0)#7.sva#1, loop_13:z(3:0).sva#1, loop_6:y(3:0)#1.sva#1, loop_6:y(3:0)#2.sva#1, loop_6:y(3:0)#3.sva#1, loop_6:y(3:0)#4.sva#1, loop_6:y(3:0)#5.sva#1, loop_6:y(3:0)#6.sva#1, loop_6:y(3:0)#7.sva#1, loop_6:y(3:0).sva#1' (23 registers deleted). (FSM-3)
# Creating shared register 'loop_2:j(11:4)#1.sva(6:0)' for variables 'loop_2:j(11:4)#1.sva(6:0), loop_2:j(11:4).sva(6:0)' (1 register deleted). (FSM-2)
# Creating shared register 'loop_7:z(2:1)#1.sva' for variables 'loop_7:z(2:1)#1.sva, loop_7:z(2:1)#2.sva, loop_7:z(2:1)#3.sva, loop_7:z(2:1)#4.sva, loop_7:z(2:1)#5.sva, loop_7:z(2:1)#6.sva, loop_7:z(2:1)#7.sva, loop_7:z(2:1).sva' (7 registers deleted). (FSM-3)
# Creating shared register 'loop_3:k(3:1)#1.sva(1:0)' for variables 'loop_3:k(3:1)#1.sva(1:0), loop_3:k(3:1)#2.sva(1:0), loop_3:k(3:1)#3.sva(1:0), loop_3:k(3:1).sva(1:0), loop_9:k(3:1)#1.sva(1:0), loop_9:k(3:1)#2.sva(1:0), loop_9:k(3:1)#3.sva(1:0), loop_9:k(3:1).sva(1:0)' (7 registers deleted). (FSM-3)
# Creating shared register 'loop_lmm:i(22:0).sva#1' for variables 'loop_lmm:i(22:0).sva#1, loop_out:i(22:0).sva#1' (1 register deleted). (FSM-2)
# Creating shared register 'loop_lmm:i(22:0).sva(21:0)' for variables 'loop_lmm:i(22:0).sva(21:0), loop_out:i(22:0).sva(21:0)' (1 register deleted). (FSM-2)
# Creating shared register 'loop_lmm:i(22:0).sva#1' for variables 'loop_lmm:i(22:0).sva#1, loop_out:i(22:0).sva#1, loop_12:mux#64.itm, loop_12:mux#66.itm, loop_12:mux#68.itm, loop_12:mux#70.itm, loop_12:mux#72.itm, loop_12:mux#74.itm, loop_12:mux#76.itm, loop_12:mux#78.itm, loop_6:mux#64.itm, loop_6:mux#66.itm, loop_6:mux#68.itm, loop_6:mux#70.itm, loop_6:mux#72.itm, loop_6:mux#74.itm, loop_6:mux#76.itm, loop_6:mux#78.itm, loop_lmm:i(22:0).sva(21:0), loop_out:i(22:0).sva(21:0)' (2 registers deleted). (FSM-3)
# Creating shared register 'buf(0).lpi#10' for variables 'buf(0).lpi#10, buf(0).lpi#15, buf(0).lpi#20, buf(0).lpi#26, buf(0).lpi#31, buf(0).lpi#36, buf(0).lpi#41, buf(0).lpi#5, buf(0).sva#1, buf(0).sva#11, buf(0).sva#13, buf(0).sva#17, buf(0).sva#19, buf(0).sva#21, buf(0).sva#23, buf(0).sva#25, buf(0).sva#27, buf(0).sva#29, buf(0).sva#3, buf(0).sva#31, buf(0).sva#5, buf(0).sva#7, buf(0).sva#9, buf(0).sva#10, buf(0).sva#14, buf(0).sva#18, buf(0).sva#2, buf(0).sva#22, buf(0).sva#26, buf(0).sva#30, buf(0).sva#6, buf(0).sva#8, buf(0).sva#32, buf(0).sva#28, buf(0).sva#24, buf(0).sva#4, buf(0).sva#20, buf(0).sva#12, buf(0).sva#16, buf(0).sva#15, loop_1-1:loop_2-1:loop_4-1:loop_7-2:loop_7:mux.itm, loop_1-1:loop_2-1:loop_4-2:loop_7-2:loop_7:mux.itm, loop_1-1:loop_2-2:loop_4-1:loop_7-2:loop_7:mux.itm, loop_1-1:loop_2-2:loop_4-2:loop_7-2:loop_7:mux.itm, loop_1-2:loop_2-1:loop_4-1:loop_7-2:loop_7:mux.itm, loop_1-2:loop_2-1:loop_4-2:loop_7-2:loop_7:mux.itm, loop_1-2:loop_2-2:loop_4-1:loop_7-2:loop_7:mux.itm, loop_1-2:loop_2-2:loop_4-2:loop_7-2:loop_7:mux.itm' (1 register deleted). (FSM-2)
# Creating shared register 'loop_11:x(3:0)#1.sva(2:0)' for variables 'loop_11:x(3:0)#1.sva(2:0), loop_11:x(3:0)#2.sva(2:0), loop_11:x(3:0)#3.sva(2:0), loop_11:x(3:0)#4.sva(2:0), loop_11:x(3:0)#5.sva(2:0), loop_11:x(3:0)#6.sva(2:0), loop_11:x(3:0)#7.sva(2:0), loop_11:x(3:0).sva(2:0), loop_5:x(3:0)#1.sva(2:0), loop_5:x(3:0)#2.sva(2:0), loop_5:x(3:0)#3.sva(2:0), loop_5:x(3:0)#4.sva(2:0), loop_5:x(3:0)#5.sva(2:0), loop_5:x(3:0)#6.sva(2:0), loop_5:x(3:0)#7.sva(2:0), loop_5:x(3:0).sva(2:0), loop_13:z(3:0)#1.sva(2:0), loop_13:z(3:0)#2.sva(2:0), loop_13:z(3:0)#3.sva(2:0), loop_13:z(3:0)#4.sva(2:0), loop_13:z(3:0)#5.sva(2:0), loop_13:z(3:0)#6.sva(2:0), loop_13:z(3:0)#7.sva(2:0), loop_13:z(3:0).sva(2:0), loop_7:slc(loop_7-1:acc#5)(3-1).psp#1.sva, loop_7:slc(loop_7-1:acc#5)(3-1).psp#2.sva, loop_7:slc(loop_7-1:acc#5)(3-1).psp#3.sva, loop_7:slc(loop_7-1:acc#5)(3-1).psp#4.sva, loop_7:slc(loop_7-1:acc#5)(3-1).psp#5.sva, loop_7:slc(loop_7-1:acc#5)(3-1).psp#6.sva, loop_7:slc(loop_7-1:acc#5)(3-1).psp#7.sva, loop_7:slc(loop_7-1:acc#5)(3-1).psp.sva, loop_7:z(2:1)#1.sva, loop_7:z(2:1)#2.sva, loop_7:z(2:1)#3.sva, loop_7:z(2:1)#4.sva, loop_7:z(2:1)#5.sva, loop_7:z(2:1)#6.sva, loop_7:z(2:1)#7.sva, loop_7:z(2:1).sva' (1 register deleted). (FSM-2)
# Info: Optimizing partition '/DCT': (Total ops = 7829, Real ops = 3430, Vars = 8774) (SOL-10)
# Info: Optimizing partition '/DCT/DCT:core/DCT:core_core:fsm': (Total ops = 172, Real ops = 2, Vars = 66) (SOL-10)
# Info: Optimizing partition '/DCT/DCT:core/DCT:core_core:fsm/DCT:core_core:fsm': (Total ops = 171, Real ops = 1, Vars = 1) (SOL-10)
# Info: Optimizing partition '/DCT': (Total ops = 6851, Real ops = 2923, Vars = 742) (SOL-10)
# Info: Optimizing partition '/DCT/DCT:core/DCT:core_core:fsm': (Total ops = 172, Real ops = 2, Vars = 66) (SOL-10)
# Info: Optimizing partition '/DCT/DCT:core/DCT:core_core:fsm/DCT:core_core:fsm': (Total ops = 171, Real ops = 1, Vars = 1) (SOL-10)
# Info: Optimizing partition '/DCT': (Total ops = 5432, Real ops = 2366, Vars = 648) (SOL-10)
# Info: Optimizing partition '/DCT/DCT:core/DCT:core_core:fsm': (Total ops = 172, Real ops = 2, Vars = 66) (SOL-10)
# Info: Optimizing partition '/DCT/DCT:core/DCT:core_core:fsm/DCT:core_core:fsm': (Total ops = 171, Real ops = 1, Vars = 1) (SOL-10)
# Info: Optimizing partition '/DCT': (Total ops = 5236, Real ops = 2274, Vars = 636) (SOL-10)
# Info: Optimizing partition '/DCT/DCT:core/DCT:core_core:fsm': (Total ops = 172, Real ops = 2, Vars = 66) (SOL-10)
# Info: Optimizing partition '/DCT/DCT:core/DCT:core_core:fsm/DCT:core_core:fsm': (Total ops = 171, Real ops = 1, Vars = 1) (SOL-10)
# Info: Optimizing partition '/DCT': (Total ops = 5180, Real ops = 2248, Vars = 625) (SOL-10)
# Info: Optimizing partition '/DCT/DCT:core/DCT:core_core:fsm': (Total ops = 172, Real ops = 2, Vars = 66) (SOL-10)
# Info: Optimizing partition '/DCT/DCT:core/DCT:core_core:fsm/DCT:core_core:fsm': (Total ops = 171, Real ops = 1, Vars = 1) (SOL-10)
# Info: Optimizing partition '/DCT': (Total ops = 5176, Real ops = 2246, Vars = 625) (SOL-10)
# Info: Optimizing partition '/DCT': (Total ops = 5231, Real ops = 2231, Vars = 701) (SOL-10)
# Info: Optimizing partition '/DCT/DCT:core/DCT:core_core:fsm': (Total ops = 172, Real ops = 2, Vars = 66) (SOL-10)
# Info: Optimizing partition '/DCT/DCT:core/DCT:core_core:fsm/DCT:core_core:fsm': (Total ops = 171, Real ops = 1, Vars = 1) (SOL-10)
# Info: Optimizing partition '/DCT': (Total ops = 5202, Real ops = 2228, Vars = 639) (SOL-10)
# Info: Optimizing partition '/DCT/DCT:core/DCT:core_core:fsm': (Total ops = 172, Real ops = 2, Vars = 66) (SOL-10)
# Info: Optimizing partition '/DCT/DCT:core/DCT:core_core:fsm/DCT:core_core:fsm': (Total ops = 171, Real ops = 1, Vars = 1) (SOL-10)
# Info: Optimizing partition '/DCT': (Total ops = 5172, Real ops = 2219, Vars = 629) (SOL-10)
# Info: Optimizing partition '/DCT/DCT:core/DCT:core_core:fsm': (Total ops = 172, Real ops = 2, Vars = 66) (SOL-10)
# Info: Optimizing partition '/DCT/DCT:core/DCT:core_core:fsm/DCT:core_core:fsm': (Total ops = 171, Real ops = 1, Vars = 1) (SOL-10)
# Info: Optimizing partition '/DCT': (Total ops = 5170, Real ops = 2219, Vars = 625) (SOL-10)
# Info: Optimizing partition '/DCT/DCT:core/DCT:core_core:fsm': (Total ops = 172, Real ops = 2, Vars = 66) (SOL-10)
# Info: Optimizing partition '/DCT/DCT:core/DCT:core_core:fsm/DCT:core_core:fsm': (Total ops = 171, Real ops = 1, Vars = 1) (SOL-10)
# Info: Optimizing partition '/DCT': (Total ops = 5168, Real ops = 2219, Vars = 623) (SOL-10)
# Info: Optimizing partition '/DCT/DCT:core/DCT:core_core:fsm': (Total ops = 172, Real ops = 2, Vars = 66) (SOL-10)
# Info: Optimizing partition '/DCT/DCT:core/DCT:core_core:fsm/DCT:core_core:fsm': (Total ops = 171, Real ops = 1, Vars = 1) (SOL-10)
# Info: Optimizing partition '/DCT': (Total ops = 5166, Real ops = 2217, Vars = 619) (SOL-10)
# Info: Optimizing partition '/DCT/DCT:core/DCT:core_core:fsm': (Total ops = 172, Real ops = 2, Vars = 66) (SOL-10)
# Info: Optimizing partition '/DCT': (Total ops = 5166, Real ops = 2217, Vars = 619) (SOL-10)
# Info: Optimizing partition '/DCT': (Total ops = 5166, Real ops = 2217, Vars = 619) (SOL-10)
# Info: Optimizing partition '/DCT/DCT:core/DCT:core_core:fsm': (Total ops = 172, Real ops = 2, Vars = 66) (SOL-10)
# Info: Optimizing partition '/DCT/DCT:core/DCT:core_core:fsm/DCT:core_core:fsm': (Total ops = 171, Real ops = 1, Vars = 1) (SOL-10)
# Info: Optimizing partition '/DCT': (Total ops = 5198, Real ops = 2243, Vars = 653) (SOL-10)
# Info: Optimizing partition '/DCT/DCT:core/DCT:core_core:fsm': (Total ops = 172, Real ops = 2, Vars = 66) (SOL-10)
# Info: Optimizing partition '/DCT/DCT:core/DCT:core_core:fsm/DCT:core_core:fsm': (Total ops = 171, Real ops = 1, Vars = 1) (SOL-10)
# Info: Optimizing partition '/DCT': (Total ops = 5183, Real ops = 2226, Vars = 618) (SOL-10)
# Info: Optimizing partition '/DCT/DCT:core/DCT:core_core:fsm': (Total ops = 172, Real ops = 2, Vars = 66) (SOL-10)
# Info: Optimizing partition '/DCT/DCT:core/DCT:core_core:fsm/DCT:core_core:fsm': (Total ops = 171, Real ops = 1, Vars = 1) (SOL-10)
# Info: Optimizing partition '/DCT': (Total ops = 5183, Real ops = 2226, Vars = 618) (SOL-10)
# Info: Optimizing partition '/DCT': (Total ops = 4815, Real ops = 2054, Vars = 597) (SOL-10)
# Info: Completed transformation 'dpfsm' on solution 'DCT.v2': elapsed time 6.02 seconds, memory usage 1442544kB, peak memory usage 2097912kB (SOL-9)
# Info: Starting transformation 'instance' on solution 'DCT.v2' (SOL-8)
# Reassigned operation loop_1-1:loop_2-1:loop_4-1:loop_6:acc#11:DEFAULT to mgc_add(4,0,2,0,4) (ASG-1)
# Reassigned operation loop_1-1:loop_2-1:loop_4-1:loop_6:acc#13:DEFAULT to mgc_add(4,0,2,0,4) (ASG-1)
# Reassigned operation loop_1-1:loop_2:slc(loop_2-2:loop_2:acc:mgc_add(7,0,2,1,8) to mgc_add(22,0,20,0,23) (ASG-1)
# Reassigned operation loop_1:slc(loop_1-2:loop_1:acc:mgc_add(7,0,2,1,8) to mgc_add(22,0,20,0,23) (ASG-1)
# Reassigned operation loop_out:acc#1:mgc_add(22,0,2,1,23) to mgc_add(22,0,20,0,23) (ASG-1)
# Reassigned operation loop_1-1:loop_2-1:loop_4-1:loop_6:loop_6:acc#1:mgc_add(20,0,20,0,20) to mgc_add(22,0,20,0,23) (ASG-1)
# Reassigned operation loop_1-2:loop_2-2:loop_4-1:loop_7:slc(loop_7-1:loop_7:acc:mgc_add(2,0,2,1,3) to mgc_add(3,0,1,0,4) (ASG-1)
# Reassigned operation loop_1-1:loop_2-1:loop_3:acc#2:mgc_add(2,0,2,1,3) to mgc_add(3,0,1,0,4) (ASG-1)
# Reassigned operation loop_1-2:loop_2-2:loop_10-1:loop_12:acc#7:mgc_add(3,0,2,1,4) to mgc_add(3,0,1,0,4) (ASG-1)
# Reassigned operation loop_1-1:loop_2-1:loop_10-1:loop_13:acc#5:mgc_add(3,0,2,1,4) to mgc_add(3,0,1,0,4) (ASG-1)
# Shared Operations loop_1-1:loop_2-1:loop_4-1:loop_6:mul#5,loop_1-1:loop_2-1:loop_4-1:loop_6:mul#7,loop_1-1:loop_2-1:loop_4-1:loop_6:mul#9,loop_1-1:loop_2-1:loop_4-1:mul#2 on resource loop_1-1:loop_2-1:loop_4-1:loop_6:mul#5:rg:mgc_mul(14,1,20,1,32) (ASG-3)
# Shared Operations loop_1-1:loop_2-1:loop_4-1:loop_6:acc#11,loop_1-1:loop_2-1:loop_4-1:loop_6:acc#13 on resource loop_1-1:loop_2-1:loop_4-1:loop_6:acc#11:rg:mgc_add(4,0,2,0,4) (ASG-3)
# Shared Operations loop_out:acc#1,loop_1-1:loop_2-1:loop_4-1:loop_6:loop_6:acc#1,loop_1-1:loop_2:slc(loop_2-2:loop_2:acc,loop_1:slc(loop_1-2:loop_1:acc on resource loop_1-1:loop_2-1:loop_4-1:loop_6:loop_6:acc#1:rg:mgc_add(22,0,20,0,23) (ASG-3)
# Shared Operations loop_1-2:loop_2-2:loop_10-1:loop_12:acc#7,loop_1-2:loop_2-2:loop_4-1:loop_7:slc(loop_7-1:loop_7:acc,loop_1-1:loop_2-1:loop_10-1:loop_13:acc#5,loop_1-1:loop_2-1:loop_3:acc#2 on resource loop_1-1:loop_2-1:loop_10-1:loop_13:acc#5:rg:mgc_add(3,0,1,0,4) (ASG-3)
# Info: Optimizing partition '/DCT': (Total ops = 5838, Real ops = 2526, Vars = 5532) (SOL-10)
# Info: Optimizing partition '/DCT/DCT:core/DCT:core_core:fsm': (Total ops = 172, Real ops = 2, Vars = 66) (SOL-10)
# Info: Optimizing partition '/DCT/DCT:core/DCT:core_core:fsm/DCT:core_core:fsm': (Total ops = 171, Real ops = 1, Vars = 1) (SOL-10)
# Info: Optimizing partition '/DCT': (Total ops = 5143, Real ops = 2165, Vars = 633) (SOL-10)
# Info: Optimizing partition '/DCT/DCT:core/DCT:core_core:fsm': (Total ops = 172, Real ops = 2, Vars = 66) (SOL-10)
# Info: Optimizing partition '/DCT/DCT:core/DCT:core_core:fsm/DCT:core_core:fsm': (Total ops = 171, Real ops = 1, Vars = 1) (SOL-10)
# Info: Optimizing partition '/DCT': (Total ops = 4903, Real ops = 2089, Vars = 586) (SOL-10)
# Info: Optimizing partition '/DCT/DCT:core/DCT:core_core:fsm': (Total ops = 172, Real ops = 2, Vars = 66) (SOL-10)
# Info: Optimizing partition '/DCT/DCT:core/DCT:core_core:fsm/DCT:core_core:fsm': (Total ops = 171, Real ops = 1, Vars = 1) (SOL-10)
# Info: Optimizing partition '/DCT': (Total ops = 4843, Real ops = 2063, Vars = 579) (SOL-10)
# Info: Optimizing partition '/DCT/DCT:core/DCT:core_core:fsm': (Total ops = 172, Real ops = 2, Vars = 66) (SOL-10)
# Info: Optimizing partition '/DCT/DCT:core/DCT:core_core:fsm/DCT:core_core:fsm': (Total ops = 171, Real ops = 1, Vars = 1) (SOL-10)
# Info: Optimizing partition '/DCT': (Total ops = 4813, Real ops = 2045, Vars = 574) (SOL-10)
# Info: Optimizing partition '/DCT/DCT:core/DCT:core_core:fsm': (Total ops = 172, Real ops = 2, Vars = 66) (SOL-10)
# Info: Optimizing partition '/DCT/DCT:core/DCT:core_core:fsm/DCT:core_core:fsm': (Total ops = 171, Real ops = 1, Vars = 1) (SOL-10)
# Info: Optimizing partition '/DCT': (Total ops = 4802, Real ops = 2045, Vars = 574) (SOL-10)
# Info: Optimizing partition '/DCT': (Total ops = 4804, Real ops = 2047, Vars = 576) (SOL-10)
# Info: Optimizing partition '/DCT/DCT:core/DCT:core_core:fsm': (Total ops = 172, Real ops = 2, Vars = 66) (SOL-10)
# Info: Optimizing partition '/DCT/DCT:core/DCT:core_core:fsm/DCT:core_core:fsm': (Total ops = 171, Real ops = 1, Vars = 1) (SOL-10)
# Info: Optimizing partition '/DCT': (Total ops = 4804, Real ops = 2047, Vars = 574) (SOL-10)
# Info: Optimizing partition '/DCT/DCT:core/DCT:core_core:fsm': (Total ops = 172, Real ops = 2, Vars = 66) (SOL-10)
# Info: Optimizing partition '/DCT': (Total ops = 4839, Real ops = 2076, Vars = 590) (SOL-10)
# Info: Optimizing partition '/DCT': (Total ops = 4839, Real ops = 2076, Vars = 590) (SOL-10)
# Info: Optimizing partition '/DCT/DCT:core/DCT:core_core:fsm': (Total ops = 172, Real ops = 2, Vars = 66) (SOL-10)
# Info: Optimizing partition '/DCT/DCT:core/DCT:core_core:fsm/DCT:core_core:fsm': (Total ops = 171, Real ops = 1, Vars = 1) (SOL-10)
# Info: Optimizing partition '/DCT': (Total ops = 4821, Real ops = 2059, Vars = 590) (SOL-10)
# Info: Optimizing partition '/DCT': (Total ops = 4821, Real ops = 2059, Vars = 590) (SOL-10)
# Info: Optimizing partition '/DCT/DCT:core/DCT:core_core:fsm': (Total ops = 172, Real ops = 2, Vars = 66) (SOL-10)
# Info: Optimizing partition '/DCT/DCT:core/DCT:core_core:fsm/DCT:core_core:fsm': (Total ops = 171, Real ops = 1, Vars = 1) (SOL-10)
# Netlist written to file 'schematic.nlv' (NET-4)
# Info: Completed transformation 'instance' on solution 'DCT.v2': elapsed time 2.59 seconds, memory usage 1442544kB, peak memory usage 2097912kB (SOL-9)
# Info: Starting transformation 'extract' on solution 'DCT.v2' (SOL-8)
# Info: Optimizing partition '/DCT': (Total ops = 4821, Real ops = 2059, Vars = 4589) (SOL-10)
# Info: Optimizing partition '/DCT/DCT:core/DCT:core_core:fsm': (Total ops = 172, Real ops = 2, Vars = 66) (SOL-10)
# Info: Optimizing partition '/DCT/DCT:core/DCT:core_core:fsm/DCT:core_core:fsm': (Total ops = 171, Real ops = 1, Vars = 1) (SOL-10)
# Info: Optimizing partition '/DCT': (Total ops = 4829, Real ops = 2058, Vars = 635) (SOL-10)
# Info: Optimizing partition '/DCT/DCT:core/DCT:core_core:fsm': (Total ops = 172, Real ops = 2, Vars = 66) (SOL-10)
# Info: Optimizing partition '/DCT/DCT:core/DCT:core_core:fsm/DCT:core_core:fsm': (Total ops = 171, Real ops = 1, Vars = 1) (SOL-10)
# Info: Optimizing partition '/DCT': (Total ops = 4735, Real ops = 2017, Vars = 601) (SOL-10)
# Info: Optimizing partition '/DCT/DCT:core/DCT:core_core:fsm': (Total ops = 172, Real ops = 2, Vars = 66) (SOL-10)
# Info: Optimizing partition '/DCT/DCT:core/DCT:core_core:fsm/DCT:core_core:fsm': (Total ops = 171, Real ops = 1, Vars = 1) (SOL-10)
# Info: Optimizing partition '/DCT': (Total ops = 4716, Real ops = 2011, Vars = 598) (SOL-10)
# Info: Optimizing partition '/DCT/DCT:core/DCT:core_core:fsm': (Total ops = 172, Real ops = 2, Vars = 66) (SOL-10)
# Info: Optimizing partition '/DCT/DCT:core/DCT:core_core:fsm/DCT:core_core:fsm': (Total ops = 171, Real ops = 1, Vars = 1) (SOL-10)
# Info: Optimizing partition '/DCT': (Total ops = 4713, Real ops = 2010, Vars = 598) (SOL-10)
# Info: Optimizing partition '/DCT/DCT:core/DCT:core_core:fsm': (Total ops = 172, Real ops = 2, Vars = 66) (SOL-10)
# Info: Optimizing partition '/DCT/DCT:core/DCT:core_core:fsm/DCT:core_core:fsm': (Total ops = 171, Real ops = 1, Vars = 1) (SOL-10)
# Info: Optimizing partition '/DCT/DCT:core/DCT:core_core:fsm': (Total ops = 172, Real ops = 2, Vars = 66) (SOL-10)
# Info: Optimizing partition '/DCT/DCT:core/DCT:core_core:fsm/DCT:core_core:fsm': (Total ops = 171, Real ops = 1, Vars = 1) (SOL-10)
# Info: Optimizing partition '/DCT': (Total ops = 4698, Real ops = 2012, Vars = 598) (SOL-10)
# Info: Optimizing partition '/DCT/DCT:core/DCT:core_core:fsm': (Total ops = 172, Real ops = 2, Vars = 66) (SOL-10)
# Info: Optimizing partition '/DCT/DCT:core/DCT:core_core:fsm/DCT:core_core:fsm': (Total ops = 171, Real ops = 1, Vars = 1) (SOL-10)
# Report written to file 'rtl.rpt'
# Generating scverify_top.cpp
# Netlist written to file 'rtl.vhdl' (NET-4)
# generate concat
# order file name is: rtl.vhdl_order.txt
# Add dependent file: /usr/local/bin/Mentor_Graphics/Catapult_Synthesis_10.4b-841621/Mgc_home/pkgs/siflibs/ccs_out_wait_v1.vhd
# Add dependent file: /usr/local/bin/Mentor_Graphics/Catapult_Synthesis_10.4b-841621/Mgc_home/pkgs/siflibs/ccs_in_wait_v1.vhd
# Add dependent file: /usr/local/bin/Mentor_Graphics/Catapult_Synthesis_10.4b-841621/Mgc_home/pkgs/ccs_xilinx/hdl/BLOCK_1R1W_RBW.vhd
# Add dependent file: ./rtl.vhdl
# Finished writing concatenated file: /home/mdk/Spector-HLS/dct/catapult/src/Catapult/DCT.v2/concat_rtl.vhdl
# order file name is: rtl.vhdl_order_sim.txt
# Add dependent file: /usr/local/bin/Mentor_Graphics/Catapult_Synthesis_10.4b-841621/Mgc_home/pkgs/siflibs/ccs_out_wait_v1.vhd
# Add dependent file: /usr/local/bin/Mentor_Graphics/Catapult_Synthesis_10.4b-841621/Mgc_home/pkgs/siflibs/ccs_in_wait_v1.vhd
# Add dependent file: /usr/local/bin/Mentor_Graphics/Catapult_Synthesis_10.4b-841621/Mgc_home/pkgs/ccs_xilinx/hdl/BLOCK_1R1W_RBW.vhd
# Add dependent file: ./rtl.vhdl
# Finished writing concatenated simulation file: /home/mdk/Spector-HLS/dct/catapult/src/Catapult/DCT.v2/concat_sim_rtl.vhdl
# Generating SCVerify testbench files
# Makefile for RTL VHDL output 'rtl.vhdl' vs Untimed C++ written to file './scverify/Verify_rtl_vhdl_msim.mk'
# Info: Xilinx Vivado synthesis script written to 'vivado_vhdl/rtl.vhdl.xv'
# Info: Xilinx Vivado synthesis script written to 'vivado_concat_vhdl/concat_rtl.vhdl.xv'
# Makefile for Concat RTL VHDL output 'concat_sim_rtl.vhdl' vs Untimed C++ written to file './scverify/Verify_concat_sim_rtl_vhdl_msim.mk'
# Netlist written to file 'rtl.v' (NET-4)
# generate concat
# order file name is: rtl.v_order.txt
# Add dependent file: /usr/local/bin/Mentor_Graphics/Catapult_Synthesis_10.4b-841621/Mgc_home/pkgs/siflibs/ccs_out_wait_v1.v
# Add dependent file: /usr/local/bin/Mentor_Graphics/Catapult_Synthesis_10.4b-841621/Mgc_home/pkgs/siflibs/ccs_in_wait_v1.v
# Add dependent file: /usr/local/bin/Mentor_Graphics/Catapult_Synthesis_10.4b-841621/Mgc_home/pkgs/ccs_xilinx/hdl/BLOCK_1R1W_RBW.v
# Add dependent file: ./rtl.v
# Finished writing concatenated file: /home/mdk/Spector-HLS/dct/catapult/src/Catapult/DCT.v2/concat_rtl.v
# order file name is: rtl.v_order_sim.txt
# Add dependent file: /usr/local/bin/Mentor_Graphics/Catapult_Synthesis_10.4b-841621/Mgc_home/pkgs/siflibs/ccs_out_wait_v1.v
# Add dependent file: /usr/local/bin/Mentor_Graphics/Catapult_Synthesis_10.4b-841621/Mgc_home/pkgs/siflibs/ccs_in_wait_v1.v
# Add dependent file: /usr/local/bin/Mentor_Graphics/Catapult_Synthesis_10.4b-841621/Mgc_home/pkgs/ccs_xilinx/hdl/BLOCK_1R1W_RBW.v
# Add dependent file: ./rtl.v
# Finished writing concatenated simulation file: /home/mdk/Spector-HLS/dct/catapult/src/Catapult/DCT.v2/concat_sim_rtl.v
# Makefile for RTL Verilog output 'rtl.v' vs Untimed C++ written to file './scverify/Verify_rtl_v_msim.mk'
# Info: Xilinx Vivado synthesis script written to 'vivado_v/rtl.v.xv'
# Info: Xilinx Vivado synthesis script written to 'vivado_concat_v/concat_rtl.v.xv'
# Makefile for Concat RTL Verilog output 'concat_sim_rtl.v' vs Untimed C++ written to file './scverify/Verify_concat_sim_rtl_v_msim.mk'
# Info: Completed transformation 'extract' on solution 'DCT.v2': elapsed time 8.95 seconds, memory usage 1442544kB, peak memory usage 2097912kB (SOL-9)
