-- Catapult Ultra Synthesis: Report                                              
-- ------------------------- ---------------------------------------------------
-- Version:                  10.4b/841621 Production Release                     
-- Build Date:               Thu Oct 24 17:20:07 PDT 2019                        
                                                                                 
-- Generated by:             mdk@mdk-FX504                                       
-- Generated date:           Fri Jan 03 06:36:56 PST 2020                        

Solution Settings: DCT.v1
  Current state: extract
  Project: Catapult
  
  Design Input Files Specified
    $PROJECT_HOME/dct.cpp
      $PROJECT_HOME/dct.h
        $MGC_HOME/shared/include/ac_channel.h
        $MGC_HOME/shared/include/ac_fixed.h
          $MGC_HOME/shared/include/ac_int.h
        $PROJECT_HOME/params.h
  
  Processes/Blocks in Design
    Process       Real Operation(s) count   Latency Throughput Reset Length II Comments 
    ------------- ----------------------- --------- ---------- ------------ -- --------
    /DCT/core                         136 236005631  236005633            0  0          
    Design Total:                     136 236005631  236005633            0  0          
    
  Bill Of Materials (Datapath)
    Component Name                       Area Score Area(DSP) Area(LUTs) Area(MUX_CARRYs) Delay Post Alloc Post Assign 
    ------------------------------------ ---------- --------- ---------- ---------------- ----- ---------- -----------
    [Lib: Xilinx_RAMS]                                                                                                 
    BLOCK_1R1W_RBW(20,11,2048,3)              1.000     0.000      0.000            0.000 0.910          0           1 
    BLOCK_1R1W_RBW(20,11,2048,4)              1.000     0.000      0.000            0.000 0.910          0           1 
    BLOCK_1R1W_RBW_rwport(20,11,2048,3)       1.000     0.000      0.000            0.000 0.910          1           0 
    BLOCK_1R1W_RBW_rwport(20,11,2048,4)       1.000     0.000      0.000            0.000 0.910          1           0 
    [Lib: ccs_ioport]                                                                                                  
    ccs_in_wait(2,20)                         0.000     0.000      0.000            0.000 0.000          1           1 
    ccs_out_wait(1,20)                        0.000     0.000      0.000            0.000 0.000          1           1 
    [Lib: mgc_Xilinx-VIRTEX-uplus-2_beh]                                                                               
    mgc_add(11,0,2,1,12)                     11.000     0.000     11.000           10.000 0.322          1           1 
    mgc_add(20,0,20,0,20)                    20.000     0.000     20.000           19.000 0.358          1           1 
    mgc_add(3,0,2,0,3)                        3.000     0.000      3.000            2.000 0.290          1           0 
    mgc_add(3,0,2,1,4)                        3.000     0.000      3.000            2.000 0.290          1           1 
    mgc_add(4,0,2,0,4)                        4.000     0.000      4.000            3.000 0.294          1           0 
    mgc_add(8,0,2,0,9)                        8.000     0.000      8.000            7.000 0.310          0           1 
    mgc_add(8,0,2,1,9)                        8.000     0.000      8.000            7.000 0.310          1           0 
    mgc_and(1,2)                              1.000     0.000      1.000            0.000 0.176          0          33 
    mgc_and(1,3)                              1.000     0.000      1.000            0.000 0.176          0          13 
    mgc_and(1,4)                              1.000     0.000      1.000            0.000 0.176          0           8 
    mgc_and(11,2)                            11.000     0.000     11.000            0.000 0.176          0           6 
    mgc_and(17,2)                            17.000     0.000     17.000            0.000 0.176          0           1 
    mgc_and(20,2)                            20.000     0.000     20.000            0.000 0.176          8           2 
    mgc_and(3,2)                              3.000     0.000      3.000            0.000 0.176          0           4 
    mgc_and(8,2)                              8.000     0.000      8.000            0.000 0.176          0           2 
    mgc_mul(14,1,20,1,32)                   667.000     1.000      0.000            0.000 1.412          1           1 
    mgc_mul(2,1,32,0,32)                   1334.000     2.000      0.000            0.000 1.481          1           1 
    mgc_mux(1,1,2)                            1.000     0.000      1.000            0.000 0.026          0          13 
    mgc_mux(11,1,2)                          11.000     0.000     11.000            0.000 0.026          0           1 
    mgc_mux(12,1,2)                          12.000     0.000     12.000            0.000 0.026          0           1 
    mgc_mux(14,1,2)                          14.000     0.000     14.000            0.000 0.026          0           1 
    mgc_mux(14,4,16)                         56.000     0.000     56.000            0.000 0.237          1           1 
    mgc_mux(19,3,8)                          38.000     0.000     38.000            0.000 0.208          1           0 
    mgc_mux(2,1,2)                            2.000     0.000      2.000            0.000 0.026          0           1 
    mgc_mux(20,1,2)                          20.000     0.000     20.000            0.000 0.026          8           4 
    mgc_mux(20,3,8)                          40.000     0.000     40.000            0.000 0.208          1           0 
    mgc_mux(3,1,2)                            3.000     0.000      3.000            0.000 0.026          0           3 
    mgc_mux(8,1,2)                            8.000     0.000      8.000            0.000 0.026          0           2 
    mgc_mux1hot(1,3)                          1.446     0.000      1.446            0.000 0.176          0           2 
    mgc_mux1hot(11,3)                        15.910     0.000     15.910            0.000 0.176          0           1 
    mgc_mux1hot(17,3)                        24.588     0.000     24.588            0.000 0.176          0           1 
    mgc_mux1hot(19,8)                        63.962     0.000     63.962            0.000 0.481          0           1 
    mgc_mux1hot(2,3)                          2.893     0.000      2.893            0.000 0.176          0           3 
    mgc_mux1hot(20,3)                        28.927     0.000     28.927            0.000 0.176          0           7 
    mgc_mux1hot(20,4)                        36.607     0.000     36.607            0.000 0.481          0           1 
    mgc_mux1hot(20,8)                        67.329     0.000     67.329            0.000 0.481          0           1 
    mgc_mux1hot(3,3)                          4.339     0.000      4.339            0.000 0.176          0           2 
    mgc_mux1hot(5,4)                          9.152     0.000      9.152            0.000 0.481          0           1 
    mgc_nand(1,2)                             1.000     0.000      1.000            0.000 0.176          0           8 
    mgc_nor(1,2)                              1.000     0.000      1.000            0.000 0.176          0          26 
    mgc_nor(1,4)                              1.000     0.000      1.000            0.000 0.176          0           5 
    mgc_not(1)                                0.000     0.000      0.000            0.000 0.000          0          55 
    mgc_or(1,2)                               1.000     0.000      1.000            0.000 0.176          0          36 
    mgc_or(1,3)                               1.000     0.000      1.000            0.000 0.176          0           6 
    mgc_or(1,4)                               1.000     0.000      1.000            0.000 0.176          0           5 
    mgc_or(1,5)                               1.000     0.000      1.000            0.000 0.176          0           2 
    mgc_or(1,8)                               2.000     0.000      2.000            0.000 0.481          0           1 
    mgc_reg_pos(1,0,0,0,0,1,1)                0.000     0.000      0.000            0.000 0.103          0           1 
    mgc_reg_pos(1,0,0,1,1,0,0)                0.000     0.000      0.000            0.000 0.103          0           5 
    mgc_reg_pos(1,0,0,1,1,1,1)                0.000     0.000      0.000            0.000 0.103          0           8 
    mgc_reg_pos(11,0,0,0,0,1,1)               0.000     0.000      0.000            0.000 0.103          0           1 
    mgc_reg_pos(14,0,0,0,0,1,1)               0.000     0.000      0.000            0.000 0.103          0           1 
    mgc_reg_pos(20,0,0,0,0,0,0)               0.000     0.000      0.000            0.000 0.103          0           1 
    mgc_reg_pos(20,0,0,0,0,1,1)               0.000     0.000      0.000            0.000 0.103          0          12 
    mgc_reg_pos(20,0,0,1,1,1,1)               0.000     0.000      0.000            0.000 0.103          0           1 
    mgc_reg_pos(3,0,0,0,0,1,1)                0.000     0.000      0.000            0.000 0.103          0           2 
    mgc_reg_pos(3,0,0,1,1,1,1)                0.000     0.000      0.000            0.000 0.103          0           1 
    mgc_reg_pos(4,0,0,1,1,1,1)                0.000     0.000      0.000            0.000 0.103          0           1 
    mgc_reg_pos(8,0,0,0,0,1,1)                0.000     0.000      0.000            0.000 0.103          0           1 
                                                                                                                       
    TOTAL AREA (After Assignment):         2993.281     3.000    990.000           38.000                              
    
  Area Scores
                      Post-Scheduling   Post-DP & FSM Post-Assignment 
    ----------------- --------------- --------------- ---------------
    Total Area Score:   2499.0          4524.2          3002.3        
    Total Reg:             0.0             0.0             0.0        
                                                                      
    DataPath:           2499.0 (100%)   4515.2 (100%)   2993.3 (100%) 
      MUX:               294.0  (12%)    721.2  (16%)    653.3  (22%) 
      FUNC:             2043.0  (82%)   3398.0  (75%)   2043.0  (68%) 
      LOGIC:             160.0   (6%)    394.0   (9%)    295.0  (10%) 
      BUFFER:              0.0             0.0             0.0        
      MEM:                 2.0   (0%)      2.0   (0%)      2.0   (0%) 
      ROM:                 0.0             0.0             0.0        
      REG:                 0.0             0.0             0.0        
                                                                      
    
    FSM:                   0.0             9.0   (0%)      9.0   (0%) 
      FSM-REG:             0.0             0.0             0.0        
      FSM-COMB:            0.0             9.0 (100%)      9.0 (100%) 
                                                                      
    
  Register-to-Variable Mappings
    Register                          Size(bits) Gated Register CG Opt Done Variables                                             
    --------------------------------- ---------- -------------- ----------- -----------------------------------------------------
    buf(0).lpi#5                              20         Y                  buf(0).lpi#5                                          
                                                                            buf(0).lpi#8                                          
                                                                            buf(0).sva#2                                          
                                                                            buf(0).sva#4                                          
                                                                            buf(0).sva#1                                          
                                                                            buf(0).sva#3                                          
                                                                            loop_lmm:i(11:0).sva#1                                
                                                                            loop_out:i(11:0).sva#1                                
    buf(1).lpi#5                              20         Y                  buf(1).lpi#5                                          
                                                                            buf(1).sva#4                                          
                                                                            buf(1).lpi#8                                          
                                                                            buf(1).sva#2                                          
                                                                            buf(1).sva#1                                          
                                                                            buf(1).sva#3                                          
    buf(2).lpi#5                              20         Y                  buf(2).lpi#5                                          
                                                                            buf(2).sva#4                                          
                                                                            buf(2).lpi#8                                          
                                                                            buf(2).sva#2                                          
                                                                            buf(2).sva#1                                          
                                                                            buf(2).sva#3                                          
    buf(3).lpi#5                              20         Y                  buf(3).lpi#5                                          
                                                                            buf(3).sva#4                                          
                                                                            buf(3).lpi#8                                          
                                                                            buf(3).sva#2                                          
                                                                            buf(3).sva#1                                          
                                                                            buf(3).sva#3                                          
    buf(4).lpi#5                              20         Y                  buf(4).lpi#5                                          
                                                                            buf(4).sva#4                                          
                                                                            buf(4).lpi#8                                          
                                                                            buf(4).sva#2                                          
                                                                            buf(4).sva#1                                          
                                                                            buf(4).sva#3                                          
    buf(5).lpi#5                              20         Y                  buf(5).lpi#5                                          
                                                                            buf(5).sva#4                                          
                                                                            buf(5).lpi#8                                          
                                                                            buf(5).sva#2                                          
                                                                            buf(5).sva#1                                          
                                                                            buf(5).sva#3                                          
    buf(6).lpi#5                              20         Y                  buf(6).lpi#5                                          
                                                                            buf(6).sva#4                                          
                                                                            buf(6).lpi#8                                          
                                                                            buf(6).sva#2                                          
                                                                            buf(6).sva#1                                          
                                                                            buf(6).sva#3                                          
    buf(7).lpi#5                              20         Y                  buf(7).lpi#5                                          
                                                                            buf(7).sva#4                                          
                                                                            buf(7).lpi#8                                          
                                                                            buf(7).sva#2                                          
                                                                            buf(7).sva#1                                          
                                                                            buf(7).sva#3                                          
    dst:rsci.idat                             20         Y           Y      dst:rsci.idat                                         
    loop_12:asn#23.itm                        20         Y                  loop_12:asn#23.itm                                    
                                                                            loop_6:asn#31.itm                                     
    loop_12:mux#8.itm                         20         Y           Y      loop_12:mux#8.itm                                     
                                                                            loop_6:mux#8.itm                                      
    mdst.data:rsci.q_d.bfwt                   20         Y           Y      mdst.data:rsci.q_d.bfwt                               
    msrc.data:rsci.q_d.bfwt                   20         Y           Y      msrc.data:rsci.q_d.bfwt                               
    src:rsci.idat.bfwt                        20                            src:rsci.idat.bfwt                                    
    loop_12:mux#9.itm                         14         Y                  loop_12:mux#9.itm                                     
                                                                            loop_6:mux#9.itm                                      
    loop_lmm:i(11:0).sva(10:0)                11         Y                  loop_lmm:i(11:0).sva(10:0)                            
                                                                            loop_out:i(11:0).sva(10:0)                            
                                                                            loop_1:i(11:3).sva(7:0)                               
    loop_2:j(11:3).sva(7:0)                    8         Y           Y      loop_2:j(11:3).sva(7:0)                               
    loop_12:y(3:0).sva#1                       4         Y           Y      loop_12:y(3:0).sva#1                                  
                                                                            loop_13:z(3:0).sva#1                                  
                                                                            loop_6:y(3:0).sva#1                                   
                                                                            loop_7:z(3:0).sva#1                                   
    loop_11:x(3:0).sva(2:0)                    3         Y           Y      loop_11:x(3:0).sva(2:0)                               
                                                                            loop_5:x(3:0).sva(2:0)                                
                                                                            loop_13:z(3:0).sva(2:0)                               
                                                                            loop_7:z(3:0).sva(2:0)                                
    loop_12:y(3:0).sva(2:0)                    3         Y                  loop_12:y(3:0).sva(2:0)                               
                                                                            loop_6:y(3:0).sva(2:0)                                
    loop_3:k(3:0).sva(2:0)                     3         Y           Y      loop_3:k(3:0).sva(2:0)                                
                                                                            loop_9:k(3:0).sva(2:0)                                
    core.wten.reg                              1                            core.wten.reg                                         
    dst:rsci.bcwt                              1                            dst:rsci.bcwt                                         
    loop_11:and.stg_1_0.sva                    1         Y           Y      loop_11:and.stg_1_0.sva                               
                                                                            loop_5:and.stg_1_0.sva                                
    loop_11:and.stg_1_1.sva                    1         Y           Y      loop_11:and.stg_1_1.sva                               
                                                                            loop_5:and.stg_1_1.sva                                
    loop_11:and.stg_1_2.sva                    1         Y           Y      loop_11:and.stg_1_2.sva                               
                                                                            loop_5:and.stg_1_2.sva                                
    loop_11:and.stg_1_3.sva                    1         Y           Y      loop_11:and.stg_1_3.sva                               
                                                                            loop_5:and.stg_1_3.sva                                
    loop_12:slc(loop_12:acc#9)(3).itm          1         Y           Y      loop_12:slc(loop_12:acc#9)(3).itm                     
                                                                            loop_6:slc(loop_6:acc#9)(3).itm                       
    mdst.data:rsci.bcwt                        1                            mdst.data:rsci.bcwt                                   
    msrc.data:rsci.bcwt                        1                            msrc.data:rsci.bcwt                                   
    reg(dst:rsci.oswt).cse                     1         Y                  reg(dst:rsci.oswt).cse                                
    reg(mdst.data:rsci.oswt).cse               1         Y                  reg(mdst.data:rsci.oswt).cse                          
    reg(msrc.data:rsci.oswt).cse               1         Y                  reg(msrc.data:rsci.oswt).cse                          
    reg(src:rsci.oswt).cse                     1         Y                  reg(src:rsci.oswt).cse                                
    src:rsci.bcwt                              1                            src:rsci.bcwt                                         
                                                                                                                                  
    Total:                                   340            315         103 (Total Gating Ratio: 0.93, CG Opt Gating Ratio: 0.30) 
    
  Timing Report
    Critical Path
      Max Delay:  4.261566999999999
      Slack:      5.738433000000001
      
      Path                                                                                                       Startpoint                      Endpoint             Delay  Slack  
      ---------------------------------------------------------------------------------------------------------- ------------------------------- -------------------- ------ ------
      1                                                                                                          DCT:core/DCT:core_core:fsm:inst DCT:core/reg(buf(0)) 4.2616 5.7384 
                                                                                                                                                                                    
        Instance                                                                                                 Component                                            Delta  Delay  
        --------                                                                                                 ---------                                            -----  -----  
        DCT:core/DCT:core_core:fsm:inst                                                                          DCT:core_core:fsm                                    0.0000 0.0000 
        DCT:core/fsm_output                                                                                                                                           0.0000 0.0000 
        DCT:core/slc(fsm_output)(14)#9                                                                                                                                0.0000 0.0000 
        DCT:core/slc(fsm_output)(14)#9.itm                                                                                                                            0.0000 0.0000 
        DCT:core/or#184                                                                                          mgc_or_1_2                                           0.1763 0.1763 
        DCT:core/or#184.cse                                                                                                                                           0.0000 0.1763 
        DCT:core/loop_6:mux1h                                                                                    mgc_mux1hot_11_3                                     0.1763 0.3526 
        DCT:core/loop_6:mux1h.itm                                                                                                                                     0.0000 0.3526 
        DCT:core/loop_6:and                                                                                      mgc_and_11_2                                         0.1763 0.5288 
        DCT:core/loop_6:and.itm                                                                                                                                       0.0000 0.5288 
        DCT:core/loop_6:conc                                                                                                                                          0.0000 0.5288 
        DCT:core/loop_6:conc.itm                                                                                                                                      0.0000 0.5288 
        DCT:core/loop_4:mul#2:rg                                                                                 mgc_mul_14_1_20_1_32                                 1.4125 1.9413 
        DCT:core/z.out                                                                                                                                                0.0000 1.9413 
        DCT:core/operator*<40,16,true,AC_TRN,AC_WRAP>:mul#1                                                      mgc_mul_2_1_32_0_32                                  1.4813 3.4226 
        DCT:core/operator*<40,16,true,AC_TRN,AC_WRAP>:mul#1.itm                                                                                                       0.0000 3.4226 
        DCT:core/operator*<40,16,true,AC_TRN,AC_WRAP>:slc(operator*<40,16,true,AC_TRN,AC_WRAP>:mul#1)(31-12)                                                          0.0000 3.4226 
        DCT:core/operator*<40,16,true,AC_TRN,AC_WRAP>:slc(operator*<40,16,true,AC_TRN,AC_WRAP>:mul#1)(31-12).itm                                                      0.0000 3.4226 
        DCT:core/loop_6:loop_6:acc#1                                                                             mgc_addc_20_0_20_0_20                                0.3582 3.7808 
        DCT:core/loop_6:loop_6:acc#1.ctmp.sva#1                                                                                                                       0.0000 3.7808 
        DCT:core/mux1h                                                                                           mgc_mux1hot_20_4                                     0.4808 4.2616 
        DCT:core/mux1h.itm                                                                                                                                            0.0000 4.2616 
        DCT:core/reg(buf(0))                                                                                     mgc_reg_pos_20_0_0_1_1_1_1                           0.0000 4.2616 
                                                                                                                                                                                    
      2                                                                                                          DCT:core/DCT:core_core:fsm:inst DCT:core/reg(buf(0)) 4.2616 5.7384 
                                                                                                                                                                                    
        Instance                                                                                                 Component                                            Delta  Delay  
        --------                                                                                                 ---------                                            -----  -----  
        DCT:core/DCT:core_core:fsm:inst                                                                          DCT:core_core:fsm                                    0.0000 0.0000 
        DCT:core/fsm_output                                                                                                                                           0.0000 0.0000 
        DCT:core/slc(fsm_output)(14)#9                                                                                                                                0.0000 0.0000 
        DCT:core/slc(fsm_output)(14)#9.itm                                                                                                                            0.0000 0.0000 
        DCT:core/or#184                                                                                          mgc_or_1_2                                           0.1763 0.1763 
        DCT:core/or#184.cse                                                                                                                                           0.0000 0.1763 
        DCT:core/loop_6:mux1h#1                                                                                  mgc_mux1hot_17_3                                     0.1763 0.3526 
        DCT:core/loop_6:mux1h#1.itm                                                                                                                                   0.0000 0.3526 
        DCT:core/loop_6:and#1                                                                                    mgc_and_17_2                                         0.1763 0.5288 
        DCT:core/loop_6:and#1.itm                                                                                                                                     0.0000 0.5288 
        DCT:core/loop_6:conc#2                                                                                                                                        0.0000 0.5288 
        DCT:core/loop_6:conc#2.itm                                                                                                                                    0.0000 0.5288 
        DCT:core/loop_4:mul#2:rg                                                                                 mgc_mul_14_1_20_1_32                                 1.4125 1.9413 
        DCT:core/z.out                                                                                                                                                0.0000 1.9413 
        DCT:core/operator*<40,16,true,AC_TRN,AC_WRAP>:mul#1                                                      mgc_mul_2_1_32_0_32                                  1.4813 3.4226 
        DCT:core/operator*<40,16,true,AC_TRN,AC_WRAP>:mul#1.itm                                                                                                       0.0000 3.4226 
        DCT:core/operator*<40,16,true,AC_TRN,AC_WRAP>:slc(operator*<40,16,true,AC_TRN,AC_WRAP>:mul#1)(31-12)                                                          0.0000 3.4226 
        DCT:core/operator*<40,16,true,AC_TRN,AC_WRAP>:slc(operator*<40,16,true,AC_TRN,AC_WRAP>:mul#1)(31-12).itm                                                      0.0000 3.4226 
        DCT:core/loop_6:loop_6:acc#1                                                                             mgc_addc_20_0_20_0_20                                0.3582 3.7808 
        DCT:core/loop_6:loop_6:acc#1.ctmp.sva#1                                                                                                                       0.0000 3.7808 
        DCT:core/mux1h                                                                                           mgc_mux1hot_20_4                                     0.4808 4.2616 
        DCT:core/mux1h.itm                                                                                                                                            0.0000 4.2616 
        DCT:core/reg(buf(0))                                                                                     mgc_reg_pos_20_0_0_1_1_1_1                           0.0000 4.2616 
                                                                                                                                                                                    
      3                                                                                                          DCT:core/DCT:core_core:fsm:inst DCT:core/reg(buf(0)) 4.2616 5.7384 
                                                                                                                                                                                    
        Instance                                                                                                 Component                                            Delta  Delay  
        --------                                                                                                 ---------                                            -----  -----  
        DCT:core/DCT:core_core:fsm:inst                                                                          DCT:core_core:fsm                                    0.0000 0.0000 
        DCT:core/fsm_output                                                                                                                                           0.0000 0.0000 
        DCT:core/slc(fsm_output)(4)#9                                                                                                                                 0.0000 0.0000 
        DCT:core/slc(fsm_output)(4)#9.itm                                                                                                                             0.0000 0.0000 
        DCT:core/or#184                                                                                          mgc_or_1_2                                           0.1763 0.1763 
        DCT:core/or#184.cse                                                                                                                                           0.0000 0.1763 
        DCT:core/loop_6:mux1h#1                                                                                  mgc_mux1hot_17_3                                     0.1763 0.3526 
        DCT:core/loop_6:mux1h#1.itm                                                                                                                                   0.0000 0.3526 
        DCT:core/loop_6:and#1                                                                                    mgc_and_17_2                                         0.1763 0.5288 
        DCT:core/loop_6:and#1.itm                                                                                                                                     0.0000 0.5288 
        DCT:core/loop_6:conc#2                                                                                                                                        0.0000 0.5288 
        DCT:core/loop_6:conc#2.itm                                                                                                                                    0.0000 0.5288 
        DCT:core/loop_4:mul#2:rg                                                                                 mgc_mul_14_1_20_1_32                                 1.4125 1.9413 
        DCT:core/z.out                                                                                                                                                0.0000 1.9413 
        DCT:core/operator*<40,16,true,AC_TRN,AC_WRAP>:mul#1                                                      mgc_mul_2_1_32_0_32                                  1.4813 3.4226 
        DCT:core/operator*<40,16,true,AC_TRN,AC_WRAP>:mul#1.itm                                                                                                       0.0000 3.4226 
        DCT:core/operator*<40,16,true,AC_TRN,AC_WRAP>:slc(operator*<40,16,true,AC_TRN,AC_WRAP>:mul#1)(31-12)                                                          0.0000 3.4226 
        DCT:core/operator*<40,16,true,AC_TRN,AC_WRAP>:slc(operator*<40,16,true,AC_TRN,AC_WRAP>:mul#1)(31-12).itm                                                      0.0000 3.4226 
        DCT:core/loop_6:loop_6:acc#1                                                                             mgc_addc_20_0_20_0_20                                0.3582 3.7808 
        DCT:core/loop_6:loop_6:acc#1.ctmp.sva#1                                                                                                                       0.0000 3.7808 
        DCT:core/mux1h                                                                                           mgc_mux1hot_20_4                                     0.4808 4.2616 
        DCT:core/mux1h.itm                                                                                                                                            0.0000 4.2616 
        DCT:core/reg(buf(0))                                                                                     mgc_reg_pos_20_0_0_1_1_1_1                           0.0000 4.2616 
                                                                                                                                                                                    
      4                                                                                                          DCT:core/DCT:core_core:fsm:inst DCT:core/reg(buf(0)) 4.2616 5.7384 
                                                                                                                                                                                    
        Instance                                                                                                 Component                                            Delta  Delay  
        --------                                                                                                 ---------                                            -----  -----  
        DCT:core/DCT:core_core:fsm:inst                                                                          DCT:core_core:fsm                                    0.0000 0.0000 
        DCT:core/fsm_output                                                                                                                                           0.0000 0.0000 
        DCT:core/slc(fsm_output)(16)#3                                                                                                                                0.0000 0.0000 
        DCT:core/slc(fsm_output)(16)#3.itm                                                                                                                            0.0000 0.0000 
        DCT:core/or#63                                                                                           mgc_or_1_2                                           0.1763 0.1763 
        DCT:core/or.dcpl#51                                                                                                                                           0.0000 0.1763 
        DCT:core/loop_6:mux1h#1                                                                                  mgc_mux1hot_17_3                                     0.1763 0.3526 
        DCT:core/loop_6:mux1h#1.itm                                                                                                                                   0.0000 0.3526 
        DCT:core/loop_6:and#1                                                                                    mgc_and_17_2                                         0.1763 0.5288 
        DCT:core/loop_6:and#1.itm                                                                                                                                     0.0000 0.5288 
        DCT:core/loop_6:conc#2                                                                                                                                        0.0000 0.5288 
        DCT:core/loop_6:conc#2.itm                                                                                                                                    0.0000 0.5288 
        DCT:core/loop_4:mul#2:rg                                                                                 mgc_mul_14_1_20_1_32                                 1.4125 1.9413 
        DCT:core/z.out                                                                                                                                                0.0000 1.9413 
        DCT:core/operator*<40,16,true,AC_TRN,AC_WRAP>:mul#1                                                      mgc_mul_2_1_32_0_32                                  1.4813 3.4226 
        DCT:core/operator*<40,16,true,AC_TRN,AC_WRAP>:mul#1.itm                                                                                                       0.0000 3.4226 
        DCT:core/operator*<40,16,true,AC_TRN,AC_WRAP>:slc(operator*<40,16,true,AC_TRN,AC_WRAP>:mul#1)(31-12)                                                          0.0000 3.4226 
        DCT:core/operator*<40,16,true,AC_TRN,AC_WRAP>:slc(operator*<40,16,true,AC_TRN,AC_WRAP>:mul#1)(31-12).itm                                                      0.0000 3.4226 
        DCT:core/loop_6:loop_6:acc#1                                                                             mgc_addc_20_0_20_0_20                                0.3582 3.7808 
        DCT:core/loop_6:loop_6:acc#1.ctmp.sva#1                                                                                                                       0.0000 3.7808 
        DCT:core/mux1h                                                                                           mgc_mux1hot_20_4                                     0.4808 4.2616 
        DCT:core/mux1h.itm                                                                                                                                            0.0000 4.2616 
        DCT:core/reg(buf(0))                                                                                     mgc_reg_pos_20_0_0_1_1_1_1                           0.0000 4.2616 
                                                                                                                                                                                    
      5                                                                                                          DCT:core/DCT:core_core:fsm:inst DCT:core/reg(buf(0)) 4.2616 5.7384 
                                                                                                                                                                                    
        Instance                                                                                                 Component                                            Delta  Delay  
        --------                                                                                                 ---------                                            -----  -----  
        DCT:core/DCT:core_core:fsm:inst                                                                          DCT:core_core:fsm                                    0.0000 0.0000 
        DCT:core/fsm_output                                                                                                                                           0.0000 0.0000 
        DCT:core/slc(fsm_output)(18)#3                                                                                                                                0.0000 0.0000 
        DCT:core/slc(fsm_output)(18)#3.itm                                                                                                                            0.0000 0.0000 
        DCT:core/or#165                                                                                          mgc_or_1_2                                           0.1763 0.1763 
        DCT:core/or.tmp#83                                                                                                                                            0.0000 0.1763 
        DCT:core/loop_6:mux1h#1                                                                                  mgc_mux1hot_17_3                                     0.1763 0.3526 
        DCT:core/loop_6:mux1h#1.itm                                                                                                                                   0.0000 0.3526 
        DCT:core/loop_6:and#1                                                                                    mgc_and_17_2                                         0.1763 0.5288 
        DCT:core/loop_6:and#1.itm                                                                                                                                     0.0000 0.5288 
        DCT:core/loop_6:conc#2                                                                                                                                        0.0000 0.5288 
        DCT:core/loop_6:conc#2.itm                                                                                                                                    0.0000 0.5288 
        DCT:core/loop_4:mul#2:rg                                                                                 mgc_mul_14_1_20_1_32                                 1.4125 1.9413 
        DCT:core/z.out                                                                                                                                                0.0000 1.9413 
        DCT:core/operator*<40,16,true,AC_TRN,AC_WRAP>:mul#1                                                      mgc_mul_2_1_32_0_32                                  1.4813 3.4226 
        DCT:core/operator*<40,16,true,AC_TRN,AC_WRAP>:mul#1.itm                                                                                                       0.0000 3.4226 
        DCT:core/operator*<40,16,true,AC_TRN,AC_WRAP>:slc(operator*<40,16,true,AC_TRN,AC_WRAP>:mul#1)(31-12)                                                          0.0000 3.4226 
        DCT:core/operator*<40,16,true,AC_TRN,AC_WRAP>:slc(operator*<40,16,true,AC_TRN,AC_WRAP>:mul#1)(31-12).itm                                                      0.0000 3.4226 
        DCT:core/loop_6:loop_6:acc#1                                                                             mgc_addc_20_0_20_0_20                                0.3582 3.7808 
        DCT:core/loop_6:loop_6:acc#1.ctmp.sva#1                                                                                                                       0.0000 3.7808 
        DCT:core/mux1h                                                                                           mgc_mux1hot_20_4                                     0.4808 4.2616 
        DCT:core/mux1h.itm                                                                                                                                            0.0000 4.2616 
        DCT:core/reg(buf(0))                                                                                     mgc_reg_pos_20_0_0_1_1_1_1                           0.0000 4.2616 
                                                                                                                                                                                    
      6                                                                                                          DCT:core/DCT:core_core:fsm:inst DCT:core/reg(buf(0)) 4.2616 5.7384 
                                                                                                                                                                                    
        Instance                                                                                                 Component                                            Delta  Delay  
        --------                                                                                                 ---------                                            -----  -----  
        DCT:core/DCT:core_core:fsm:inst                                                                          DCT:core_core:fsm                                    0.0000 0.0000 
        DCT:core/fsm_output                                                                                                                                           0.0000 0.0000 
        DCT:core/slc(fsm_output)(6)#3                                                                                                                                 0.0000 0.0000 
        DCT:core/slc(fsm_output)(6)#3.itm                                                                                                                             0.0000 0.0000 
        DCT:core/or#63                                                                                           mgc_or_1_2                                           0.1763 0.1763 
        DCT:core/or.dcpl#51                                                                                                                                           0.0000 0.1763 
        DCT:core/loop_6:mux1h#1                                                                                  mgc_mux1hot_17_3                                     0.1763 0.3526 
        DCT:core/loop_6:mux1h#1.itm                                                                                                                                   0.0000 0.3526 
        DCT:core/loop_6:and#1                                                                                    mgc_and_17_2                                         0.1763 0.5288 
        DCT:core/loop_6:and#1.itm                                                                                                                                     0.0000 0.5288 
        DCT:core/loop_6:conc#2                                                                                                                                        0.0000 0.5288 
        DCT:core/loop_6:conc#2.itm                                                                                                                                    0.0000 0.5288 
        DCT:core/loop_4:mul#2:rg                                                                                 mgc_mul_14_1_20_1_32                                 1.4125 1.9413 
        DCT:core/z.out                                                                                                                                                0.0000 1.9413 
        DCT:core/operator*<40,16,true,AC_TRN,AC_WRAP>:mul#1                                                      mgc_mul_2_1_32_0_32                                  1.4813 3.4226 
        DCT:core/operator*<40,16,true,AC_TRN,AC_WRAP>:mul#1.itm                                                                                                       0.0000 3.4226 
        DCT:core/operator*<40,16,true,AC_TRN,AC_WRAP>:slc(operator*<40,16,true,AC_TRN,AC_WRAP>:mul#1)(31-12)                                                          0.0000 3.4226 
        DCT:core/operator*<40,16,true,AC_TRN,AC_WRAP>:slc(operator*<40,16,true,AC_TRN,AC_WRAP>:mul#1)(31-12).itm                                                      0.0000 3.4226 
        DCT:core/loop_6:loop_6:acc#1                                                                             mgc_addc_20_0_20_0_20                                0.3582 3.7808 
        DCT:core/loop_6:loop_6:acc#1.ctmp.sva#1                                                                                                                       0.0000 3.7808 
        DCT:core/mux1h                                                                                           mgc_mux1hot_20_4                                     0.4808 4.2616 
        DCT:core/mux1h.itm                                                                                                                                            0.0000 4.2616 
        DCT:core/reg(buf(0))                                                                                     mgc_reg_pos_20_0_0_1_1_1_1                           0.0000 4.2616 
                                                                                                                                                                                    
      7                                                                                                          DCT:core/DCT:core_core:fsm:inst DCT:core/reg(buf(0)) 4.2616 5.7384 
                                                                                                                                                                                    
        Instance                                                                                                 Component                                            Delta  Delay  
        --------                                                                                                 ---------                                            -----  -----  
        DCT:core/DCT:core_core:fsm:inst                                                                          DCT:core_core:fsm                                    0.0000 0.0000 
        DCT:core/fsm_output                                                                                                                                           0.0000 0.0000 
        DCT:core/slc(fsm_output)(8)#1                                                                                                                                 0.0000 0.0000 
        DCT:core/slc(fsm_output)(8)#1.itm                                                                                                                             0.0000 0.0000 
        DCT:core/or#165                                                                                          mgc_or_1_2                                           0.1763 0.1763 
        DCT:core/or.tmp#83                                                                                                                                            0.0000 0.1763 
        DCT:core/loop_6:mux1h#1                                                                                  mgc_mux1hot_17_3                                     0.1763 0.3526 
        DCT:core/loop_6:mux1h#1.itm                                                                                                                                   0.0000 0.3526 
        DCT:core/loop_6:and#1                                                                                    mgc_and_17_2                                         0.1763 0.5288 
        DCT:core/loop_6:and#1.itm                                                                                                                                     0.0000 0.5288 
        DCT:core/loop_6:conc#2                                                                                                                                        0.0000 0.5288 
        DCT:core/loop_6:conc#2.itm                                                                                                                                    0.0000 0.5288 
        DCT:core/loop_4:mul#2:rg                                                                                 mgc_mul_14_1_20_1_32                                 1.4125 1.9413 
        DCT:core/z.out                                                                                                                                                0.0000 1.9413 
        DCT:core/operator*<40,16,true,AC_TRN,AC_WRAP>:mul#1                                                      mgc_mul_2_1_32_0_32                                  1.4813 3.4226 
        DCT:core/operator*<40,16,true,AC_TRN,AC_WRAP>:mul#1.itm                                                                                                       0.0000 3.4226 
        DCT:core/operator*<40,16,true,AC_TRN,AC_WRAP>:slc(operator*<40,16,true,AC_TRN,AC_WRAP>:mul#1)(31-12)                                                          0.0000 3.4226 
        DCT:core/operator*<40,16,true,AC_TRN,AC_WRAP>:slc(operator*<40,16,true,AC_TRN,AC_WRAP>:mul#1)(31-12).itm                                                      0.0000 3.4226 
        DCT:core/loop_6:loop_6:acc#1                                                                             mgc_addc_20_0_20_0_20                                0.3582 3.7808 
        DCT:core/loop_6:loop_6:acc#1.ctmp.sva#1                                                                                                                       0.0000 3.7808 
        DCT:core/mux1h                                                                                           mgc_mux1hot_20_4                                     0.4808 4.2616 
        DCT:core/mux1h.itm                                                                                                                                            0.0000 4.2616 
        DCT:core/reg(buf(0))                                                                                     mgc_reg_pos_20_0_0_1_1_1_1                           0.0000 4.2616 
                                                                                                                                                                                    
      8                                                                                                          DCT:core/DCT:core_core:fsm:inst DCT:core/reg(buf(0)) 4.2616 5.7384 
                                                                                                                                                                                    
        Instance                                                                                                 Component                                            Delta  Delay  
        --------                                                                                                 ---------                                            -----  -----  
        DCT:core/DCT:core_core:fsm:inst                                                                          DCT:core_core:fsm                                    0.0000 0.0000 
        DCT:core/fsm_output                                                                                                                                           0.0000 0.0000 
        DCT:core/slc(fsm_output)(14)#9                                                                                                                                0.0000 0.0000 
        DCT:core/slc(fsm_output)(14)#9.itm                                                                                                                            0.0000 0.0000 
        DCT:core/or#184                                                                                          mgc_or_1_2                                           0.1763 0.1763 
        DCT:core/or#184.cse                                                                                                                                           0.0000 0.1763 
        DCT:core/loop_6:or#2                                                                                     mgc_or_1_2                                           0.1763 0.3526 
        DCT:core/loop_6:or#2.itm                                                                                                                                      0.0000 0.3526 
        DCT:core/loop_6:mux1h#7                                                                                  mgc_mux1hot_2_3                                      0.1763 0.5288 
        DCT:core/loop_6:mux1h#7.itm                                                                                                                                   0.0000 0.5288 
        DCT:core/loop_6:conc#2                                                                                                                                        0.0000 0.5288 
        DCT:core/loop_6:conc#2.itm                                                                                                                                    0.0000 0.5288 
        DCT:core/loop_4:mul#2:rg                                                                                 mgc_mul_14_1_20_1_32                                 1.4125 1.9413 
        DCT:core/z.out                                                                                                                                                0.0000 1.9413 
        DCT:core/operator*<40,16,true,AC_TRN,AC_WRAP>:mul#1                                                      mgc_mul_2_1_32_0_32                                  1.4813 3.4226 
        DCT:core/operator*<40,16,true,AC_TRN,AC_WRAP>:mul#1.itm                                                                                                       0.0000 3.4226 
        DCT:core/operator*<40,16,true,AC_TRN,AC_WRAP>:slc(operator*<40,16,true,AC_TRN,AC_WRAP>:mul#1)(31-12)                                                          0.0000 3.4226 
        DCT:core/operator*<40,16,true,AC_TRN,AC_WRAP>:slc(operator*<40,16,true,AC_TRN,AC_WRAP>:mul#1)(31-12).itm                                                      0.0000 3.4226 
        DCT:core/loop_6:loop_6:acc#1                                                                             mgc_addc_20_0_20_0_20                                0.3582 3.7808 
        DCT:core/loop_6:loop_6:acc#1.ctmp.sva#1                                                                                                                       0.0000 3.7808 
        DCT:core/mux1h                                                                                           mgc_mux1hot_20_4                                     0.4808 4.2616 
        DCT:core/mux1h.itm                                                                                                                                            0.0000 4.2616 
        DCT:core/reg(buf(0))                                                                                     mgc_reg_pos_20_0_0_1_1_1_1                           0.0000 4.2616 
                                                                                                                                                                                    
      9                                                                                                          DCT:core/DCT:core_core:fsm:inst DCT:core/reg(buf(0)) 4.2616 5.7384 
                                                                                                                                                                                    
        Instance                                                                                                 Component                                            Delta  Delay  
        --------                                                                                                 ---------                                            -----  -----  
        DCT:core/DCT:core_core:fsm:inst                                                                          DCT:core_core:fsm                                    0.0000 0.0000 
        DCT:core/fsm_output                                                                                                                                           0.0000 0.0000 
        DCT:core/slc(fsm_output)(14)#9                                                                                                                                0.0000 0.0000 
        DCT:core/slc(fsm_output)(14)#9.itm                                                                                                                            0.0000 0.0000 
        DCT:core/or#184                                                                                          mgc_or_1_2                                           0.1763 0.1763 
        DCT:core/or#184.cse                                                                                                                                           0.0000 0.1763 
        DCT:core/loop_6:or#1                                                                                     mgc_or_1_2                                           0.1763 0.3526 
        DCT:core/loop_6:or#1.itm                                                                                                                                      0.0000 0.3526 
        DCT:core/loop_6:mux1h#5                                                                                  mgc_mux1hot_2_3                                      0.1763 0.5288 
        DCT:core/loop_6:mux1h#5.itm                                                                                                                                   0.0000 0.5288 
        DCT:core/loop_6:conc                                                                                                                                          0.0000 0.5288 
        DCT:core/loop_6:conc.itm                                                                                                                                      0.0000 0.5288 
        DCT:core/loop_4:mul#2:rg                                                                                 mgc_mul_14_1_20_1_32                                 1.4125 1.9413 
        DCT:core/z.out                                                                                                                                                0.0000 1.9413 
        DCT:core/operator*<40,16,true,AC_TRN,AC_WRAP>:mul#1                                                      mgc_mul_2_1_32_0_32                                  1.4813 3.4226 
        DCT:core/operator*<40,16,true,AC_TRN,AC_WRAP>:mul#1.itm                                                                                                       0.0000 3.4226 
        DCT:core/operator*<40,16,true,AC_TRN,AC_WRAP>:slc(operator*<40,16,true,AC_TRN,AC_WRAP>:mul#1)(31-12)                                                          0.0000 3.4226 
        DCT:core/operator*<40,16,true,AC_TRN,AC_WRAP>:slc(operator*<40,16,true,AC_TRN,AC_WRAP>:mul#1)(31-12).itm                                                      0.0000 3.4226 
        DCT:core/loop_6:loop_6:acc#1                                                                             mgc_addc_20_0_20_0_20                                0.3582 3.7808 
        DCT:core/loop_6:loop_6:acc#1.ctmp.sva#1                                                                                                                       0.0000 3.7808 
        DCT:core/mux1h                                                                                           mgc_mux1hot_20_4                                     0.4808 4.2616 
        DCT:core/mux1h.itm                                                                                                                                            0.0000 4.2616 
        DCT:core/reg(buf(0))                                                                                     mgc_reg_pos_20_0_0_1_1_1_1                           0.0000 4.2616 
                                                                                                                                                                                    
      10                                                                                                         DCT:core/DCT:core_core:fsm:inst DCT:core/reg(buf(0)) 4.2616 5.7384 
                                                                                                                                                                                    
        Instance                                                                                                 Component                                            Delta  Delay  
        --------                                                                                                 ---------                                            -----  -----  
        DCT:core/DCT:core_core:fsm:inst                                                                          DCT:core_core:fsm                                    0.0000 0.0000 
        DCT:core/fsm_output                                                                                                                                           0.0000 0.0000 
        DCT:core/slc(fsm_output)(4)#9                                                                                                                                 0.0000 0.0000 
        DCT:core/slc(fsm_output)(4)#9.itm                                                                                                                             0.0000 0.0000 
        DCT:core/or#184                                                                                          mgc_or_1_2                                           0.1763 0.1763 
        DCT:core/or#184.cse                                                                                                                                           0.0000 0.1763 
        DCT:core/loop_6:or#1                                                                                     mgc_or_1_2                                           0.1763 0.3526 
        DCT:core/loop_6:or#1.itm                                                                                                                                      0.0000 0.3526 
        DCT:core/loop_6:mux1h#5                                                                                  mgc_mux1hot_2_3                                      0.1763 0.5288 
        DCT:core/loop_6:mux1h#5.itm                                                                                                                                   0.0000 0.5288 
        DCT:core/loop_6:conc                                                                                                                                          0.0000 0.5288 
        DCT:core/loop_6:conc.itm                                                                                                                                      0.0000 0.5288 
        DCT:core/loop_4:mul#2:rg                                                                                 mgc_mul_14_1_20_1_32                                 1.4125 1.9413 
        DCT:core/z.out                                                                                                                                                0.0000 1.9413 
        DCT:core/operator*<40,16,true,AC_TRN,AC_WRAP>:mul#1                                                      mgc_mul_2_1_32_0_32                                  1.4813 3.4226 
        DCT:core/operator*<40,16,true,AC_TRN,AC_WRAP>:mul#1.itm                                                                                                       0.0000 3.4226 
        DCT:core/operator*<40,16,true,AC_TRN,AC_WRAP>:slc(operator*<40,16,true,AC_TRN,AC_WRAP>:mul#1)(31-12)                                                          0.0000 3.4226 
        DCT:core/operator*<40,16,true,AC_TRN,AC_WRAP>:slc(operator*<40,16,true,AC_TRN,AC_WRAP>:mul#1)(31-12).itm                                                      0.0000 3.4226 
        DCT:core/loop_6:loop_6:acc#1                                                                             mgc_addc_20_0_20_0_20                                0.3582 3.7808 
        DCT:core/loop_6:loop_6:acc#1.ctmp.sva#1                                                                                                                       0.0000 3.7808 
        DCT:core/mux1h                                                                                           mgc_mux1hot_20_4                                     0.4808 4.2616 
        DCT:core/mux1h.itm                                                                                                                                            0.0000 4.2616 
        DCT:core/reg(buf(0))                                                                                     mgc_reg_pos_20_0_0_1_1_1_1                           0.0000 4.2616 
                                                                                                                                                                                    
      
    Register Input and Register-to-Output Slack
      Clock period or pin-to-reg delay constraint (clk): 10.0
      Clock uncertainty constraint (clk)               : 0.0
      
      Instance                                                                       Port                                 Slack (Delay) Messages 
      ------------------------------------------------------------------------------ ---------------------------------- ------- ------- --------
      DCT:core/reg(dst:rsci.idat)                                                    mdst.data:rsci.q_d.mxwt             9.0387  0.9613          
      DCT:core/reg(loop_lmm:i(11:0).sva(10:0))                                       loop_lmm:i:loop_lmm:i:and.itm       6.7390  3.2610          
      DCT:core/reg(dst:rsci.oswt)                                                    slc(fsm_output)(26).itm            10.0000  0.0000          
      DCT:core/reg(src:rsci.oswt)                                                    loop_lmm:nor.itm                    9.5449  0.4551          
      DCT:core/reg(mdst.data:rsci.oswt)                                              or#99.rmff                          9.4712  0.5288          
      DCT:core/reg(msrc.data:rsci.oswt)                                              slc(fsm_output)(4)#6.itm           10.0000  0.0000          
      DCT:core/reg(buf(1))                                                           mux1h#7.itm                         6.0429  3.9571          
      DCT:core/reg(buf(2))                                                           mux1h#6.itm                         6.0429  3.9571          
      DCT:core/reg(buf(3))                                                           mux1h#5.itm                         6.0429  3.9571          
      DCT:core/reg(buf(4))                                                           mux1h#4.itm                         6.0429  3.9571          
      DCT:core/reg(buf(5))                                                           mux1h#3.itm                         6.0429  3.9571          
      DCT:core/reg(buf(6))                                                           mux1h#2.itm                         6.0429  3.9571          
      DCT:core/reg(buf(7))                                                           mux1h#1.itm                         6.0429  3.9571          
      DCT:core/reg(buf(0))                                                           mux1h.itm                           5.7384  4.2616          
      DCT:core/reg(loop_2:j(11:3).sva(7:0))                                          loop_2:j:loop_2:j:loop_2:j:and.itm  7.0915  2.9085          
      DCT:core/reg(loop_3:k(3:0).sva(2:0))                                           loop_3:k:loop_3:k:loop_3:k:and.itm  8.8285  1.1715          
      DCT:core/reg(loop_11:x(3:0).sva(2:0))                                          loop_3:k:and#1.itm                  9.0048  0.9952          
      DCT:core/reg(loop_11:and.stg_1_0)                                              mdst.data:nor#2.cse                 8.8365  1.1635          
      DCT:core/reg(loop_11:and.stg_1_1)                                              loop_11:and.stg_1_1.sva#1           9.1410  0.8590          
      DCT:core/reg(loop_11:and.stg_1_2)                                              loop_11:and.stg_1_2.sva#1           9.1410  0.8590          
      DCT:core/reg(loop_11:and.stg_1_3)                                              loop_11:and.stg_1_3.sva#1           9.1410  0.8590          
      DCT:core/reg(loop_12:y(3:0).sva(2:0))                                          loop_12:y:loop_12:y:and.itm         9.6218  0.3782          
      DCT:core/reg(loop_12:mux#8)                                                    loop_12:loop_12:mux1h.itm           9.0641  0.9359          
      DCT:core/reg(loop_12:mux#9)                                                    loop_12:mux#1.itm                   7.0050  2.9950          
      DCT:core/reg(loop_12:y(3:0))                                                   z.out#1                             8.6522  1.3478          
      DCT:core/reg(loop_12:asn#23)                                                   loop_12:mux#2.itm                   9.0387  0.9613          
      DCT:core/reg(loop_12:slc(loop_12:acc#9)(3))                                    loop_6:slc(z.out#2)(3-0).itm        7.2678  2.7322          
      DCT:core:dst:rsci:dst:wait_dp/reg(dst:rsci.bcwt)                               loop_out:nor.itm                    8.8397  1.1603          
      DCT:core:src:rsci:src:wait_dp/reg(src:rsci.bcwt)                               loop_lmm:nor.itm                    8.8397  1.1603          
      DCT:core:src:rsci:src:wait_dp/reg(src:rsci.idat.bfwt)                          src:rsci.idat.mxwt                  9.8718  0.1282          
      DCT:core:mdst.data:rsci#1:mdst.data:rsc.@:wait_dp/reg(mdst.data:rsci.bcwt)     loop_4:nor.itm                      8.8397  1.1603          
      DCT:core:mdst.data:rsci#1:mdst.data:rsc.@:wait_dp/reg(mdst.data:rsci.q_d.bfwt) mdst.data:rsci.q_d.mxwt             9.0644  0.9356          
      DCT:core:msrc.data:rsci#1:msrc.data:rsc.@:wait_dp/reg(msrc.data:rsci.bcwt)     loop_lmm:nor#2.itm                  8.8397  1.1603          
      DCT:core:msrc.data:rsci#1:msrc.data:rsc.@:wait_dp/reg(msrc.data:rsci.q_d.bfwt) msrc.data:rsci.q_d.mxwt             9.0644  0.9356          
      DCT:core:staller/reg(core.wten)                                                not.itm                             9.1923  0.8077          
      DCT                                                                            dst:rsc.dat                         9.7212  0.2788          
      DCT                                                                            dst:rsc.vld                         9.7212  0.2788          
      DCT                                                                            src:rsc.rdy                         9.7212  0.2788          
      
  Operator Bitwidth Summary
    Operation  Size (bits) Count 
    ---------- ----------- -----
    add                          
    -                    9     1 
    -                    4     1 
    -                   20     1 
    -                   12     1 
    and                          
    -                    8     2 
    -                    3     4 
    -                   20     2 
    -                   17     1 
    -                   11     6 
    -                    1    54 
    mul                          
    -                   32     2 
    mux                          
    -                    8     2 
    -                    3     3 
    -                   20     4 
    -                    2     1 
    -                   14     2 
    -                   12     1 
    -                   11     1 
    -                    1    13 
    mux1h                        
    -                    5     1 
    -                    3     2 
    -                   20     9 
    -                    2     3 
    -                   19     1 
    -                   17     1 
    -                   11     1 
    -                    1     2 
    nand                         
    -                    1     8 
    nor                          
    -                    1    31 
    not                          
    -                    1    55 
    or                           
    -                    1    50 
    read_port                    
    -                   20     1 
    read_ram                     
    -                   20     2 
    reg                          
    -                    8     1 
    -                    4     1 
    -                    3     3 
    -                   20    14 
    -                   14     1 
    -                   11     1 
    -                    1    14 
    write_port                   
    -                    0     1 
    
  End of Report
