//  Catapult Ultra Synthesis 10.4b/841621 (Production Release) Thu Oct 24 17:20:07 PDT 2019
//  
//  Copyright (c) Mentor Graphics Corporation, 1996-2019, All Rights Reserved.
//                        UNPUBLISHED, LICENSED SOFTWARE.
//             CONFIDENTIAL AND PROPRIETARY INFORMATION WHICH IS THE
//                 PROPERTY OF MENTOR GRAPHICS OR ITS LICENSORS
//  
//  Running on Linux mdk@mdk-FX504 5.0.0-37-generic x86_64 aol
//  
//  Package information: SIFLIBS v23.4_2.0, HLS_PKGS v23.4_2.0, 
//                       SIF_TOOLKITS v23.4_2.0, SIF_XILINX v23.4_2.0, 
//                       SIF_ALTERA v23.4_2.0, CCS_LIBS v23.4_2.0, 
//                       CDS_PPRO v10.3a_3, CDS_DesigChecker v10.4b, 
//                       CDS_OASYS v19.1_2.4, CDS_PSR v19.1_1.16, 
//                       DesignPad v2.78_1.0
//  
//  Start time Fri Jan  3 06:35:45 2020
# -------------------------------------------------
# Logging session transcript to file "/tmp/log10981982a37e5.0"
# Loading options from '$HOME/.catapult/10.4b-841621.aol.reg'.
solution file add ./dct.cpp
# /INPUTFILES/1
go analyze
# Info: Starting transformation 'analyze' on solution 'solution.v1' (SOL-8)
# Moving session transcript to file "/home/mdk/Spector-HLS/dct/catapult/src/catapult.log"
# Front End called with arguments: -- /home/mdk/Spector-HLS/dct/catapult/src/dct.cpp (CIN-69)
# Edison Design Group C++/C Front End - Version 5.0 (CIN-1)
# $PROJECT_HOME/dct.cpp(25): Pragma 'hls_design<top>' detected on routine 'DCT' (CIN-6)
# solution design add DCT -type top -unlocked (HC-1)
# Source file analysis completed (CIN-68)
# Info: Completed transformation 'analyze' on solution 'solution.v1': elapsed time 1.05 seconds, memory usage 1369692kB, peak memory usage 1369692kB (SOL-9)
go compile
# Info: Starting transformation 'compile' on solution 'solution.v1' (SOL-8)
# Generating synthesis internal form... (CIN-3)
# $PROJECT_HOME/dct.cpp(26): Found top design routine 'DCT' specified by directive (CIN-52)
# $PROJECT_HOME/dct.cpp(26): Found top design routine 'DCT' specified by directive (CIN-52)
# $PROJECT_HOME/dct.cpp(26): Synthesizing routine 'DCT' (CIN-13)
# Warning: $PROJECT_HOME/dct.cpp(4): Instantiating global variable 'C' which may be accessed outside this scope (CIN-18)
# Info: Optimizing partition '/DCT/C:init': (Total ops = 17, Real ops = 0, Vars = 0) (SOL-10)
# Info: Optimizing partition '/DCT/C:init': (Total ops = 1, Real ops = 0, Vars = 0) (SOL-10)
# Info: Optimizing partition '/DCT/C:init': (Total ops = 1, Real ops = 0, Vars = 0) (SOL-10)
# Info: Optimizing partition '/DCT/C:init': (Total ops = 1, Real ops = 0, Vars = 0) (SOL-10)
# Warning: $MGC_HOME/shared/include/ac_int.h(155): Instantiating global variable 'all_ones' which may be accessed outside this scope (CIN-18)
# Info: Optimizing partition '/DCT/all_ones:init': (Total ops = 2, Real ops = 0, Vars = 0) (SOL-10)
# Info: Optimizing partition '/DCT/all_ones:init': (Total ops = 1, Real ops = 0, Vars = 0) (SOL-10)
# Info: Optimizing partition '/DCT/all_ones:init': (Total ops = 1, Real ops = 0, Vars = 0) (SOL-10)
# Info: Optimizing partition '/DCT/all_ones:init': (Total ops = 1, Real ops = 0, Vars = 0) (SOL-10)
# Warning: $PROJECT_HOME/dct.cpp(3): Instantiating global variable 'C_norm' which may be accessed outside this scope (CIN-18)
# Info: Optimizing partition '/DCT/C_norm:init': (Total ops = 2, Real ops = 0, Vars = 0) (SOL-10)
# Info: Optimizing partition '/DCT/C_norm:init': (Total ops = 1, Real ops = 0, Vars = 0) (SOL-10)
# Info: Optimizing partition '/DCT/C_norm:init': (Total ops = 1, Real ops = 0, Vars = 0) (SOL-10)
# Info: Optimizing partition '/DCT/C_norm:init': (Total ops = 1, Real ops = 0, Vars = 0) (SOL-10)
# $PROJECT_HOME/dct.cpp(26): Inlining routine 'DCT' (CIN-14)
# $MGC_HOME/shared/include/ac_fixed.h(1237): Inlining routine 'operator*<40, 16, true, AC_TRN, AC_WRAP>' (CIN-14)
# $MGC_HOME/shared/include/ac_fixed.h(1237): Inlining routine 'operator*<40, 16, true, AC_TRN, AC_WRAP>' (CIN-14)
# $PROJECT_HOME/dct.cpp(26): Optimizing block '/DCT' ... (CIN-4)
# $PROJECT_HOME/dct.cpp(26): INOUT port 'dst' is only used as an output. (OPT-11)
# $PROJECT_HOME/dct.cpp(26): INOUT port 'src' is only used as an input. (OPT-10)
# Info: Optimizing partition '/DCT': (Total ops = 243, Real ops = 104, Vars = 77) (SOL-10)
# Info: Optimizing partition '/DCT/core': (Total ops = 243, Real ops = 104, Vars = 75) (SOL-10)
# Info: Optimizing partition '/DCT/core': (Total ops = 239, Real ops = 104, Vars = 59) (SOL-10)
# Info: Optimizing partition '/DCT': (Total ops = 239, Real ops = 104, Vars = 61) (SOL-10)
# Info: $PROJECT_HOME/dct.cpp(34): Splitting object 'pref' into 2 segments (OPT-19)
# Info: $PROJECT_HOME/dct.cpp(42): Splitting object 'pref#1' into 2 segments (OPT-19)
# Info: $PROJECT_HOME/dct.cpp(44): Splitting object 'pref#2' into 2 segments (OPT-19)
# Info: $PROJECT_HOME/dct.cpp(44): Splitting object 'pref#3' into 2 segments (OPT-19)
# Info: $PROJECT_HOME/dct.cpp(44): Splitting object 'pref:pref.pref#3' into 2 segments (OPT-19)
# Info: $PROJECT_HOME/dct.cpp(44): Splitting object 'pref#4' into 2 segments (OPT-19)
# Info: $PROJECT_HOME/dct.cpp(44): Splitting object 'pref:pref.pref#4' into 2 segments (OPT-19)
# Info: $PROJECT_HOME/dct.cpp(44): Splitting object 'pref:pref.pref.pref#1' into 2 segments (OPT-19)
# Info: $PROJECT_HOME/dct.cpp(44): Splitting object 'loop_6:_qr' into 2 segments (OPT-19)
# Info: $MGC_HOME/shared/include/ac_fixed.h(1237): Splitting object 'operator*<40,16,true,AC_TRN,AC_WRAP>:return' into 3 segments (OPT-19)
# Info: $MGC_HOME/shared/include/ac_fixed.h(1237): Splitting object 'operator*<40,16,true,AC_TRN,AC_WRAP>:i_op' into 2 segments (OPT-19)
# Info: $MGC_HOME/shared/include/ac_fixed.h(1123): Splitting object 'operator*<40,16,true,AC_TRN,AC_WRAP>:ac_fixed:cctor' into 2 segments (OPT-19)
# Info: $PROJECT_HOME/dct.cpp(46): Splitting object 'pref#5' into 2 segments (OPT-19)
# Info: $PROJECT_HOME/dct.cpp(48): Splitting object 'pref#6' into 2 segments (OPT-19)
# Info: $PROJECT_HOME/dct.cpp(48): Splitting object 'pref#7' into 2 segments (OPT-19)
# Info: $PROJECT_HOME/dct.cpp(48): Splitting object 'pref:pref.pref#7' into 2 segments (OPT-19)
# Info: $PROJECT_HOME/dct.cpp(55): Splitting object 'pref#8' into 2 segments (OPT-19)
# Info: $PROJECT_HOME/dct.cpp(57): Splitting object 'pref#9' into 2 segments (OPT-19)
# Info: $PROJECT_HOME/dct.cpp(57): Splitting object 'pref#10' into 2 segments (OPT-19)
# Info: $PROJECT_HOME/dct.cpp(57): Splitting object 'pref:pref.pref#10' into 2 segments (OPT-19)
# Info: $PROJECT_HOME/dct.cpp(57): Splitting object 'pref#11' into 2 segments (OPT-19)
# Info: $PROJECT_HOME/dct.cpp(57): Splitting object 'pref:pref.pref#11' into 2 segments (OPT-19)
# Info: $PROJECT_HOME/dct.cpp(57): Splitting object 'pref:pref.pref.pref#7' into 2 segments (OPT-19)
# Info: $PROJECT_HOME/dct.cpp(57): Splitting object 'loop_12:_qr' into 2 segments (OPT-19)
# Info: $MGC_HOME/shared/include/ac_fixed.h(1237): Splitting object 'operator*<40,16,true,AC_TRN,AC_WRAP>:return#1' into 3 segments (OPT-19)
# Info: $MGC_HOME/shared/include/ac_fixed.h(1237): Splitting object 'operator*<40,16,true,AC_TRN,AC_WRAP>:i_op#1' into 2 segments (OPT-19)
# Info: $MGC_HOME/shared/include/ac_fixed.h(1123): Splitting object 'operator*<40,16,true,AC_TRN,AC_WRAP>#1:ac_fixed:cctor' into 2 segments (OPT-19)
# Info: $PROJECT_HOME/dct.cpp(59): Splitting object 'pref#12' into 2 segments (OPT-19)
# Info: $PROJECT_HOME/dct.cpp(61): Splitting object 'pref#13' into 2 segments (OPT-19)
# Info: $PROJECT_HOME/dct.cpp(61): Splitting object 'pref#14' into 2 segments (OPT-19)
# Info: $PROJECT_HOME/dct.cpp(61): Splitting object 'pref:pref.pref#14' into 2 segments (OPT-19)
# Info: $PROJECT_HOME/dct.cpp(68): Splitting object 'pref#15' into 2 segments (OPT-19)
# Info: $PROJECT_HOME/dct.cpp(68): Splitting object 'pref:pref.pref#15' into 2 segments (OPT-19)
# Info: $PROJECT_HOME/dct.cpp(68): Splitting object 'pref:pref.pref.pref#12' into 2 segments (OPT-19)
# Info: Optimizing partition '/DCT/core': (Total ops = 229, Real ops = 90, Vars = 103) (SOL-10)
# Info: Optimizing partition '/DCT/core': (Total ops = 238, Real ops = 75, Vars = 22) (SOL-10)
# Info: Optimizing partition '/DCT': (Total ops = 238, Real ops = 75, Vars = 24) (SOL-10)
# Info: Optimizing partition '/DCT/core': (Total ops = 238, Real ops = 75, Vars = 22) (SOL-10)
# Info: Optimizing partition '/DCT/core': (Total ops = 234, Real ops = 74, Vars = 23) (SOL-10)
# Info: Optimizing partition '/DCT': (Total ops = 234, Real ops = 74, Vars = 25) (SOL-10)
# Info: Optimizing partition '/DCT': (Total ops = 234, Real ops = 74, Vars = 25) (SOL-10)
# Info: $PROJECT_HOME/dct.cpp(37): Splitting object 'loop_1:i' into 2 segments (OPT-19)
# Info: $PROJECT_HOME/dct.cpp(44): Splitting object 'loop_6:_qr(31:1)' into 2 segments (OPT-19)
# Info: $PROJECT_HOME/dct.cpp(57): Splitting object 'loop_12:_qr(31:1)' into 2 segments (OPT-19)
# Info: Optimizing partition '/DCT/core': (Total ops = 231, Real ops = 74, Vars = 29) (SOL-10)
# $PROJECT_HOME/dct.cpp(33): Loop '/DCT/core/loop_lmm' iterated at most 2048 times. (LOOP-2)
# $PROJECT_HOME/dct.cpp(43): Loop '/DCT/core/loop_6' iterated at most 8 times. (LOOP-2)
# $PROJECT_HOME/dct.cpp(41): Loop '/DCT/core/loop_5' iterated at most 8 times. (LOOP-2)
# $PROJECT_HOME/dct.cpp(47): Loop '/DCT/core/loop_7' iterated at most 7 times. (LOOP-2)
# $PROJECT_HOME/dct.cpp(40): Loop '/DCT/core/loop_4' iterated at most 1 times. (LOOP-2)
# $PROJECT_HOME/dct.cpp(39): Loop '/DCT/core/loop_3' iterated at most 8 times. (LOOP-2)
# $PROJECT_HOME/dct.cpp(56): Loop '/DCT/core/loop_12' iterated at most 8 times. (LOOP-2)
# $PROJECT_HOME/dct.cpp(54): Loop '/DCT/core/loop_11' iterated at most 8 times. (LOOP-2)
# $PROJECT_HOME/dct.cpp(60): Loop '/DCT/core/loop_13' iterated at most 7 times. (LOOP-2)
# $PROJECT_HOME/dct.cpp(53): Loop '/DCT/core/loop_10' iterated at most 1 times. (LOOP-2)
# $PROJECT_HOME/dct.cpp(52): Loop '/DCT/core/loop_9' iterated at most 8 times. (LOOP-2)
# $PROJECT_HOME/dct.cpp(38): Loop '/DCT/core/loop_2' iterated at most 256 times. (LOOP-2)
# $PROJECT_HOME/dct.cpp(37): Loop '/DCT/core/loop_1' iterated at most 256 times. (LOOP-2)
# $PROJECT_HOME/dct.cpp(67): Loop '/DCT/core/loop_out' iterated at most 2048 times. (LOOP-2)
# Info: Optimizing partition '/DCT/core': (Total ops = 232, Real ops = 58, Vars = 24) (SOL-10)
# Info: Optimizing partition '/DCT/core': (Total ops = 157, Real ops = 28, Vars = 18) (SOL-10)
# Info: Optimizing partition '/DCT/core': (Total ops = 157, Real ops = 28, Vars = 16) (SOL-10)
# Info: Optimizing partition '/DCT': (Total ops = 157, Real ops = 28, Vars = 18) (SOL-10)
# Info: $PROJECT_HOME/dct.cpp(33): Splitting object 'loop_lmm:i' into 2 segments (OPT-19)
# Info: $PROJECT_HOME/dct.cpp(38): Splitting object 'loop_2:j' into 3 segments (OPT-19)
# Info: $PROJECT_HOME/dct.cpp(39): Splitting object 'loop_3:k' into 2 segments (OPT-19)
# Info: $PROJECT_HOME/dct.cpp(41): Splitting object 'loop_5:x' into 2 segments (OPT-19)
# Info: $PROJECT_HOME/dct.cpp(43): Splitting object 'loop_6:y' into 2 segments (OPT-19)
# Info: $PROJECT_HOME/dct.cpp(47): Splitting object 'loop_7:z' into 2 segments (OPT-19)
# Info: $PROJECT_HOME/dct.cpp(52): Splitting object 'loop_9:k' into 2 segments (OPT-19)
# Info: $PROJECT_HOME/dct.cpp(54): Splitting object 'loop_11:x' into 2 segments (OPT-19)
# Info: $PROJECT_HOME/dct.cpp(56): Splitting object 'loop_12:y' into 2 segments (OPT-19)
# Info: $PROJECT_HOME/dct.cpp(60): Splitting object 'loop_13:z' into 2 segments (OPT-19)
# Info: $PROJECT_HOME/dct.cpp(67): Splitting object 'loop_out:i' into 2 segments (OPT-19)
# Info: $PROJECT_HOME/dct.cpp(37): Splitting object 'loop_1:i(31:3)' into 2 segments (OPT-19)
# Info: Optimizing partition '/DCT/core': (Total ops = 145, Real ops = 28, Vars = 28) (SOL-10)
# Info: Optimizing partition '/DCT/core': (Total ops = 145, Real ops = 28, Vars = 16) (SOL-10)
# Info: Optimizing partition '/DCT': (Total ops = 145, Real ops = 28, Vars = 18) (SOL-10)
# Info: Optimizing partition '/DCT/core': (Total ops = 145, Real ops = 28, Vars = 16) (SOL-10)
# Info: Optimizing partition '/DCT': (Total ops = 145, Real ops = 28, Vars = 18) (SOL-10)
# Info: Optimizing partition '/DCT': (Total ops = 145, Real ops = 28, Vars = 18) (SOL-10)
# Info: Optimizing partition '/DCT/core': (Total ops = 145, Real ops = 28, Vars = 16) (SOL-10)
# Info: Optimizing partition '/DCT': (Total ops = 145, Real ops = 28, Vars = 18) (SOL-10)
# Info: Optimizing partition '/DCT/core': (Total ops = 145, Real ops = 28, Vars = 16) (SOL-10)
# Design 'DCT' was read (SOL-1)
# Makefile for Original Design + Testbench written to file './scverify/Verify_orig_cxx_osci.mk'
# Info: CDesignChecker Shell script written to '/home/mdk/Spector-HLS/dct/catapult/src/Catapult/DCT.v1/CDesignChecker/design_checker.sh'
# Info: Completed transformation 'compile' on solution 'DCT.v1': elapsed time 1.36 seconds, memory usage 1435228kB, peak memory usage 1435228kB (SOL-9)
solution library add mgc_Xilinx-VIRTEX-uplus-2_beh -- -rtlsyntool Vivado -manufacturer Xilinx -family VIRTEX-uplus -speed -2 -part xcvu13p-flga2577-2-i
solution library add Xilinx_RAMS
solution library add Xilinx_ROMS
solution library add Xilinx_FIFO
go libraries
# Info: Starting transformation 'libraries' on solution 'DCT.v1' (SOL-8)
# Reading component library '$MGC_HOME/pkgs/siflibs/mgc_busdefs.lib' [mgc_busdefs]... (LIB-49)
# Reading component library '$MGC_HOME/pkgs/siflibs/stdops.lib' [STDOPS]... (LIB-49)
# Reading component library '$MGC_HOME/pkgs/siflibs/ccs_ioport.lib' [ccs_ioport]... (LIB-49)
# Reading component library '$MGC_HOME/pkgs/siflibs/mgc_ioport.lib' [mgc_ioport]... (LIB-49)
# Reading component library '$MGC_HOME/pkgs/cds_assert/assert_ops.lib' [ASSERT_OPS]... (LIB-49)
# Reading component library '$MGC_HOME/pkgs/cds_assert/assert_mods.lib' [assert_mods]... (LIB-49)
# Reading component library '$MGC_HOME/pkgs/ccs_xilinx/mgc_Xilinx-VIRTEX-uplus-2_beh.lib' [mgc_Xilinx-VIRTEX-uplus-2_beh]... (LIB-49)
# Reading component library '$MGC_HOME/pkgs/ccs_xilinx/Xilinx_RAMS.lib' [Xilinx_RAMS]... (LIB-49)
# Reading component library '$MGC_HOME/pkgs/ccs_xilinx/Xilinx_ROMS.lib' [Xilinx_ROMS]... (LIB-49)
# Reading component library '$MGC_HOME/pkgs/ccs_xilinx/Xilinx_FIFO.lib' [Xilinx_FIFO]... (LIB-49)
# Info: Completed transformation 'libraries' on solution 'DCT.v1': elapsed time 0.32 seconds, memory usage 1435228kB, peak memory usage 1435228kB (SOL-9)
directive set -CLOCKS {clk {-CLOCK_PERIOD 10 -CLOCK_EDGE rising -CLOCK_HIGH_TIME 5 -CLOCK_OFFSET 0.000000 -CLOCK_UNCERTAINTY 0.0 -RESET_KIND sync -RESET_SYNC_NAME rst -RESET_SYNC_ACTIVE high -RESET_ASYNC_NAME arst_n -RESET_ASYNC_ACTIVE low -ENABLE_NAME {} -ENABLE_ACTIVE high}}
# /CLOCKS {clk {-CLOCK_PERIOD 10 -CLOCK_EDGE rising -CLOCK_HIGH_TIME 5 -CLOCK_OFFSET 0.000000 -CLOCK_UNCERTAINTY 0.0 -RESET_KIND sync -RESET_SYNC_NAME rst -RESET_SYNC_ACTIVE high -RESET_ASYNC_NAME arst_n -RESET_ASYNC_ACTIVE low -ENABLE_NAME {} -ENABLE_ACTIVE high}}
go assembly
# Info: Starting transformation 'assembly' on solution 'DCT.v1' (SOL-8)
# Info: Optimizing partition '/DCT': (Total ops = 146, Real ops = 29, Vars = 20) (SOL-10)
# Info: Optimizing partition '/DCT/core': (Total ops = 146, Real ops = 29, Vars = 16) (SOL-10)
# Info: Optimizing partition '/DCT': (Total ops = 146, Real ops = 29, Vars = 20) (SOL-10)
# Info: Completed transformation 'assembly' on solution 'DCT.v1': elapsed time 0.13 seconds, memory usage 1435228kB, peak memory usage 1435228kB (SOL-9)
go architect
# Info: Starting transformation 'loops' on solution 'DCT.v1' (SOL-8)
# Info: Optimizing partition '/DCT/core': (Total ops = 146, Real ops = 29, Vars = 16) (SOL-10)
# $PROJECT_HOME/dct.cpp(33): Loop '/DCT/core/loop_lmm' is left rolled. (LOOP-4)
# $PROJECT_HOME/dct.cpp(43): Loop '/DCT/core/loop_6' is left rolled. (LOOP-4)
# $PROJECT_HOME/dct.cpp(41): Loop '/DCT/core/loop_5' is left rolled. (LOOP-4)
# $PROJECT_HOME/dct.cpp(47): Loop '/DCT/core/loop_7' is left rolled. (LOOP-4)
# $PROJECT_HOME/dct.cpp(39): Loop '/DCT/core/loop_3' is left rolled. (LOOP-4)
# $PROJECT_HOME/dct.cpp(56): Loop '/DCT/core/loop_12' is left rolled. (LOOP-4)
# $PROJECT_HOME/dct.cpp(54): Loop '/DCT/core/loop_11' is left rolled. (LOOP-4)
# $PROJECT_HOME/dct.cpp(60): Loop '/DCT/core/loop_13' is left rolled. (LOOP-4)
# $PROJECT_HOME/dct.cpp(52): Loop '/DCT/core/loop_9' is left rolled. (LOOP-4)
# $PROJECT_HOME/dct.cpp(38): Loop '/DCT/core/loop_2' is left rolled. (LOOP-4)
# $PROJECT_HOME/dct.cpp(37): Loop '/DCT/core/loop_1' is left rolled. (LOOP-4)
# $PROJECT_HOME/dct.cpp(67): Loop '/DCT/core/loop_out' is left rolled. (LOOP-4)
# $PROJECT_HOME/dct.cpp(26): Loop '/DCT/core/main' is left rolled. (LOOP-4)
# Info: Completed transformation 'loops' on solution 'DCT.v1': elapsed time 0.06 seconds, memory usage 1435228kB, peak memory usage 1435228kB (SOL-9)
# Info: Starting transformation 'memories' on solution 'DCT.v1' (SOL-8)
# $PROJECT_HOME/dct.h(10): Memory Resource '/DCT/core/mdst.data:rsc' (from var: mdst.data) mapped to 'Xilinx_RAMS.BLOCK_1R1W_RBW' (size: 2048 x 20). (MEM-4)
# $PROJECT_HOME/dct.h(10): Memory Resource '/DCT/core/msrc.data:rsc' (from var: msrc.data) mapped to 'Xilinx_RAMS.BLOCK_1R1W_RBW' (size: 2048 x 20). (MEM-4)
# Info: $PROJECT_HOME/dct.cpp(36): Splitting object 'buf' into 8 segments (OPT-19)
# Info: Optimizing partition '/DCT': (Total ops = 390, Real ops = 157, Vars = 65) (SOL-10)
# Info: Optimizing partition '/DCT/core': (Total ops = 390, Real ops = 157, Vars = 61) (SOL-10)
# Info: Optimizing partition '/DCT/core': (Total ops = 342, Real ops = 135, Vars = 41) (SOL-10)
# Info: Optimizing partition '/DCT/core': (Total ops = 314, Real ops = 123, Vars = 33) (SOL-10)
# Info: Optimizing partition '/DCT': (Total ops = 314, Real ops = 123, Vars = 37) (SOL-10)
# Info: Completed transformation 'memories' on solution 'DCT.v1': elapsed time 0.27 seconds, memory usage 1435228kB, peak memory usage 1435228kB (SOL-9)
# Info: Starting transformation 'cluster' on solution 'DCT.v1' (SOL-8)
# Info: Completed transformation 'cluster' on solution 'DCT.v1': elapsed time 0.04 seconds, memory usage 1435228kB, peak memory usage 1435228kB (SOL-9)
# Info: Starting transformation 'architect' on solution 'DCT.v1' (SOL-8)
# Info: Optimizing partition '/DCT/core': (Total ops = 863, Real ops = 123, Vars = 345) (SOL-10)
# Info: Optimizing partition '/DCT/core': (Total ops = 422, Real ops = 123, Vars = 109) (SOL-10)
# Design 'DCT' contains '127' real operations. (SOL-11)
# Info: Completed transformation 'architect' on solution 'DCT.v1': elapsed time 0.32 seconds, memory usage 1435228kB, peak memory usage 1435228kB (SOL-9)
go allocate
# Info: Starting transformation 'allocate' on solution 'DCT.v1' (SOL-8)
# Performing concurrent resource allocation and scheduling on '/DCT/core' (CRAAS-1)
# Info: Select qualified components for data operations ... (CRAAS-3)
# Info: Apply resource constraints on data operations ... (CRAAS-4)
# $PROJECT_HOME/dct.cpp(56): Prescheduled LOOP '/DCT/core/loop_12' (2 c-steps) (SCHD-7)
# $PROJECT_HOME/dct.cpp(43): Prescheduled LOOP '/DCT/core/loop_6' (2 c-steps) (SCHD-7)
# $PROJECT_HOME/dct.cpp(60): Prescheduled LOOP '/DCT/core/loop_13' (2 c-steps) (SCHD-7)
# $PROJECT_HOME/dct.cpp(54): Prescheduled LOOP '/DCT/core/loop_11' (2 c-steps) (SCHD-7)
# $PROJECT_HOME/dct.cpp(47): Prescheduled LOOP '/DCT/core/loop_7' (2 c-steps) (SCHD-7)
# $PROJECT_HOME/dct.cpp(41): Prescheduled LOOP '/DCT/core/loop_5' (2 c-steps) (SCHD-7)
# $PROJECT_HOME/dct.cpp(52): Prescheduled LOOP '/DCT/core/loop_9' (3 c-steps) (SCHD-7)
# $PROJECT_HOME/dct.cpp(39): Prescheduled LOOP '/DCT/core/loop_3' (3 c-steps) (SCHD-7)
# $PROJECT_HOME/dct.cpp(38): Prescheduled LOOP '/DCT/core/loop_2' (1 c-steps) (SCHD-7)
# $PROJECT_HOME/dct.cpp(67): Prescheduled LOOP '/DCT/core/loop_out' (3 c-steps) (SCHD-7)
# $PROJECT_HOME/dct.cpp(37): Prescheduled LOOP '/DCT/core/loop_1' (1 c-steps) (SCHD-7)
# $PROJECT_HOME/dct.cpp(33): Prescheduled LOOP '/DCT/core/loop_lmm' (2 c-steps) (SCHD-7)
# $PROJECT_HOME/dct.cpp(26): Prescheduled LOOP '/DCT/core/main' (1 c-steps) (SCHD-7)
# $PROJECT_HOME/dct.cpp(26): Prescheduled LOOP '/DCT/core/core:rlp' (0 c-steps) (SCHD-7)
# $PROJECT_HOME/dct.cpp(26): Prescheduled SEQUENTIAL '/DCT/core' (total length 168896769 c-steps) (SCHD-8)
# Info: $PROJECT_HOME/dct.cpp(26): Initial schedule of SEQUENTIAL '/DCT/core': Latency = 168896767, Area (Datapath, Register, Total) = 3835.00, 0.00, 3835.00 (CRAAS-11)
# At least one feasible schedule exists. (CRAAS-9)
# Info: Optimized LOOP '/DCT/core/loop_12': Latency = 168896767, Area (Datapath, Register, Total) = 3835.00, 0.00, 3835.00 (CRAAS-10)
# Info: Optimized LOOP '/DCT/core/loop_12': Latency = 202451199, Area (Datapath, Register, Total) = 3835.00, 0.00, 3835.00 (CRAAS-10)
# Info: Optimized LOOP '/DCT/core/loop_6': Latency = 202451199, Area (Datapath, Register, Total) = 3168.00, 0.00, 3168.00 (CRAAS-10)
# Info: Optimized LOOP '/DCT/core/loop_6': Latency = 236005631, Area (Datapath, Register, Total) = 2501.00, 0.00, 2501.00 (CRAAS-10)
# Info: $PROJECT_HOME/dct.cpp(26): Final schedule of SEQUENTIAL '/DCT/core': Latency = 236005631, Area (Datapath, Register, Total) = 2501.00, 0.00, 2501.00 (CRAAS-12)
# Resource allocation and scheduling done. (CRAAS-2)
# Netlist written to file 'schedule.gnt' (NET-4)
# Info: Completed transformation 'allocate' on solution 'DCT.v1': elapsed time 0.49 seconds, memory usage 1435228kB, peak memory usage 1435228kB (SOL-9)
go extract
# Info: Starting transformation 'schedule' on solution 'DCT.v1' (SOL-8)
# Performing concurrent resource allocation and scheduling on '/DCT/core' (CRAAS-1)
# Global signal 'dst:rsc.rdy' added to design 'DCT' for component 'dst:rsci' (LIB-3)
# Global signal 'dst:rsc.vld' added to design 'DCT' for component 'dst:rsci' (LIB-3)
# Global signal 'dst:rsc.dat' added to design 'DCT' for component 'dst:rsci' (LIB-3)
# Global signal 'src:rsc.rdy' added to design 'DCT' for component 'src:rsci' (LIB-3)
# Global signal 'src:rsc.vld' added to design 'DCT' for component 'src:rsci' (LIB-3)
# Global signal 'src:rsc.dat' added to design 'DCT' for component 'src:rsci' (LIB-3)
# Info: $PROJECT_HOME/dct.cpp(34): Creating buffer for wait controller for component 'src:rsc' (SCHD-46)
# Global signal 'mdst.data:rsc.we' added to design 'DCT' for component 'mdst.data:rsci' (LIB-3)
# Global signal 'mdst.data:rsc.d' added to design 'DCT' for component 'mdst.data:rsci' (LIB-3)
# Global signal 'mdst.data:rsc.wadr' added to design 'DCT' for component 'mdst.data:rsci' (LIB-3)
# Global signal 'mdst.data:rsc.re' added to design 'DCT' for component 'mdst.data:rsci' (LIB-3)
# Global signal 'mdst.data:rsc.q' added to design 'DCT' for component 'mdst.data:rsci' (LIB-3)
# Global signal 'mdst.data:rsc.radr' added to design 'DCT' for component 'mdst.data:rsci' (LIB-3)
# Info: $PROJECT_HOME/dct.cpp(46): Creating buffer for wait controller for component 'mdst.data:rsc' (SCHD-46)
# Global signal 'msrc.data:rsc.we' added to design 'DCT' for component 'msrc.data:rsci' (LIB-3)
# Global signal 'msrc.data:rsc.d' added to design 'DCT' for component 'msrc.data:rsci' (LIB-3)
# Global signal 'msrc.data:rsc.wadr' added to design 'DCT' for component 'msrc.data:rsci' (LIB-3)
# Global signal 'msrc.data:rsc.re' added to design 'DCT' for component 'msrc.data:rsci' (LIB-3)
# Global signal 'msrc.data:rsc.q' added to design 'DCT' for component 'msrc.data:rsci' (LIB-3)
# Global signal 'msrc.data:rsc.radr' added to design 'DCT' for component 'msrc.data:rsci' (LIB-3)
# Info: $PROJECT_HOME/dct.cpp(34): Creating buffer for wait controller for component 'msrc.data:rsc' (SCHD-46)
# Info: Optimizing partition '/DCT': (Total ops = 2161, Real ops = 230, Vars = 511) (SOL-10)
# Info: $PROJECT_HOME/dct.h(10): Splitting object 'mdst.data:rsci.radr_d.core' into 2 segments (OPT-19)
# Info: $PROJECT_HOME/dct.h(10): Splitting object 'mdst.data:rsci.wadr_d.core' into 2 segments (OPT-19)
# Info: $PROJECT_HOME/dct.h(10): Splitting object 'msrc.data:rsci.radr_d.core' into 2 segments (OPT-19)
# Info: $PROJECT_HOME/dct.cpp(33): Splitting object 'loop_lmm:i(11:0).sva' into 2 segments (OPT-19)
# Info: $PROJECT_HOME/dct.cpp(37): Splitting object 'loop_1:i(11:3).sva' into 2 segments (OPT-19)
# Info: $PROJECT_HOME/dct.cpp(38): Splitting object 'loop_2:j(11:3).sva' into 2 segments (OPT-19)
# Info: $PROJECT_HOME/dct.cpp(39): Splitting object 'loop_3:k(3:0).sva' into 2 segments (OPT-19)
# Info: $PROJECT_HOME/dct.cpp(41): Splitting object 'loop_5:x(3:0).sva' into 2 segments (OPT-19)
# Info: $PROJECT_HOME/dct.cpp(43): Splitting object 'loop_6:y(3:0).sva' into 2 segments (OPT-19)
# Info: $PROJECT_HOME/dct.cpp(47): Splitting object 'loop_7:z(3:0).sva' into 2 segments (OPT-19)
# Info: $PROJECT_HOME/dct.cpp(52): Splitting object 'loop_9:k(3:0).sva' into 2 segments (OPT-19)
# Info: $PROJECT_HOME/dct.cpp(54): Splitting object 'loop_11:x(3:0).sva' into 2 segments (OPT-19)
# Info: $PROJECT_HOME/dct.cpp(56): Splitting object 'loop_12:y(3:0).sva' into 2 segments (OPT-19)
# Info: $PROJECT_HOME/dct.cpp(60): Splitting object 'loop_13:z(3:0).sva' into 2 segments (OPT-19)
# Info: $PROJECT_HOME/dct.cpp(67): Splitting object 'loop_out:i(11:0).sva' into 2 segments (OPT-19)
# Info: Optimizing partition '/DCT/DCT:core/core': (Total ops = 1536, Real ops = 127, Vars = 149) (SOL-10)
# Info: Optimizing partition '/DCT/DCT:core/core': (Total ops = 1382, Real ops = 127, Vars = 106) (SOL-10)
# Info: Optimizing partition '/DCT': (Total ops = 1772, Real ops = 192, Vars = 447) (SOL-10)
# Info: $PROJECT_HOME/dct.h(10): Splitting object 'mdst.data:rsci.d_d.core' into 2 segments (OPT-19)
# Info: Optimizing partition '/DCT/DCT:core/core': (Total ops = 1378, Real ops = 127, Vars = 106) (SOL-10)
# Info: Optimizing partition '/DCT': (Total ops = 1743, Real ops = 192, Vars = 427) (SOL-10)
# Info: Optimizing partition '/DCT/DCT:core/core': (Total ops = 1378, Real ops = 127, Vars = 106) (SOL-10)
# Info: Optimizing partition '/DCT': (Total ops = 1727, Real ops = 190, Vars = 413) (SOL-10)
# Info: Optimizing partition '/DCT/DCT:core/core': (Total ops = 1378, Real ops = 127, Vars = 106) (SOL-10)
# Info: Optimizing partition '/DCT': (Total ops = 1723, Real ops = 190, Vars = 407) (SOL-10)
# Info: Optimizing partition '/DCT/DCT:core/core': (Total ops = 1378, Real ops = 127, Vars = 106) (SOL-10)
# Info: Optimizing partition '/DCT': (Total ops = 1721, Real ops = 190, Vars = 405) (SOL-10)
# Info: Optimizing partition '/DCT/DCT:core/core': (Total ops = 1378, Real ops = 127, Vars = 108) (SOL-10)
# Info: Optimizing partition '/DCT/DCT:core/core': (Total ops = 1315, Real ops = 127, Vars = 106) (SOL-10)
# Info: Optimizing partition '/DCT': (Total ops = 1658, Real ops = 190, Vars = 403) (SOL-10)
# Report written to file 'cycle.rpt'
# Info: Completed transformation 'schedule' on solution 'DCT.v1': elapsed time 5.42 seconds, memory usage 1435364kB, peak memory usage 1435364kB (SOL-9)
# Info: Starting transformation 'dpfsm' on solution 'DCT.v1' (SOL-8)
# Performing FSM extraction... (FSM-1)
# Info: Optimizing partition '/DCT/DCT:core/core': (Total ops = 1315, Real ops = 127, Vars = 106) (SOL-10)
# Creating shared register 'buf(1).lpi#5' for variables 'buf(1).lpi#5, buf(1).sva#4, buf(1).lpi#8, buf(1).sva#2, buf(1).sva#1, buf(1).sva#3' (5 registers deleted). (FSM-3)
# Creating shared register 'buf(2).lpi#5' for variables 'buf(2).lpi#5, buf(2).sva#4, buf(2).lpi#8, buf(2).sva#2, buf(2).sva#1, buf(2).sva#3' (5 registers deleted). (FSM-3)
# Creating shared register 'buf(3).lpi#5' for variables 'buf(3).lpi#5, buf(3).sva#4, buf(3).lpi#8, buf(3).sva#2, buf(3).sva#1, buf(3).sva#3' (5 registers deleted). (FSM-3)
# Creating shared register 'buf(4).lpi#5' for variables 'buf(4).lpi#5, buf(4).sva#4, buf(4).lpi#8, buf(4).sva#2, buf(4).sva#1, buf(4).sva#3' (5 registers deleted). (FSM-3)
# Creating shared register 'buf(5).lpi#5' for variables 'buf(5).lpi#5, buf(5).sva#4, buf(5).lpi#8, buf(5).sva#2, buf(5).sva#1, buf(5).sva#3' (5 registers deleted). (FSM-3)
# Creating shared register 'buf(6).lpi#5' for variables 'buf(6).lpi#5, buf(6).sva#4, buf(6).lpi#8, buf(6).sva#2, buf(6).sva#1, buf(6).sva#3' (5 registers deleted). (FSM-3)
# Creating shared register 'buf(7).lpi#5' for variables 'buf(7).lpi#5, buf(7).sva#4, buf(7).lpi#8, buf(7).sva#2, buf(7).sva#1, buf(7).sva#3' (5 registers deleted). (FSM-3)
# Creating shared register 'buf(0).lpi#5' for variables 'buf(0).lpi#5, buf(0).lpi#8, buf(0).sva#2, buf(0).sva#4, buf(0).sva#1, buf(0).sva#3' (5 registers deleted). (FSM-3)
# Creating shared register 'loop_12:asn#23.itm' for variables 'loop_12:asn#23.itm, loop_6:asn#31.itm' (1 register deleted). (FSM-2)
# Creating shared register 'loop_12:mux#8.itm' for variables 'loop_12:mux#8.itm, loop_6:mux#8.itm' (1 register deleted). (FSM-2)
# Creating shared register 'loop_11:and.stg_1_0.sva' for variables 'loop_11:and.stg_1_0.sva, loop_5:and.stg_1_0.sva' (1 register deleted). (FSM-2)
# Creating shared register 'loop_11:and.stg_1_1.sva' for variables 'loop_11:and.stg_1_1.sva, loop_5:and.stg_1_1.sva' (1 register deleted). (FSM-2)
# Creating shared register 'loop_11:and.stg_1_2.sva' for variables 'loop_11:and.stg_1_2.sva, loop_5:and.stg_1_2.sva' (1 register deleted). (FSM-2)
# Creating shared register 'loop_11:and.stg_1_3.sva' for variables 'loop_11:and.stg_1_3.sva, loop_5:and.stg_1_3.sva' (1 register deleted). (FSM-2)
# Creating shared register 'loop_12:slc(loop_12:acc#9)(3).itm' for variables 'loop_12:slc(loop_12:acc#9)(3).itm, loop_6:slc(loop_6:acc#9)(3).itm' (1 register deleted). (FSM-2)
# Creating shared register 'loop_11:x(3:0).sva(2:0)' for variables 'loop_11:x(3:0).sva(2:0), loop_5:x(3:0).sva(2:0), loop_13:z(3:0).sva(2:0), loop_7:z(3:0).sva(2:0)' (3 registers deleted). (FSM-3)
# Creating shared register 'loop_12:y(3:0).sva(2:0)' for variables 'loop_12:y(3:0).sva(2:0), loop_6:y(3:0).sva(2:0)' (1 register deleted). (FSM-2)
# Creating shared register 'loop_3:k(3:0).sva(2:0)' for variables 'loop_3:k(3:0).sva(2:0), loop_9:k(3:0).sva(2:0)' (1 register deleted). (FSM-2)
# Creating shared register 'loop_12:mux#9.itm' for variables 'loop_12:mux#9.itm, loop_6:mux#9.itm' (1 register deleted). (FSM-2)
# Creating shared register 'loop_12:y(3:0).sva#1' for variables 'loop_12:y(3:0).sva#1, loop_13:z(3:0).sva#1, loop_6:y(3:0).sva#1, loop_7:z(3:0).sva#1' (3 registers deleted). (FSM-3)
# Creating shared register 'loop_lmm:i(11:0).sva#1' for variables 'loop_lmm:i(11:0).sva#1, loop_out:i(11:0).sva#1' (1 register deleted). (FSM-2)
# Creating shared register 'loop_lmm:i(11:0).sva(10:0)' for variables 'loop_lmm:i(11:0).sva(10:0), loop_out:i(11:0).sva(10:0)' (1 register deleted). (FSM-2)
# Creating shared register 'buf(0).lpi#5' for variables 'buf(0).lpi#5, buf(0).lpi#8, buf(0).sva#2, buf(0).sva#4, buf(0).sva#1, buf(0).sva#3, loop_lmm:i(11:0).sva#1, loop_out:i(11:0).sva#1' (1 register deleted). (FSM-2)
# Creating shared register 'loop_lmm:i(11:0).sva(10:0)' for variables 'loop_lmm:i(11:0).sva(10:0), loop_out:i(11:0).sva(10:0), loop_1:i(11:3).sva(7:0)' (1 register deleted). (FSM-2)
# Info: Optimizing partition '/DCT': (Total ops = 1341, Real ops = 598, Vars = 1267) (SOL-10)
# Info: Optimizing partition '/DCT/DCT:core/DCT:core_core:fsm': (Total ops = 31, Real ops = 2, Vars = 17) (SOL-10)
# Info: Optimizing partition '/DCT/DCT:core/DCT:core_core:fsm/DCT:core_core:fsm': (Total ops = 30, Real ops = 1, Vars = 1) (SOL-10)
# Info: Optimizing partition '/DCT': (Total ops = 1003, Real ops = 384, Vars = 388) (SOL-10)
# Info: Optimizing partition '/DCT/DCT:core/DCT:core_core:fsm': (Total ops = 31, Real ops = 2, Vars = 17) (SOL-10)
# Info: Optimizing partition '/DCT/DCT:core/DCT:core_core:fsm/DCT:core_core:fsm': (Total ops = 30, Real ops = 1, Vars = 1) (SOL-10)
# Info: Optimizing partition '/DCT': (Total ops = 918, Real ops = 323, Vars = 337) (SOL-10)
# Info: Optimizing partition '/DCT/DCT:core/DCT:core_core:fsm': (Total ops = 31, Real ops = 2, Vars = 17) (SOL-10)
# Info: Optimizing partition '/DCT/DCT:core/DCT:core_core:fsm/DCT:core_core:fsm': (Total ops = 30, Real ops = 1, Vars = 1) (SOL-10)
# Info: Optimizing partition '/DCT': (Total ops = 895, Real ops = 322, Vars = 320) (SOL-10)
# Info: Optimizing partition '/DCT/DCT:core/DCT:core_core:fsm': (Total ops = 31, Real ops = 2, Vars = 17) (SOL-10)
# Info: Optimizing partition '/DCT/DCT:core/DCT:core_core:fsm/DCT:core_core:fsm': (Total ops = 30, Real ops = 1, Vars = 1) (SOL-10)
# Info: Optimizing partition '/DCT': (Total ops = 889, Real ops = 322, Vars = 308) (SOL-10)
# Info: Optimizing partition '/DCT': (Total ops = 962, Real ops = 325, Vars = 386) (SOL-10)
# Info: Optimizing partition '/DCT/DCT:core/DCT:core_core:fsm': (Total ops = 31, Real ops = 2, Vars = 17) (SOL-10)
# Info: Optimizing partition '/DCT/DCT:core/DCT:core_core:fsm/DCT:core_core:fsm': (Total ops = 30, Real ops = 1, Vars = 1) (SOL-10)
# Info: Optimizing partition '/DCT': (Total ops = 936, Real ops = 321, Vars = 337) (SOL-10)
# Info: Optimizing partition '/DCT/DCT:core/DCT:core_core:fsm': (Total ops = 31, Real ops = 2, Vars = 17) (SOL-10)
# Info: Optimizing partition '/DCT/DCT:core/DCT:core_core:fsm/DCT:core_core:fsm': (Total ops = 30, Real ops = 1, Vars = 1) (SOL-10)
# Info: Optimizing partition '/DCT': (Total ops = 905, Real ops = 312, Vars = 327) (SOL-10)
# Info: Optimizing partition '/DCT/DCT:core/DCT:core_core:fsm': (Total ops = 31, Real ops = 2, Vars = 17) (SOL-10)
# Info: Optimizing partition '/DCT/DCT:core/DCT:core_core:fsm/DCT:core_core:fsm': (Total ops = 30, Real ops = 1, Vars = 1) (SOL-10)
# Info: Optimizing partition '/DCT': (Total ops = 903, Real ops = 312, Vars = 323) (SOL-10)
# Info: Optimizing partition '/DCT/DCT:core/DCT:core_core:fsm': (Total ops = 31, Real ops = 2, Vars = 17) (SOL-10)
# Info: Optimizing partition '/DCT/DCT:core/DCT:core_core:fsm/DCT:core_core:fsm': (Total ops = 30, Real ops = 1, Vars = 1) (SOL-10)
# Info: Optimizing partition '/DCT': (Total ops = 901, Real ops = 312, Vars = 321) (SOL-10)
# Info: Optimizing partition '/DCT/DCT:core/DCT:core_core:fsm': (Total ops = 31, Real ops = 2, Vars = 17) (SOL-10)
# Info: Optimizing partition '/DCT/DCT:core/DCT:core_core:fsm/DCT:core_core:fsm': (Total ops = 30, Real ops = 1, Vars = 1) (SOL-10)
# Info: Optimizing partition '/DCT': (Total ops = 898, Real ops = 310, Vars = 318) (SOL-10)
# Info: Optimizing partition '/DCT/DCT:core/DCT:core_core:fsm': (Total ops = 31, Real ops = 2, Vars = 17) (SOL-10)
# Info: Optimizing partition '/DCT': (Total ops = 898, Real ops = 310, Vars = 318) (SOL-10)
# Info: Optimizing partition '/DCT': (Total ops = 898, Real ops = 310, Vars = 318) (SOL-10)
# Info: Optimizing partition '/DCT/DCT:core/DCT:core_core:fsm': (Total ops = 31, Real ops = 2, Vars = 17) (SOL-10)
# Info: Optimizing partition '/DCT/DCT:core/DCT:core_core:fsm/DCT:core_core:fsm': (Total ops = 30, Real ops = 1, Vars = 1) (SOL-10)
# Info: Optimizing partition '/DCT': (Total ops = 898, Real ops = 310, Vars = 318) (SOL-10)
# Info: Optimizing partition '/DCT/DCT:core/DCT:core_core:fsm': (Total ops = 31, Real ops = 2, Vars = 17) (SOL-10)
# Info: Optimizing partition '/DCT/DCT:core/DCT:core_core:fsm/DCT:core_core:fsm': (Total ops = 30, Real ops = 1, Vars = 1) (SOL-10)
# Info: Optimizing partition '/DCT': (Total ops = 898, Real ops = 310, Vars = 318) (SOL-10)
# Info: Optimizing partition '/DCT': (Total ops = 874, Real ops = 297, Vars = 316) (SOL-10)
# Info: Completed transformation 'dpfsm' on solution 'DCT.v1': elapsed time 0.89 seconds, memory usage 1369828kB, peak memory usage 1435364kB (SOL-9)
# Info: Starting transformation 'instance' on solution 'DCT.v1' (SOL-8)
# Reassigned operation loop_6:acc#10:DEFAULT to mgc_add(8,0,2,0,9) (ASG-1)
# Reassigned operation loop_6:acc#12:DEFAULT to mgc_add(8,0,2,0,9) (ASG-1)
# Reassigned operation loop_2:acc#5:mgc_add(8,0,2,1,9) to mgc_add(8,0,2,0,9) (ASG-1)
# Reassigned operation loop_1:acc#5:mgc_add(8,0,2,1,9) to mgc_add(8,0,2,0,9) (ASG-1)
# Shared Operations loop_6:mul#5,loop_6:mul#7,loop_6:mul#9,loop_4:mul#2 on resource loop_4:mul#2:rg:mgc_mul(14,1,20,1,32) (ASG-3)
# Shared Operations loop_12:acc#7,loop_7:acc#5,loop_3:acc#1 on resource loop_12:acc#7:rg:mgc_add(3,0,2,1,4) (ASG-3)
# Shared Operations loop_6:acc#10,loop_6:acc#12,loop_2:acc#5,loop_1:acc#5 on resource loop_1:acc#5:rg:mgc_add(8,0,2,0,9) (ASG-3)
# Info: Optimizing partition '/DCT': (Total ops = 954, Real ops = 304, Vars = 866) (SOL-10)
# Info: Optimizing partition '/DCT/DCT:core/DCT:core_core:fsm': (Total ops = 31, Real ops = 2, Vars = 17) (SOL-10)
# Info: Optimizing partition '/DCT/DCT:core/DCT:core_core:fsm/DCT:core_core:fsm': (Total ops = 30, Real ops = 1, Vars = 1) (SOL-10)
# Info: Optimizing partition '/DCT': (Total ops = 875, Real ops = 280, Vars = 345) (SOL-10)
# Info: Optimizing partition '/DCT/DCT:core/DCT:core_core:fsm': (Total ops = 31, Real ops = 2, Vars = 17) (SOL-10)
# Info: Optimizing partition '/DCT/DCT:core/DCT:core_core:fsm/DCT:core_core:fsm': (Total ops = 30, Real ops = 1, Vars = 1) (SOL-10)
# Info: Optimizing partition '/DCT': (Total ops = 894, Real ops = 288, Vars = 317) (SOL-10)
# Info: Optimizing partition '/DCT/DCT:core/DCT:core_core:fsm': (Total ops = 31, Real ops = 2, Vars = 17) (SOL-10)
# Info: Optimizing partition '/DCT/DCT:core/DCT:core_core:fsm/DCT:core_core:fsm': (Total ops = 30, Real ops = 1, Vars = 1) (SOL-10)
# Info: Optimizing partition '/DCT': (Total ops = 863, Real ops = 282, Vars = 314) (SOL-10)
# Info: Optimizing partition '/DCT': (Total ops = 865, Real ops = 285, Vars = 316) (SOL-10)
# Info: Optimizing partition '/DCT/DCT:core/DCT:core_core:fsm': (Total ops = 31, Real ops = 2, Vars = 17) (SOL-10)
# Info: Optimizing partition '/DCT/DCT:core/DCT:core_core:fsm/DCT:core_core:fsm': (Total ops = 30, Real ops = 1, Vars = 1) (SOL-10)
# Info: Optimizing partition '/DCT': (Total ops = 865, Real ops = 285, Vars = 314) (SOL-10)
# Info: Optimizing partition '/DCT/DCT:core/DCT:core_core:fsm': (Total ops = 31, Real ops = 2, Vars = 17) (SOL-10)
# Info: Optimizing partition '/DCT': (Total ops = 900, Real ops = 320, Vars = 338) (SOL-10)
# Info: Optimizing partition '/DCT': (Total ops = 900, Real ops = 320, Vars = 338) (SOL-10)
# Info: Optimizing partition '/DCT/DCT:core/DCT:core_core:fsm': (Total ops = 31, Real ops = 2, Vars = 17) (SOL-10)
# Info: Optimizing partition '/DCT/DCT:core/DCT:core_core:fsm/DCT:core_core:fsm': (Total ops = 30, Real ops = 1, Vars = 1) (SOL-10)
# Info: Optimizing partition '/DCT': (Total ops = 881, Real ops = 302, Vars = 338) (SOL-10)
# Info: Optimizing partition '/DCT': (Total ops = 881, Real ops = 302, Vars = 338) (SOL-10)
# Info: Optimizing partition '/DCT/DCT:core/DCT:core_core:fsm': (Total ops = 31, Real ops = 2, Vars = 17) (SOL-10)
# Info: Optimizing partition '/DCT/DCT:core/DCT:core_core:fsm/DCT:core_core:fsm': (Total ops = 30, Real ops = 1, Vars = 1) (SOL-10)
# Netlist written to file 'schematic.nlv' (NET-4)
# Info: Completed transformation 'instance' on solution 'DCT.v1': elapsed time 0.75 seconds, memory usage 1369828kB, peak memory usage 1435364kB (SOL-9)
# Info: Starting transformation 'extract' on solution 'DCT.v1' (SOL-8)
# Info: Optimizing partition '/DCT': (Total ops = 881, Real ops = 302, Vars = 793) (SOL-10)
# Info: Optimizing partition '/DCT/DCT:core/DCT:core_core:fsm': (Total ops = 31, Real ops = 2, Vars = 17) (SOL-10)
# Info: Optimizing partition '/DCT/DCT:core/DCT:core_core:fsm/DCT:core_core:fsm': (Total ops = 30, Real ops = 1, Vars = 1) (SOL-10)
# Info: Optimizing partition '/DCT': (Total ops = 881, Real ops = 298, Vars = 360) (SOL-10)
# Info: Optimizing partition '/DCT/DCT:core/DCT:core_core:fsm': (Total ops = 31, Real ops = 2, Vars = 17) (SOL-10)
# Info: Optimizing partition '/DCT/DCT:core/DCT:core_core:fsm/DCT:core_core:fsm': (Total ops = 30, Real ops = 1, Vars = 1) (SOL-10)
# Info: Optimizing partition '/DCT': (Total ops = 880, Real ops = 298, Vars = 339) (SOL-10)
# Info: Optimizing partition '/DCT/DCT:core/DCT:core_core:fsm': (Total ops = 31, Real ops = 2, Vars = 17) (SOL-10)
# Info: Optimizing partition '/DCT/DCT:core/DCT:core_core:fsm/DCT:core_core:fsm': (Total ops = 30, Real ops = 1, Vars = 1) (SOL-10)
# Info: Optimizing partition '/DCT': (Total ops = 877, Real ops = 298, Vars = 339) (SOL-10)
# Info: Optimizing partition '/DCT/DCT:core/DCT:core_core:fsm': (Total ops = 31, Real ops = 2, Vars = 17) (SOL-10)
# Info: Optimizing partition '/DCT/DCT:core/DCT:core_core:fsm/DCT:core_core:fsm': (Total ops = 30, Real ops = 1, Vars = 1) (SOL-10)
# Info: Optimizing partition '/DCT/DCT:core/DCT:core_core:fsm': (Total ops = 31, Real ops = 2, Vars = 17) (SOL-10)
# Info: Optimizing partition '/DCT/DCT:core/DCT:core_core:fsm/DCT:core_core:fsm': (Total ops = 30, Real ops = 1, Vars = 1) (SOL-10)
# Info: Optimizing partition '/DCT': (Total ops = 869, Real ops = 301, Vars = 339) (SOL-10)
# Info: Optimizing partition '/DCT/DCT:core/DCT:core_core:fsm': (Total ops = 31, Real ops = 2, Vars = 17) (SOL-10)
# Info: Optimizing partition '/DCT/DCT:core/DCT:core_core:fsm/DCT:core_core:fsm': (Total ops = 30, Real ops = 1, Vars = 1) (SOL-10)
# Report written to file 'rtl.rpt'
# Generating scverify_top.cpp
# Netlist written to file 'rtl.vhdl' (NET-4)
# generate concat
# order file name is: rtl.vhdl_order.txt
# Add dependent file: /usr/local/bin/Mentor_Graphics/Catapult_Synthesis_10.4b-841621/Mgc_home/pkgs/siflibs/ccs_out_wait_v1.vhd
# Add dependent file: /usr/local/bin/Mentor_Graphics/Catapult_Synthesis_10.4b-841621/Mgc_home/pkgs/siflibs/ccs_in_wait_v1.vhd
# Add dependent file: /usr/local/bin/Mentor_Graphics/Catapult_Synthesis_10.4b-841621/Mgc_home/pkgs/ccs_xilinx/hdl/BLOCK_1R1W_RBW.vhd
# Add dependent file: ./rtl.vhdl
# Finished writing concatenated file: /home/mdk/Spector-HLS/dct/catapult/src/Catapult/DCT.v1/concat_rtl.vhdl
# order file name is: rtl.vhdl_order_sim.txt
# Add dependent file: /usr/local/bin/Mentor_Graphics/Catapult_Synthesis_10.4b-841621/Mgc_home/pkgs/siflibs/ccs_out_wait_v1.vhd
# Add dependent file: /usr/local/bin/Mentor_Graphics/Catapult_Synthesis_10.4b-841621/Mgc_home/pkgs/siflibs/ccs_in_wait_v1.vhd
# Add dependent file: /usr/local/bin/Mentor_Graphics/Catapult_Synthesis_10.4b-841621/Mgc_home/pkgs/ccs_xilinx/hdl/BLOCK_1R1W_RBW.vhd
# Add dependent file: ./rtl.vhdl
# Finished writing concatenated simulation file: /home/mdk/Spector-HLS/dct/catapult/src/Catapult/DCT.v1/concat_sim_rtl.vhdl
# Generating SCVerify testbench files
# Makefile for RTL VHDL output 'rtl.vhdl' vs Untimed C++ written to file './scverify/Verify_rtl_vhdl_msim.mk'
# Info: Xilinx Vivado synthesis script written to 'vivado_vhdl/rtl.vhdl.xv'
# Info: Xilinx Vivado synthesis script written to 'vivado_concat_vhdl/concat_rtl.vhdl.xv'
# Makefile for Concat RTL VHDL output 'concat_sim_rtl.vhdl' vs Untimed C++ written to file './scverify/Verify_concat_sim_rtl_vhdl_msim.mk'
# Netlist written to file 'rtl.v' (NET-4)
# generate concat
# order file name is: rtl.v_order.txt
# Add dependent file: /usr/local/bin/Mentor_Graphics/Catapult_Synthesis_10.4b-841621/Mgc_home/pkgs/siflibs/ccs_out_wait_v1.v
# Add dependent file: /usr/local/bin/Mentor_Graphics/Catapult_Synthesis_10.4b-841621/Mgc_home/pkgs/siflibs/ccs_in_wait_v1.v
# Add dependent file: /usr/local/bin/Mentor_Graphics/Catapult_Synthesis_10.4b-841621/Mgc_home/pkgs/ccs_xilinx/hdl/BLOCK_1R1W_RBW.v
# Add dependent file: ./rtl.v
# Finished writing concatenated file: /home/mdk/Spector-HLS/dct/catapult/src/Catapult/DCT.v1/concat_rtl.v
# order file name is: rtl.v_order_sim.txt
# Add dependent file: /usr/local/bin/Mentor_Graphics/Catapult_Synthesis_10.4b-841621/Mgc_home/pkgs/siflibs/ccs_out_wait_v1.v
# Add dependent file: /usr/local/bin/Mentor_Graphics/Catapult_Synthesis_10.4b-841621/Mgc_home/pkgs/siflibs/ccs_in_wait_v1.v
# Add dependent file: /usr/local/bin/Mentor_Graphics/Catapult_Synthesis_10.4b-841621/Mgc_home/pkgs/ccs_xilinx/hdl/BLOCK_1R1W_RBW.v
# Add dependent file: ./rtl.v
# Finished writing concatenated simulation file: /home/mdk/Spector-HLS/dct/catapult/src/Catapult/DCT.v1/concat_sim_rtl.v
# Makefile for RTL Verilog output 'rtl.v' vs Untimed C++ written to file './scverify/Verify_rtl_v_msim.mk'
# Info: Xilinx Vivado synthesis script written to 'vivado_v/rtl.v.xv'
# Info: Xilinx Vivado synthesis script written to 'vivado_concat_v/concat_rtl.v.xv'
# Makefile for Concat RTL Verilog output 'concat_sim_rtl.v' vs Untimed C++ written to file './scverify/Verify_concat_sim_rtl_v_msim.mk'
# Info: Completed transformation 'extract' on solution 'DCT.v1': elapsed time 3.77 seconds, memory usage 1369828kB, peak memory usage 1435364kB (SOL-9)
quit
# Saving project file '/home/mdk/Spector-HLS/dct/catapult/src/Catapult.ccs'. (PRJ-5)
// Finish time Fri Jan  3 06:37:21 2020, time elapsed 1:36, peak memory 1.37GB, exit status 0
